MATLAB is selecting SOFTWARE OPENGL rendering.

                            < M A T L A B (R) >
                  Copyright 1984-2022 The MathWorks, Inc.
             R2022a Update 4 (9.12.0.2009381) 64-bit (glnxa64)
                                July 7, 2022

 
To get started, type doc.
For product information, visit www.mathworks.com.
 
sub-HUBS06_ses-1_task-epiproj_LR_surf_subcort_222_32k_fsLR_smooth1
done fake nifti
++ 3dTstat: AFNI version=AFNI_24.1.11 (May 10 2024) [64-bit]
++ Authored by: KR Hammett & RW Cox
++ Output dataset ./sub-HUBS06_ses-1_task-epiproj_LR_surf_subcort_222_32k_fsLR_smooth1_mean.nii
++ 3dcalc: AFNI version=AFNI_24.1.11 (May 10 2024) [64-bit]
++ Authored by: A cast of thousands
++ Output dataset ./sub-HUBS06_ses-1_task-epiproj_LR_surf_subcort_222_32k_fsLR_smooth1_scale.nii
++ 3dDeconvolve: AFNI version=AFNI_24.1.11 (May 10 2024) [64-bit]
++ Authored by: B. Douglas Ward, et al.
++ loading dataset /projects/b1081/NSF_HUBS/Nifti/derivatives/TaskStats_CIFTI_23.2.0/sub-HUBS06/task_glm_outputs/epiproj/scale/sub-HUBS06_ses-1_task-epiproj_LR_surf_subcort_222_32k_fsLR_smooth1_scale.nii
++ forcibly using TR=1.3550 seconds for -input dataset
++ Skipping check for initial transients
++ Imaging duration=624.7 s; Automatic polort=5
++ -stim_times using TR=1.355 s for stimulus timing conversion
++ -stim_times using TR=1.355 s for any -iresp output datasets
++  [you can alter the -iresp TR via the -TR_times option]
++ ** -stim_times NOTE ** guessing GLOBAL times if 1 time per line; LOCAL otherwise
++ ** GUESSED ** -stim_times 1 using LOCAL times
++ ** GUESSED ** -stim_times 2 using LOCAL times
++ ** GUESSED ** -stim_times 3 using LOCAL times
++ ** GUESSED ** -stim_times 4 using LOCAL times
++ ** GUESSED ** -stim_times 5 using LOCAL times
++ ** GUESSED ** -stim_times 6 using LOCAL times
------------------------------------------------------------
GLT matrix from 'SYM: pastself -presentself':
   0   0   0   0   0   0   0  -1   1   0   0   0 
 
------------------------------------------------------------
GLT matrix from 'SYM: futureself -presentself':
   0   0   0   0   0   0   1  -1   0   0   0   0 
 
------------------------------------------------------------
GLT matrix from 'SYM: futureself +pastself +presentself -futurenonself -pastnonself -presentnonself':
   0   0   0   0   0   0   1   1   1  -1  -1  -1 
 
++ Number of time points: 461 (no censoring)
 + Number of parameters:  12 [6 baseline ; 6 signal]
++ total shared memory needed = 373,543,800 bytes (about 374 million)
++ mmap() memory allocated: 373,543,800 bytes (about 374 million)
++ Memory required for output bricks = 373,543,800 bytes (about 374 million)
++ Wrote matrix image to file /projects/b1081/NSF_HUBS/Nifti/derivatives/TaskStats_CIFTI_23.2.0/sub-HUBS06/task_glm_outputs/epiproj/stats/sub-HUBS06_ses-1_task-epiproj_X.jpg
++ Wrote matrix values to file /projects/b1081/NSF_HUBS/Nifti/derivatives/TaskStats_CIFTI_23.2.0/sub-HUBS06/task_glm_outputs/epiproj/stats/sub-HUBS06_ses-1_task-epiproj_X.xmat.1D
++ ========= Things you can do with the matrix file =========
++ (a) Linear regression with ARMA(1,1) modeling of serial correlation:

3dREMLfit -matrix /projects/b1081/NSF_HUBS/Nifti/derivatives/TaskStats_CIFTI_23.2.0/sub-HUBS06/task_glm_outputs/epiproj/stats/sub-HUBS06_ses-1_task-epiproj_X.xmat.1D -input /projects/b1081/NSF_HUBS/Nifti/derivatives/TaskStats_CIFTI_23.2.0/sub-HUBS06/task_glm_outputs/epiproj/scale/sub-HUBS06_ses-1_task-epiproj_LR_surf_subcort_222_32k_fsLR_smooth1_scale.nii \
 -fout -tout -Rbuck /projects/b1081/NSF_HUBS/Nifti/derivatives/TaskStats_CIFTI_23.2.0/sub-HUBS06/task_glm_outputs/epiproj/stats/sub-HUBS06_ses-1_task-epiproj_stats_REML -Rvar /projects/b1081/NSF_HUBS/Nifti/derivatives/TaskStats_CIFTI_23.2.0/sub-HUBS06/task_glm_outputs/epiproj/stats/sub-HUBS06_ses-1_task-epiproj_stats_REMLvar \
 -Rfitts /projects/b1081/NSF_HUBS/Nifti/derivatives/TaskStats_CIFTI_23.2.0/sub-HUBS06/task_glm_outputs/epiproj/stats/sub-HUBS06_ses-1_task-epiproj_fitts_REML \
 -Rerrts /projects/b1081/NSF_HUBS/Nifti/derivatives/TaskStats_CIFTI_23.2.0/sub-HUBS06/task_glm_outputs/epiproj/stats/sub-HUBS06_ses-1_task-epiproj_errts_REML -verb
 
++ N.B.: 3dREMLfit command above written to file /projects/b1081/NSF_HUBS/Nifti/derivatives/TaskStats_CIFTI_23.REML_cmd
++ (b) Visualization/analysis of the matrix via ExamineXmat.R
++ (c) Synthesis of sub-model datasets using 3dSynthesize
++ ==========================================================
++ ----- Signal+Baseline matrix condition [X] (461x12):  1.74626  ++ VERY GOOD ++
++ ----- Signal-only matrix condition [X] (461x6):  1.00021  ++ VERY GOOD ++
++ ----- Baseline-only matrix condition [X] (461x6):  1.01182  ++ VERY GOOD ++
++ ----- polort-only matrix condition [X] (461x6):  1.01182  ++ VERY GOOD ++
++ +++++ Matrix inverse average error = 3.91368e-16  ++ VERY GOOD ++
++ Matrix setup time = 0.93 s
++ Voxels in dataset: 98301
++ Voxels per job:    12287
++ Job #1: processing voxels 12287 to 24573; elapsed time=1.536
++ Job #2: processing voxels 24574 to 36860; elapsed time=1.550
++ Job #3: processing voxels 36861 to 49147; elapsed time=1.564
++ Job #4: processing voxels 49148 to 61434; elapsed time=1.579
++ Job #5: processing voxels 61435 to 73721; elapsed time=1.593
++ Job #6: processing voxels 73722 to 86008; elapsed time=1.608
++ Job #7: processing voxels 86009 to 98300; elapsed time=1.623
++ Job #0: processing voxels 0 to 12286; elapsed time=1.633
++ voxel loop:0123456789.0123456789.0123456789.0123456789.01234++ Job #1 finished; elapsed time=2.427
++ Job #2 finished; elapsed time=2.437
5++ Job #3 finished; elapsed time=2.446
6++ Job #4 finished; elapsed time=2.469
++ Job #5 finished; elapsed time=2.473
78++ Job #7 finished; elapsed time=2.496
++ Job #6 finished; elapsed time=2.501
9.
++ Job #0 waiting for children to finish; elapsed time=2.514
++ Job #0 now finishing up; elapsed time=2.514
++ Smallest FDR q [0 Full_Fstat] = 3.44544e-15
++ Smallest FDR q [2 futureself#0_Tstat] = 1.19439e-14
++ Smallest FDR q [3 futureself_Fstat] = 1.19415e-14
++ Smallest FDR q [5 presentself#0_Tstat] = 1.53627e-14
++ Smallest FDR q [6 presentself_Fstat] = 1.53634e-14
++ Smallest FDR q [8 pastself#0_Tstat] = 1.83518e-14
++ Smallest FDR q [9 pastself_Fstat] = 1.8351e-14
++ Smallest FDR q [11 futurenonself#0_Tstat] = 1.15047e-14
++ Smallest FDR q [12 futurenonself_Fstat] = 1.15036e-14
++ Smallest FDR q [14 presentnonself#0_Tstat] = 1.17171e-14
++ Smallest FDR q [15 presentnonself_Fstat] = 1.17165e-14
++ Smallest FDR q [17 pastnonself#0_Tstat] = 1.16218e-14
++ Smallest FDR q [18 pastnonself_Fstat] = 1.16233e-14
++ Smallest FDR q [20 past_present_self_GLT#0_Tstat] = 2.2186e-11
++ Smallest FDR q [21 past_present_self_GLT_Fstat] = 2.21867e-11
++ Smallest FDR q [23 future_present_self_GLT#0_Tstat] = 3.92787e-12
++ Smallest FDR q [24 future_present_self_GLT_Fstat] = 3.9275e-12
++ Smallest FDR q [26 self-nonself_GLT#0_Tstat] = 2.28153e-13
++ Smallest FDR q [27 self-nonself_GLT_Fstat] = 2.28123e-13
++ Wrote bucket dataset into /projects/b1081/NSF_HUBS/Nifti/derivatives/TaskStats_CIFTI_23.2.0/sub-HUBS06/task_glm_outputs/epiproj/stats/sub-HUBS06_ses-1_task-epiproj_stats.nii
 + created 19 FDR curves in bucket header
++ Wrote 3D+time dataset into /projects/b1081/NSF_HUBS/Nifti/derivatives/TaskStats_CIFTI_23.2.0/sub-HUBS06/task_glm_outputs/epiproj/stats/sub-HUBS06_ses-1_task-epiproj_fitts.nii
++ Wrote 3D+time dataset into /projects/b1081/NSF_HUBS/Nifti/derivatives/TaskStats_CIFTI_23.2.0/sub-HUBS06/task_glm_outputs/epiproj/stats/sub-HUBS06_ses-1_task-epiproj_errts.nii
++ Program finished; elapsed time=11.968
449
++ 3dcalc: AFNI version=AFNI_24.1.11 (May 10 2024) [64-bit]
++ Authored by: A cast of thousands
++ Output dataset /projects/b1081/NSF_HUBS/Nifti/derivatives/TaskStats_CIFTI_23.2.0/sub-HUBS06/task_glm_outputs/epiproj/stats/sub-HUBS06_ses-1_task-epiproj_zstats.nii
done fake nifti to cifti
done fake nifti to cifti
sub-HUBS06_ses-2_task-epiproj_LR_surf_subcort_222_32k_fsLR_smooth1
done fake nifti
++ 3dTstat: AFNI version=AFNI_24.1.11 (May 10 2024) [64-bit]
++ Authored by: KR Hammett & RW Cox
++ Output dataset ./sub-HUBS06_ses-2_task-epiproj_LR_surf_subcort_222_32k_fsLR_smooth1_mean.nii
++ 3dcalc: AFNI version=AFNI_24.1.11 (May 10 2024) [64-bit]
++ Authored by: A cast of thousands
++ Output dataset ./sub-HUBS06_ses-2_task-epiproj_LR_surf_subcort_222_32k_fsLR_smooth1_scale.nii
++ 3dDeconvolve: AFNI version=AFNI_24.1.11 (May 10 2024) [64-bit]
++ Authored by: B. Douglas Ward, et al.
++ loading dataset /projects/b1081/NSF_HUBS/Nifti/derivatives/TaskStats_CIFTI_23.2.0/sub-HUBS06/task_glm_outputs/epiproj/scale/sub-HUBS06_ses-2_task-epiproj_LR_surf_subcort_222_32k_fsLR_smooth1_scale.nii
++ forcibly using TR=1.3550 seconds for -input dataset
++ Skipping check for initial transients
++ Imaging duration=624.7 s; Automatic polort=5
++ -stim_times using TR=1.355 s for stimulus timing conversion
++ -stim_times using TR=1.355 s for any -iresp output datasets
++  [you can alter the -iresp TR via the -TR_times option]
++ ** -stim_times NOTE ** guessing GLOBAL times if 1 time per line; LOCAL otherwise
++ ** GUESSED ** -stim_times 1 using LOCAL times
++ ** GUESSED ** -stim_times 2 using LOCAL times
++ ** GUESSED ** -stim_times 3 using LOCAL times
++ ** GUESSED ** -stim_times 4 using LOCAL times
++ ** GUESSED ** -stim_times 5 using LOCAL times
++ ** GUESSED ** -stim_times 6 using LOCAL times
------------------------------------------------------------
GLT matrix from 'SYM: pastself -presentself':
   0   0   0   0   0   0   0  -1   1   0   0   0 
 
------------------------------------------------------------
GLT matrix from 'SYM: futureself -presentself':
   0   0   0   0   0   0   1  -1   0   0   0   0 
 
------------------------------------------------------------
GLT matrix from 'SYM: futureself +pastself +presentself -futurenonself -pastnonself -presentnonself':
   0   0   0   0   0   0   1   1   1  -1  -1  -1 
 
++ Number of time points: 461 (no censoring)
 + Number of parameters:  12 [6 baseline ; 6 signal]
++ total shared memory needed = 373,543,800 bytes (about 374 million)
++ mmap() memory allocated: 373,543,800 bytes (about 374 million)
++ Memory required for output bricks = 373,543,800 bytes (about 374 million)
++ Wrote matrix image to file /projects/b1081/NSF_HUBS/Nifti/derivatives/TaskStats_CIFTI_23.2.0/sub-HUBS06/task_glm_outputs/epiproj/stats/sub-HUBS06_ses-2_task-epiproj_X.jpg
++ Wrote matrix values to file /projects/b1081/NSF_HUBS/Nifti/derivatives/TaskStats_CIFTI_23.2.0/sub-HUBS06/task_glm_outputs/epiproj/stats/sub-HUBS06_ses-2_task-epiproj_X.xmat.1D
++ ========= Things you can do with the matrix file =========
++ (a) Linear regression with ARMA(1,1) modeling of serial correlation:

3dREMLfit -matrix /projects/b1081/NSF_HUBS/Nifti/derivatives/TaskStats_CIFTI_23.2.0/sub-HUBS06/task_glm_outputs/epiproj/stats/sub-HUBS06_ses-2_task-epiproj_X.xmat.1D -input /projects/b1081/NSF_HUBS/Nifti/derivatives/TaskStats_CIFTI_23.2.0/sub-HUBS06/task_glm_outputs/epiproj/scale/sub-HUBS06_ses-2_task-epiproj_LR_surf_subcort_222_32k_fsLR_smooth1_scale.nii \
 -fout -tout -Rbuck /projects/b1081/NSF_HUBS/Nifti/derivatives/TaskStats_CIFTI_23.2.0/sub-HUBS06/task_glm_outputs/epiproj/stats/sub-HUBS06_ses-2_task-epiproj_stats_REML -Rvar /projects/b1081/NSF_HUBS/Nifti/derivatives/TaskStats_CIFTI_23.2.0/sub-HUBS06/task_glm_outputs/epiproj/stats/sub-HUBS06_ses-2_task-epiproj_stats_REMLvar \
 -Rfitts /projects/b1081/NSF_HUBS/Nifti/derivatives/TaskStats_CIFTI_23.2.0/sub-HUBS06/task_glm_outputs/epiproj/stats/sub-HUBS06_ses-2_task-epiproj_fitts_REML \
 -Rerrts /projects/b1081/NSF_HUBS/Nifti/derivatives/TaskStats_CIFTI_23.2.0/sub-HUBS06/task_glm_outputs/epiproj/stats/sub-HUBS06_ses-2_task-epiproj_errts_REML -verb
 
++ N.B.: 3dREMLfit command above written to file /projects/b1081/NSF_HUBS/Nifti/derivatives/TaskStats_CIFTI_23.REML_cmd
++ (b) Visualization/analysis of the matrix via ExamineXmat.R
++ (c) Synthesis of sub-model datasets using 3dSynthesize
++ ==========================================================
++ ----- Signal+Baseline matrix condition [X] (461x12):  1.74776  ++ VERY GOOD ++
++ ----- Signal-only matrix condition [X] (461x6):  1.0002  ++ VERY GOOD ++
++ ----- Baseline-only matrix condition [X] (461x6):  1.01182  ++ VERY GOOD ++
++ ----- polort-only matrix condition [X] (461x6):  1.01182  ++ VERY GOOD ++
++ +++++ Matrix inverse average error = 3.32773e-16  ++ VERY GOOD ++
++ Matrix setup time = 0.93 s
++ Voxels in dataset: 98301
++ Voxels per job:    12287
++ Job #1: processing voxels 12287 to 24573; elapsed time=1.507
++ Job #2: processing voxels 24574 to 36860; elapsed time=1.521
++ Job #3: processing voxels 36861 to 49147; elapsed time=1.535
++ Job #4: processing voxels 49148 to 61434; elapsed time=1.549
++ Job #5: processing voxels 61435 to 73721; elapsed time=1.564
++ Job #6: processing voxels 73722 to 86008; elapsed time=1.579
++ Job #7: processing voxels 86009 to 98300; elapsed time=1.594
++ Job #0: processing voxels 0 to 12286; elapsed time=1.604
++ voxel loop:0123456789.0123456789.0123456789.0123456789.01234++ Job #1 finished; elapsed time=2.415
5++ Job #2 finished; elapsed time=2.432
6++ Job #4 finished; elapsed time=2.455
78++ Job #6 finished; elapsed time=2.489
9.
++ Job #0 waiting for children to finish; elapsed time=2.502
++ Job #3 finished; elapsed time=2.554
++ Job #5 finished; elapsed time=2.595
++ Job #7 finished; elapsed time=2.623
++ Job #0 now finishing up; elapsed time=2.633
++ Smallest FDR q [0 Full_Fstat] = 3.81035e-15
++ Smallest FDR q [2 futureself#0_Tstat] = 2.13242e-14
++ Smallest FDR q [3 futureself_Fstat] = 2.13257e-14
++ Smallest FDR q [5 presentself#0_Tstat] = 1.49668e-14
++ Smallest FDR q [6 presentself_Fstat] = 1.49673e-14
++ Smallest FDR q [8 pastself#0_Tstat] = 2.74855e-14
++ Smallest FDR q [9 pastself_Fstat] = 2.74866e-14
++ Smallest FDR q [11 futurenonself#0_Tstat] = 2.02945e-14
++ Smallest FDR q [12 futurenonself_Fstat] = 2.02997e-14
++ Smallest FDR q [14 presentnonself#0_Tstat] = 1.61712e-14
++ Smallest FDR q [15 presentnonself_Fstat] = 1.61691e-14
++ Smallest FDR q [17 pastnonself#0_Tstat] = 1.43958e-14
++ Smallest FDR q [18 pastnonself_Fstat] = 1.43997e-14
++ Smallest FDR q [20 past_present_self_GLT#0_Tstat] = 9.42504e-11
++ Smallest FDR q [21 past_present_self_GLT_Fstat] = 9.42477e-11
++ Smallest FDR q [23 future_present_self_GLT#0_Tstat] = 9.60195e-12
++ Smallest FDR q [24 future_present_self_GLT_Fstat] = 9.60287e-12
++ Smallest FDR q [26 self-nonself_GLT#0_Tstat] = 1.17059e-13
++ Smallest FDR q [27 self-nonself_GLT_Fstat] = 1.17059e-13
++ Wrote bucket dataset into /projects/b1081/NSF_HUBS/Nifti/derivatives/TaskStats_CIFTI_23.2.0/sub-HUBS06/task_glm_outputs/epiproj/stats/sub-HUBS06_ses-2_task-epiproj_stats.nii
 + created 19 FDR curves in bucket header
++ Wrote 3D+time dataset into /projects/b1081/NSF_HUBS/Nifti/derivatives/TaskStats_CIFTI_23.2.0/sub-HUBS06/task_glm_outputs/epiproj/stats/sub-HUBS06_ses-2_task-epiproj_fitts.nii
++ Wrote 3D+time dataset into /projects/b1081/NSF_HUBS/Nifti/derivatives/TaskStats_CIFTI_23.2.0/sub-HUBS06/task_glm_outputs/epiproj/stats/sub-HUBS06_ses-2_task-epiproj_errts.nii
++ Program finished; elapsed time=12.484
449
++ 3dcalc: AFNI version=AFNI_24.1.11 (May 10 2024) [64-bit]
++ Authored by: A cast of thousands
++ Output dataset /projects/b1081/NSF_HUBS/Nifti/derivatives/TaskStats_CIFTI_23.2.0/sub-HUBS06/task_glm_outputs/epiproj/stats/sub-HUBS06_ses-2_task-epiproj_zstats.nii
done fake nifti to cifti
done fake nifti to cifti
sub-HUBS06_ses-3_task-epiproj_LR_surf_subcort_222_32k_fsLR_smooth1
done fake nifti
++ 3dTstat: AFNI version=AFNI_24.1.11 (May 10 2024) [64-bit]
++ Authored by: KR Hammett & RW Cox
++ Output dataset ./sub-HUBS06_ses-3_task-epiproj_LR_surf_subcort_222_32k_fsLR_smooth1_mean.nii
++ 3dcalc: AFNI version=AFNI_24.1.11 (May 10 2024) [64-bit]
++ Authored by: A cast of thousands
++ Output dataset ./sub-HUBS06_ses-3_task-epiproj_LR_surf_subcort_222_32k_fsLR_smooth1_scale.nii
++ 3dDeconvolve: AFNI version=AFNI_24.1.11 (May 10 2024) [64-bit]
++ Authored by: B. Douglas Ward, et al.
++ loading dataset /projects/b1081/NSF_HUBS/Nifti/derivatives/TaskStats_CIFTI_23.2.0/sub-HUBS06/task_glm_outputs/epiproj/scale/sub-HUBS06_ses-3_task-epiproj_LR_surf_subcort_222_32k_fsLR_smooth1_scale.nii
++ forcibly using TR=1.3550 seconds for -input dataset
++ Skipping check for initial transients
++ Imaging duration=624.7 s; Automatic polort=5
++ -stim_times using TR=1.355 s for stimulus timing conversion
++ -stim_times using TR=1.355 s for any -iresp output datasets
++  [you can alter the -iresp TR via the -TR_times option]
++ ** -stim_times NOTE ** guessing GLOBAL times if 1 time per line; LOCAL otherwise
++ ** GUESSED ** -stim_times 1 using LOCAL times
++ ** GUESSED ** -stim_times 2 using LOCAL times
++ ** GUESSED ** -stim_times 3 using LOCAL times
++ ** GUESSED ** -stim_times 4 using LOCAL times
++ ** GUESSED ** -stim_times 5 using LOCAL times
++ ** GUESSED ** -stim_times 6 using LOCAL times
------------------------------------------------------------
GLT matrix from 'SYM: pastself -presentself':
   0   0   0   0   0   0   0  -1   1   0   0   0 
 
------------------------------------------------------------
GLT matrix from 'SYM: futureself -presentself':
   0   0   0   0   0   0   1  -1   0   0   0   0 
 
------------------------------------------------------------
GLT matrix from 'SYM: futureself +pastself +presentself -futurenonself -pastnonself -presentnonself':
   0   0   0   0   0   0   1   1   1  -1  -1  -1 
 
++ Number of time points: 461 (no censoring)
 + Number of parameters:  12 [6 baseline ; 6 signal]
++ total shared memory needed = 373,543,800 bytes (about 374 million)
++ mmap() memory allocated: 373,543,800 bytes (about 374 million)
++ Memory required for output bricks = 373,543,800 bytes (about 374 million)
++ Wrote matrix image to file /projects/b1081/NSF_HUBS/Nifti/derivatives/TaskStats_CIFTI_23.2.0/sub-HUBS06/task_glm_outputs/epiproj/stats/sub-HUBS06_ses-3_task-epiproj_X.jpg
++ Wrote matrix values to file /projects/b1081/NSF_HUBS/Nifti/derivatives/TaskStats_CIFTI_23.2.0/sub-HUBS06/task_glm_outputs/epiproj/stats/sub-HUBS06_ses-3_task-epiproj_X.xmat.1D
++ ========= Things you can do with the matrix file =========
++ (a) Linear regression with ARMA(1,1) modeling of serial correlation:

3dREMLfit -matrix /projects/b1081/NSF_HUBS/Nifti/derivatives/TaskStats_CIFTI_23.2.0/sub-HUBS06/task_glm_outputs/epiproj/stats/sub-HUBS06_ses-3_task-epiproj_X.xmat.1D -input /projects/b1081/NSF_HUBS/Nifti/derivatives/TaskStats_CIFTI_23.2.0/sub-HUBS06/task_glm_outputs/epiproj/scale/sub-HUBS06_ses-3_task-epiproj_LR_surf_subcort_222_32k_fsLR_smooth1_scale.nii \
 -fout -tout -Rbuck /projects/b1081/NSF_HUBS/Nifti/derivatives/TaskStats_CIFTI_23.2.0/sub-HUBS06/task_glm_outputs/epiproj/stats/sub-HUBS06_ses-3_task-epiproj_stats_REML -Rvar /projects/b1081/NSF_HUBS/Nifti/derivatives/TaskStats_CIFTI_23.2.0/sub-HUBS06/task_glm_outputs/epiproj/stats/sub-HUBS06_ses-3_task-epiproj_stats_REMLvar \
 -Rfitts /projects/b1081/NSF_HUBS/Nifti/derivatives/TaskStats_CIFTI_23.2.0/sub-HUBS06/task_glm_outputs/epiproj/stats/sub-HUBS06_ses-3_task-epiproj_fitts_REML \
 -Rerrts /projects/b1081/NSF_HUBS/Nifti/derivatives/TaskStats_CIFTI_23.2.0/sub-HUBS06/task_glm_outputs/epiproj/stats/sub-HUBS06_ses-3_task-epiproj_errts_REML -verb
 
++ N.B.: 3dREMLfit command above written to file /projects/b1081/NSF_HUBS/Nifti/derivatives/TaskStats_CIFTI_23.REML_cmd
++ (b) Visualization/analysis of the matrix via ExamineXmat.R
++ (c) Synthesis of sub-model datasets using 3dSynthesize
++ ==========================================================
++ ----- Signal+Baseline matrix condition [X] (461x12):  1.74682  ++ VERY GOOD ++
++ ----- Signal-only matrix condition [X] (461x6):  1.00018  ++ VERY GOOD ++
++ ----- Baseline-only matrix condition [X] (461x6):  1.01182  ++ VERY GOOD ++
++ ----- polort-only matrix condition [X] (461x6):  1.01182  ++ VERY GOOD ++
++ +++++ Matrix inverse average error = 4.72482e-16  ++ VERY GOOD ++
++ Matrix setup time = 0.96 s
++ Voxels in dataset: 98301
++ Voxels per job:    12287
++ Job #1: processing voxels 12287 to 24573; elapsed time=1.516
++ Job #2: processing voxels 24574 to 36860; elapsed time=1.530
++ Job #3: processing voxels 36861 to 49147; elapsed time=1.544
++ Job #4: processing voxels 49148 to 61434; elapsed time=1.559
++ Job #5: processing voxels 61435 to 73721; elapsed time=1.573
++ Job #6: processing voxels 73722 to 86008; elapsed time=1.588
++ Job #7: processing voxels 86009 to 98300; elapsed time=1.603
++ Job #0: processing voxels 0 to 12286; elapsed time=1.613
++ voxel loop:0123456789.0123456789.0123456789.0123456789.01234++ Job #1 finished; elapsed time=2.451
5++ Job #2 finished; elapsed time=2.463
67++ Job #4 finished; elapsed time=2.493
++ Job #3 finished; elapsed time=2.498
8++ Job #6 finished; elapsed time=2.525
++ Job #5 finished; elapsed time=2.531
9.
++ Job #0 waiting for children to finish; elapsed time=2.535
++ Job #7 finished; elapsed time=2.560
++ Job #0 now finishing up; elapsed time=2.569
++ Smallest FDR q [0 Full_Fstat] = 3.85057e-15
++ Smallest FDR q [2 futureself#0_Tstat] = 2.38497e-14
++ Smallest FDR q [3 futureself_Fstat] = 2.38517e-14
++ Smallest FDR q [5 presentself#0_Tstat] = 1.94111e-14
++ Smallest FDR q [6 presentself_Fstat] = 1.94121e-14
++ Smallest FDR q [8 pastself#0_Tstat] = 2.35288e-14
++ Smallest FDR q [9 pastself_Fstat] = 2.35278e-14
++ Smallest FDR q [11 futurenonself#0_Tstat] = 2.83018e-14
++ Smallest FDR q [12 futurenonself_Fstat] = 2.82994e-14
++ Smallest FDR q [14 presentnonself#0_Tstat] = 1.75283e-14
++ Smallest FDR q [15 presentnonself_Fstat] = 1.75275e-14
++ Smallest FDR q [17 pastnonself#0_Tstat] = 1.75266e-14
++ Smallest FDR q [18 pastnonself_Fstat] = 1.75251e-14
++ Smallest FDR q [20 past_present_self_GLT#0_Tstat] = 1.51758e-07
++ Smallest FDR q [21 past_present_self_GLT_Fstat] = 1.51726e-07
++ Smallest FDR q [23 future_present_self_GLT#0_Tstat] = 5.741e-11
++ Smallest FDR q [24 future_present_self_GLT_Fstat] = 5.74161e-11
++ Smallest FDR q [26 self-nonself_GLT#0_Tstat] = 1.02831e-13
++ Smallest FDR q [27 self-nonself_GLT_Fstat] = 1.02823e-13
++ Wrote bucket dataset into /projects/b1081/NSF_HUBS/Nifti/derivatives/TaskStats_CIFTI_23.2.0/sub-HUBS06/task_glm_outputs/epiproj/stats/sub-HUBS06_ses-3_task-epiproj_stats.nii
 + created 19 FDR curves in bucket header
++ Wrote 3D+time dataset into /projects/b1081/NSF_HUBS/Nifti/derivatives/TaskStats_CIFTI_23.2.0/sub-HUBS06/task_glm_outputs/epiproj/stats/sub-HUBS06_ses-3_task-epiproj_fitts.nii
++ Wrote 3D+time dataset into /projects/b1081/NSF_HUBS/Nifti/derivatives/TaskStats_CIFTI_23.2.0/sub-HUBS06/task_glm_outputs/epiproj/stats/sub-HUBS06_ses-3_task-epiproj_errts.nii
++ Program finished; elapsed time=12.377
449
++ 3dcalc: AFNI version=AFNI_24.1.11 (May 10 2024) [64-bit]
++ Authored by: A cast of thousands
++ Output dataset /projects/b1081/NSF_HUBS/Nifti/derivatives/TaskStats_CIFTI_23.2.0/sub-HUBS06/task_glm_outputs/epiproj/stats/sub-HUBS06_ses-3_task-epiproj_zstats.nii
done fake nifti to cifti
done fake nifti to cifti
sub-HUBS06_ses-4_task-epiproj_LR_surf_subcort_222_32k_fsLR_smooth1
done fake nifti
++ 3dTstat: AFNI version=AFNI_24.1.11 (May 10 2024) [64-bit]
++ Authored by: KR Hammett & RW Cox
++ Output dataset ./sub-HUBS06_ses-4_task-epiproj_LR_surf_subcort_222_32k_fsLR_smooth1_mean.nii
++ 3dcalc: AFNI version=AFNI_24.1.11 (May 10 2024) [64-bit]
++ Authored by: A cast of thousands
++ Output dataset ./sub-HUBS06_ses-4_task-epiproj_LR_surf_subcort_222_32k_fsLR_smooth1_scale.nii
++ 3dDeconvolve: AFNI version=AFNI_24.1.11 (May 10 2024) [64-bit]
++ Authored by: B. Douglas Ward, et al.
++ loading dataset /projects/b1081/NSF_HUBS/Nifti/derivatives/TaskStats_CIFTI_23.2.0/sub-HUBS06/task_glm_outputs/epiproj/scale/sub-HUBS06_ses-4_task-epiproj_LR_surf_subcort_222_32k_fsLR_smooth1_scale.nii
++ forcibly using TR=1.3550 seconds for -input dataset
++ Skipping check for initial transients
++ Imaging duration=624.7 s; Automatic polort=5
++ -stim_times using TR=1.355 s for stimulus timing conversion
++ -stim_times using TR=1.355 s for any -iresp output datasets
++  [you can alter the -iresp TR via the -TR_times option]
++ ** -stim_times NOTE ** guessing GLOBAL times if 1 time per line; LOCAL otherwise
++ ** GUESSED ** -stim_times 1 using LOCAL times
++ ** GUESSED ** -stim_times 2 using LOCAL times
++ ** GUESSED ** -stim_times 3 using LOCAL times
++ ** GUESSED ** -stim_times 4 using LOCAL times
++ ** GUESSED ** -stim_times 5 using LOCAL times
++ ** GUESSED ** -stim_times 6 using LOCAL times
------------------------------------------------------------
GLT matrix from 'SYM: pastself -presentself':
   0   0   0   0   0   0   0  -1   1   0   0   0 
 
------------------------------------------------------------
GLT matrix from 'SYM: futureself -presentself':
   0   0   0   0   0   0   1  -1   0   0   0   0 
 
------------------------------------------------------------
GLT matrix from 'SYM: futureself +pastself +presentself -futurenonself -pastnonself -presentnonself':
   0   0   0   0   0   0   1   1   1  -1  -1  -1 
 
++ Number of time points: 461 (no censoring)
 + Number of parameters:  12 [6 baseline ; 6 signal]
++ total shared memory needed = 373,543,800 bytes (about 374 million)
++ mmap() memory allocated: 373,543,800 bytes (about 374 million)
++ Memory required for output bricks = 373,543,800 bytes (about 374 million)
++ Wrote matrix image to file /projects/b1081/NSF_HUBS/Nifti/derivatives/TaskStats_CIFTI_23.2.0/sub-HUBS06/task_glm_outputs/epiproj/stats/sub-HUBS06_ses-4_task-epiproj_X.jpg
++ Wrote matrix values to file /projects/b1081/NSF_HUBS/Nifti/derivatives/TaskStats_CIFTI_23.2.0/sub-HUBS06/task_glm_outputs/epiproj/stats/sub-HUBS06_ses-4_task-epiproj_X.xmat.1D
++ ========= Things you can do with the matrix file =========
++ (a) Linear regression with ARMA(1,1) modeling of serial correlation:

3dREMLfit -matrix /projects/b1081/NSF_HUBS/Nifti/derivatives/TaskStats_CIFTI_23.2.0/sub-HUBS06/task_glm_outputs/epiproj/stats/sub-HUBS06_ses-4_task-epiproj_X.xmat.1D -input /projects/b1081/NSF_HUBS/Nifti/derivatives/TaskStats_CIFTI_23.2.0/sub-HUBS06/task_glm_outputs/epiproj/scale/sub-HUBS06_ses-4_task-epiproj_LR_surf_subcort_222_32k_fsLR_smooth1_scale.nii \
 -fout -tout -Rbuck /projects/b1081/NSF_HUBS/Nifti/derivatives/TaskStats_CIFTI_23.2.0/sub-HUBS06/task_glm_outputs/epiproj/stats/sub-HUBS06_ses-4_task-epiproj_stats_REML -Rvar /projects/b1081/NSF_HUBS/Nifti/derivatives/TaskStats_CIFTI_23.2.0/sub-HUBS06/task_glm_outputs/epiproj/stats/sub-HUBS06_ses-4_task-epiproj_stats_REMLvar \
 -Rfitts /projects/b1081/NSF_HUBS/Nifti/derivatives/TaskStats_CIFTI_23.2.0/sub-HUBS06/task_glm_outputs/epiproj/stats/sub-HUBS06_ses-4_task-epiproj_fitts_REML \
 -Rerrts /projects/b1081/NSF_HUBS/Nifti/derivatives/TaskStats_CIFTI_23.2.0/sub-HUBS06/task_glm_outputs/epiproj/stats/sub-HUBS06_ses-4_task-epiproj_errts_REML -verb
 
++ N.B.: 3dREMLfit command above written to file /projects/b1081/NSF_HUBS/Nifti/derivatives/TaskStats_CIFTI_23.REML_cmd
++ (b) Visualization/analysis of the matrix via ExamineXmat.R
++ (c) Synthesis of sub-model datasets using 3dSynthesize
++ ==========================================================
++ ----- Signal+Baseline matrix condition [X] (461x12):  1.74669  ++ VERY GOOD ++
++ ----- Signal-only matrix condition [X] (461x6):  1.00018  ++ VERY GOOD ++
++ ----- Baseline-only matrix condition [X] (461x6):  1.01182  ++ VERY GOOD ++
++ ----- polort-only matrix condition [X] (461x6):  1.01182  ++ VERY GOOD ++
++ +++++ Matrix inverse average error = 3.92355e-16  ++ VERY GOOD ++
++ Matrix setup time = 0.93 s
++ Voxels in dataset: 98301
++ Voxels per job:    12287
++ Job #1: processing voxels 12287 to 24573; elapsed time=1.493
++ Job #2: processing voxels 24574 to 36860; elapsed time=1.507
++ Job #3: processing voxels 36861 to 49147; elapsed time=1.521
++ Job #4: processing voxels 49148 to 61434; elapsed time=1.536
++ Job #5: processing voxels 61435 to 73721; elapsed time=1.550
++ Job #6: processing voxels 73722 to 86008; elapsed time=1.565
++ Job #7: processing voxels 86009 to 98300; elapsed time=1.580
++ Job #0: processing voxels 0 to 12286; elapsed time=1.590
++ voxel loop:0123456789.0123456789.0123456789.0123456789.01++ Job #3 finished; elapsed time=2.344
2++ Job #5 finished; elapsed time=2.375
34++ Job #7 finished; elapsed time=2.398
++ Job #1 finished; elapsed time=2.398
++ Job #2 finished; elapsed time=2.412
56++ Job #4 finished; elapsed time=2.439
78++ Job #6 finished; elapsed time=2.473
9.
++ Job #0 waiting for children to finish; elapsed time=2.489
++ Job #0 now finishing up; elapsed time=2.490
++ Smallest FDR q [0 Full_Fstat] = 1.07551e-14
++ Smallest FDR q [2 futureself#0_Tstat] = 8.04511e-14
++ Smallest FDR q [3 futureself_Fstat] = 8.04485e-14
++ Smallest FDR q [5 presentself#0_Tstat] = 5.00129e-14
++ Smallest FDR q [6 presentself_Fstat] = 5.00131e-14
++ Smallest FDR q [8 pastself#0_Tstat] = 8.26298e-14
++ Smallest FDR q [9 pastself_Fstat] = 8.26298e-14
++ Smallest FDR q [11 futurenonself#0_Tstat] = 4.30638e-14
++ Smallest FDR q [12 futurenonself_Fstat] = 4.30638e-14
++ Smallest FDR q [14 presentnonself#0_Tstat] = 6.37819e-14
++ Smallest FDR q [15 presentnonself_Fstat] = 6.37765e-14
++ Smallest FDR q [17 pastnonself#0_Tstat] = 4.36351e-14
++ Smallest FDR q [18 pastnonself_Fstat] = 4.36368e-14
++ Smallest FDR q [20 past_present_self_GLT#0_Tstat] = 8.22751e-07
++ Smallest FDR q [21 past_present_self_GLT_Fstat] = 8.2303e-07
++ Smallest FDR q [23 future_present_self_GLT#0_Tstat] = 5.6367e-11
++ Smallest FDR q [24 future_present_self_GLT_Fstat] = 5.637e-11
++ Smallest FDR q [26 self-nonself_GLT#0_Tstat] = 2.46103e-12
++ Smallest FDR q [27 self-nonself_GLT_Fstat] = 2.46056e-12
++ Wrote bucket dataset into /projects/b1081/NSF_HUBS/Nifti/derivatives/TaskStats_CIFTI_23.2.0/sub-HUBS06/task_glm_outputs/epiproj/stats/sub-HUBS06_ses-4_task-epiproj_stats.nii
 + created 19 FDR curves in bucket header
++ Wrote 3D+time dataset into /projects/b1081/NSF_HUBS/Nifti/derivatives/TaskStats_CIFTI_23.2.0/sub-HUBS06/task_glm_outputs/epiproj/stats/sub-HUBS06_ses-4_task-epiproj_fitts.nii
++ Wrote 3D+time dataset into /projects/b1081/NSF_HUBS/Nifti/derivatives/TaskStats_CIFTI_23.2.0/sub-HUBS06/task_glm_outputs/epiproj/stats/sub-HUBS06_ses-4_task-epiproj_errts.nii
++ Program finished; elapsed time=12.779
449
++ 3dcalc: AFNI version=AFNI_24.1.11 (May 10 2024) [64-bit]
++ Authored by: A cast of thousands
++ Output dataset /projects/b1081/NSF_HUBS/Nifti/derivatives/TaskStats_CIFTI_23.2.0/sub-HUBS06/task_glm_outputs/epiproj/stats/sub-HUBS06_ses-4_task-epiproj_zstats.nii
done fake nifti to cifti
done fake nifti to cifti
sub-HUBS06_ses-5_task-epiproj_LR_surf_subcort_222_32k_fsLR_smooth1
done fake nifti
++ 3dTstat: AFNI version=AFNI_24.1.11 (May 10 2024) [64-bit]
++ Authored by: KR Hammett & RW Cox
++ Output dataset ./sub-HUBS06_ses-5_task-epiproj_LR_surf_subcort_222_32k_fsLR_smooth1_mean.nii
++ 3dcalc: AFNI version=AFNI_24.1.11 (May 10 2024) [64-bit]
++ Authored by: A cast of thousands
++ Output dataset ./sub-HUBS06_ses-5_task-epiproj_LR_surf_subcort_222_32k_fsLR_smooth1_scale.nii
++ 3dDeconvolve: AFNI version=AFNI_24.1.11 (May 10 2024) [64-bit]
++ Authored by: B. Douglas Ward, et al.
++ loading dataset /projects/b1081/NSF_HUBS/Nifti/derivatives/TaskStats_CIFTI_23.2.0/sub-HUBS06/task_glm_outputs/epiproj/scale/sub-HUBS06_ses-5_task-epiproj_LR_surf_subcort_222_32k_fsLR_smooth1_scale.nii
++ forcibly using TR=1.3550 seconds for -input dataset
++ Skipping check for initial transients
++ Imaging duration=624.7 s; Automatic polort=5
++ -stim_times using TR=1.355 s for stimulus timing conversion
++ -stim_times using TR=1.355 s for any -iresp output datasets
++  [you can alter the -iresp TR via the -TR_times option]
++ ** -stim_times NOTE ** guessing GLOBAL times if 1 time per line; LOCAL otherwise
++ ** GUESSED ** -stim_times 1 using LOCAL times
++ ** GUESSED ** -stim_times 2 using LOCAL times
++ ** GUESSED ** -stim_times 3 using LOCAL times
++ ** GUESSED ** -stim_times 4 using LOCAL times
++ ** GUESSED ** -stim_times 5 using LOCAL times
++ ** GUESSED ** -stim_times 6 using LOCAL times
------------------------------------------------------------
GLT matrix from 'SYM: pastself -presentself':
   0   0   0   0   0   0   0  -1   1   0   0   0 
 
------------------------------------------------------------
GLT matrix from 'SYM: futureself -presentself':
   0   0   0   0   0   0   1  -1   0   0   0   0 
 
------------------------------------------------------------
GLT matrix from 'SYM: futureself +pastself +presentself -futurenonself -pastnonself -presentnonself':
   0   0   0   0   0   0   1   1   1  -1  -1  -1 
 
++ Number of time points: 461 (no censoring)
 + Number of parameters:  12 [6 baseline ; 6 signal]
++ total shared memory needed = 373,543,800 bytes (about 374 million)
++ mmap() memory allocated: 373,543,800 bytes (about 374 million)
++ Memory required for output bricks = 373,543,800 bytes (about 374 million)
++ Wrote matrix image to file /projects/b1081/NSF_HUBS/Nifti/derivatives/TaskStats_CIFTI_23.2.0/sub-HUBS06/task_glm_outputs/epiproj/stats/sub-HUBS06_ses-5_task-epiproj_X.jpg
++ Wrote matrix values to file /projects/b1081/NSF_HUBS/Nifti/derivatives/TaskStats_CIFTI_23.2.0/sub-HUBS06/task_glm_outputs/epiproj/stats/sub-HUBS06_ses-5_task-epiproj_X.xmat.1D
++ ========= Things you can do with the matrix file =========
++ (a) Linear regression with ARMA(1,1) modeling of serial correlation:

3dREMLfit -matrix /projects/b1081/NSF_HUBS/Nifti/derivatives/TaskStats_CIFTI_23.2.0/sub-HUBS06/task_glm_outputs/epiproj/stats/sub-HUBS06_ses-5_task-epiproj_X.xmat.1D -input /projects/b1081/NSF_HUBS/Nifti/derivatives/TaskStats_CIFTI_23.2.0/sub-HUBS06/task_glm_outputs/epiproj/scale/sub-HUBS06_ses-5_task-epiproj_LR_surf_subcort_222_32k_fsLR_smooth1_scale.nii \
 -fout -tout -Rbuck /projects/b1081/NSF_HUBS/Nifti/derivatives/TaskStats_CIFTI_23.2.0/sub-HUBS06/task_glm_outputs/epiproj/stats/sub-HUBS06_ses-5_task-epiproj_stats_REML -Rvar /projects/b1081/NSF_HUBS/Nifti/derivatives/TaskStats_CIFTI_23.2.0/sub-HUBS06/task_glm_outputs/epiproj/stats/sub-HUBS06_ses-5_task-epiproj_stats_REMLvar \
 -Rfitts /projects/b1081/NSF_HUBS/Nifti/derivatives/TaskStats_CIFTI_23.2.0/sub-HUBS06/task_glm_outputs/epiproj/stats/sub-HUBS06_ses-5_task-epiproj_fitts_REML \
 -Rerrts /projects/b1081/NSF_HUBS/Nifti/derivatives/TaskStats_CIFTI_23.2.0/sub-HUBS06/task_glm_outputs/epiproj/stats/sub-HUBS06_ses-5_task-epiproj_errts_REML -verb
 
++ N.B.: 3dREMLfit command above written to file /projects/b1081/NSF_HUBS/Nifti/derivatives/TaskStats_CIFTI_23.REML_cmd
++ (b) Visualization/analysis of the matrix via ExamineXmat.R
++ (c) Synthesis of sub-model datasets using 3dSynthesize
++ ==========================================================
++ ----- Signal+Baseline matrix condition [X] (461x12):  1.74723  ++ VERY GOOD ++
++ ----- Signal-only matrix condition [X] (461x6):  1.00018  ++ VERY GOOD ++
++ ----- Baseline-only matrix condition [X] (461x6):  1.01182  ++ VERY GOOD ++
++ ----- polort-only matrix condition [X] (461x6):  1.01182  ++ VERY GOOD ++
++ +++++ Matrix inverse average error = 3.97408e-16  ++ VERY GOOD ++
++ Matrix setup time = 0.91 s
++ Voxels in dataset: 98301
++ Voxels per job:    12287
++ Job #1: processing voxels 12287 to 24573; elapsed time=1.456
++ Job #2: processing voxels 24574 to 36860; elapsed time=1.471
++ Job #3: processing voxels 36861 to 49147; elapsed time=1.485
++ Job #4: processing voxels 49148 to 61434; elapsed time=1.500
++ Job #5: processing voxels 61435 to 73721; elapsed time=1.514
++ Job #6: processing voxels 73722 to 86008; elapsed time=1.529
++ Job #7: processing voxels 86009 to 98300; elapsed time=1.544
++ Job #0: processing voxels 0 to 12286; elapsed time=1.554
++ voxel loop:0123456789.0123456789.0123456789.0123456789.012++ Job #3 finished; elapsed time=2.321
3++ Job #5 finished; elapsed time=2.348
4++ Job #1 finished; elapsed time=2.359
5++ Job #7 finished; elapsed time=2.376
++ Job #2 finished; elapsed time=2.378
6++ Job #4 finished; elapsed time=2.403
78++ Job #6 finished; elapsed time=2.436
9.
++ Job #0 waiting for children to finish; elapsed time=2.446
++ Job #0 now finishing up; elapsed time=2.446
++ Smallest FDR q [0 Full_Fstat] = 4.61629e-15
++ Smallest FDR q [2 futureself#0_Tstat] = 1.93638e-14
++ Smallest FDR q [3 futureself_Fstat] = 1.93656e-14
++ Smallest FDR q [5 presentself#0_Tstat] = 1.80835e-14
++ Smallest FDR q [6 presentself_Fstat] = 1.80835e-14
++ Smallest FDR q [8 pastself#0_Tstat] = 6.12307e-14
++ Smallest FDR q [9 pastself_Fstat] = 6.12332e-14
++ Smallest FDR q [11 futurenonself#0_Tstat] = 2.26641e-14
++ Smallest FDR q [12 futurenonself_Fstat] = 2.26612e-14
++ Smallest FDR q [14 presentnonself#0_Tstat] = 3.2723e-14
++ Smallest FDR q [15 presentnonself_Fstat] = 3.272e-14
++ Smallest FDR q [17 pastnonself#0_Tstat] = 2.17035e-14
++ Smallest FDR q [18 pastnonself_Fstat] = 2.17035e-14
++ Smallest FDR q [20 past_present_self_GLT#0_Tstat] = 5.81778e-12
++ Smallest FDR q [21 past_present_self_GLT_Fstat] = 5.81778e-12
++ Smallest FDR q [23 future_present_self_GLT#0_Tstat] = 5.932e-11
++ Smallest FDR q [24 future_present_self_GLT_Fstat] = 5.933e-11
++ Smallest FDR q [26 self-nonself_GLT#0_Tstat] = 4.09733e-12
++ Smallest FDR q [27 self-nonself_GLT_Fstat] = 4.09747e-12
++ Wrote bucket dataset into /projects/b1081/NSF_HUBS/Nifti/derivatives/TaskStats_CIFTI_23.2.0/sub-HUBS06/task_glm_outputs/epiproj/stats/sub-HUBS06_ses-5_task-epiproj_stats.nii
 + created 19 FDR curves in bucket header
++ Wrote 3D+time dataset into /projects/b1081/NSF_HUBS/Nifti/derivatives/TaskStats_CIFTI_23.2.0/sub-HUBS06/task_glm_outputs/epiproj/stats/sub-HUBS06_ses-5_task-epiproj_fitts.nii
++ Wrote 3D+time dataset into /projects/b1081/NSF_HUBS/Nifti/derivatives/TaskStats_CIFTI_23.2.0/sub-HUBS06/task_glm_outputs/epiproj/stats/sub-HUBS06_ses-5_task-epiproj_errts.nii
++ Program finished; elapsed time=12.444
449
++ 3dcalc: AFNI version=AFNI_24.1.11 (May 10 2024) [64-bit]
++ Authored by: A cast of thousands
++ Output dataset /projects/b1081/NSF_HUBS/Nifti/derivatives/TaskStats_CIFTI_23.2.0/sub-HUBS06/task_glm_outputs/epiproj/stats/sub-HUBS06_ses-5_task-epiproj_zstats.nii
done fake nifti to cifti
done fake nifti to cifti
sub-HUBS06_ses-6_task-epiproj_LR_surf_subcort_222_32k_fsLR_smooth1
done fake nifti
++ 3dTstat: AFNI version=AFNI_24.1.11 (May 10 2024) [64-bit]
++ Authored by: KR Hammett & RW Cox
++ Output dataset ./sub-HUBS06_ses-6_task-epiproj_LR_surf_subcort_222_32k_fsLR_smooth1_mean.nii
++ 3dcalc: AFNI version=AFNI_24.1.11 (May 10 2024) [64-bit]
++ Authored by: A cast of thousands
++ Output dataset ./sub-HUBS06_ses-6_task-epiproj_LR_surf_subcort_222_32k_fsLR_smooth1_scale.nii
++ 3dDeconvolve: AFNI version=AFNI_24.1.11 (May 10 2024) [64-bit]
++ Authored by: B. Douglas Ward, et al.
++ loading dataset /projects/b1081/NSF_HUBS/Nifti/derivatives/TaskStats_CIFTI_23.2.0/sub-HUBS06/task_glm_outputs/epiproj/scale/sub-HUBS06_ses-6_task-epiproj_LR_surf_subcort_222_32k_fsLR_smooth1_scale.nii
++ forcibly using TR=1.3550 seconds for -input dataset
++ Skipping check for initial transients
++ Imaging duration=624.7 s; Automatic polort=5
++ -stim_times using TR=1.355 s for stimulus timing conversion
++ -stim_times using TR=1.355 s for any -iresp output datasets
++  [you can alter the -iresp TR via the -TR_times option]
++ ** -stim_times NOTE ** guessing GLOBAL times if 1 time per line; LOCAL otherwise
++ ** GUESSED ** -stim_times 1 using LOCAL times
++ ** GUESSED ** -stim_times 2 using LOCAL times
++ ** GUESSED ** -stim_times 3 using LOCAL times
++ ** GUESSED ** -stim_times 4 using LOCAL times
++ ** GUESSED ** -stim_times 5 using LOCAL times
++ ** GUESSED ** -stim_times 6 using LOCAL times
------------------------------------------------------------
GLT matrix from 'SYM: pastself -presentself':
   0   0   0   0   0   0   0  -1   1   0   0   0 
 
------------------------------------------------------------
GLT matrix from 'SYM: futureself -presentself':
   0   0   0   0   0   0   1  -1   0   0   0   0 
 
------------------------------------------------------------
GLT matrix from 'SYM: futureself +pastself +presentself -futurenonself -pastnonself -presentnonself':
   0   0   0   0   0   0   1   1   1  -1  -1  -1 
 
++ Number of time points: 461 (no censoring)
 + Number of parameters:  12 [6 baseline ; 6 signal]
++ total shared memory needed = 373,543,800 bytes (about 374 million)
++ mmap() memory allocated: 373,543,800 bytes (about 374 million)
++ Memory required for output bricks = 373,543,800 bytes (about 374 million)
++ Wrote matrix image to file /projects/b1081/NSF_HUBS/Nifti/derivatives/TaskStats_CIFTI_23.2.0/sub-HUBS06/task_glm_outputs/epiproj/stats/sub-HUBS06_ses-6_task-epiproj_X.jpg
++ Wrote matrix values to file /projects/b1081/NSF_HUBS/Nifti/derivatives/TaskStats_CIFTI_23.2.0/sub-HUBS06/task_glm_outputs/epiproj/stats/sub-HUBS06_ses-6_task-epiproj_X.xmat.1D
++ ========= Things you can do with the matrix file =========
++ (a) Linear regression with ARMA(1,1) modeling of serial correlation:

3dREMLfit -matrix /projects/b1081/NSF_HUBS/Nifti/derivatives/TaskStats_CIFTI_23.2.0/sub-HUBS06/task_glm_outputs/epiproj/stats/sub-HUBS06_ses-6_task-epiproj_X.xmat.1D -input /projects/b1081/NSF_HUBS/Nifti/derivatives/TaskStats_CIFTI_23.2.0/sub-HUBS06/task_glm_outputs/epiproj/scale/sub-HUBS06_ses-6_task-epiproj_LR_surf_subcort_222_32k_fsLR_smooth1_scale.nii \
 -fout -tout -Rbuck /projects/b1081/NSF_HUBS/Nifti/derivatives/TaskStats_CIFTI_23.2.0/sub-HUBS06/task_glm_outputs/epiproj/stats/sub-HUBS06_ses-6_task-epiproj_stats_REML -Rvar /projects/b1081/NSF_HUBS/Nifti/derivatives/TaskStats_CIFTI_23.2.0/sub-HUBS06/task_glm_outputs/epiproj/stats/sub-HUBS06_ses-6_task-epiproj_stats_REMLvar \
 -Rfitts /projects/b1081/NSF_HUBS/Nifti/derivatives/TaskStats_CIFTI_23.2.0/sub-HUBS06/task_glm_outputs/epiproj/stats/sub-HUBS06_ses-6_task-epiproj_fitts_REML \
 -Rerrts /projects/b1081/NSF_HUBS/Nifti/derivatives/TaskStats_CIFTI_23.2.0/sub-HUBS06/task_glm_outputs/epiproj/stats/sub-HUBS06_ses-6_task-epiproj_errts_REML -verb
 
++ N.B.: 3dREMLfit command above written to file /projects/b1081/NSF_HUBS/Nifti/derivatives/TaskStats_CIFTI_23.REML_cmd
++ (b) Visualization/analysis of the matrix via ExamineXmat.R
++ (c) Synthesis of sub-model datasets using 3dSynthesize
++ ==========================================================
++ ----- Signal+Baseline matrix condition [X] (461x12):  1.74632  ++ VERY GOOD ++
++ ----- Signal-only matrix condition [X] (461x6):  1.00021  ++ VERY GOOD ++
++ ----- Baseline-only matrix condition [X] (461x6):  1.01182  ++ VERY GOOD ++
++ ----- polort-only matrix condition [X] (461x6):  1.01182  ++ VERY GOOD ++
++ +++++ Matrix inverse average error = 4.55365e-16  ++ VERY GOOD ++
++ Matrix setup time = 0.94 s
++ Voxels in dataset: 98301
++ Voxels per job:    12287
++ Job #1: processing voxels 12287 to 24573; elapsed time=1.484
++ Job #2: processing voxels 24574 to 36860; elapsed time=1.498
++ Job #3: processing voxels 36861 to 49147; elapsed time=1.512
++ Job #4: processing voxels 49148 to 61434; elapsed time=1.527
++ Job #5: processing voxels 61435 to 73721; elapsed time=1.542
++ Job #6: processing voxels 73722 to 86008; elapsed time=1.557
++ Job #7: processing voxels 86009 to 98300; elapsed time=1.571
++ Job #0: processing voxels 0 to 12286; elapsed time=1.581
++ voxel loop:0123456789.0123456789.0123456789.0123456789.01++ Job #3 finished; elapsed time=2.346
2++ Job #5 finished; elapsed time=2.371
34++ Job #1 finished; elapsed time=2.394
++ Job #7 finished; elapsed time=2.402
5++ Job #2 finished; elapsed time=2.411
6++ Job #4 finished; elapsed time=2.436
78++ Job #6 finished; elapsed time=2.471
9.
++ Job #0 waiting for children to finish; elapsed time=2.488
++ Job #0 now finishing up; elapsed time=2.488
++ Smallest FDR q [0 Full_Fstat] = 5.70089e-15
++ Smallest FDR q [2 futureself#0_Tstat] = 2.5162e-14
++ Smallest FDR q [3 futureself_Fstat] = 2.51643e-14
++ Smallest FDR q [5 presentself#0_Tstat] = 4.12399e-14
++ Smallest FDR q [6 presentself_Fstat] = 4.12366e-14
++ Smallest FDR q [8 pastself#0_Tstat] = 4.02216e-14
++ Smallest FDR q [9 pastself_Fstat] = 4.02216e-14
++ Smallest FDR q [11 futurenonself#0_Tstat] = 2.92556e-14
++ Smallest FDR q [12 futurenonself_Fstat] = 2.92556e-14
++ Smallest FDR q [14 presentnonself#0_Tstat] = 3.13992e-14
++ Smallest FDR q [15 presentnonself_Fstat] = 3.13938e-14
++ Smallest FDR q [17 pastnonself#0_Tstat] = 2.79291e-14
++ Smallest FDR q [18 pastnonself_Fstat] = 2.79266e-14
++ Smallest FDR q [20 past_present_self_GLT#0_Tstat] = 2.61227e-05
++ Smallest FDR q [21 past_present_self_GLT_Fstat] = 2.61217e-05
++ Smallest FDR q [23 future_present_self_GLT#0_Tstat] = 1.18392e-09
++ Smallest FDR q [24 future_present_self_GLT_Fstat] = 1.18397e-09
++ Smallest FDR q [26 self-nonself_GLT#0_Tstat] = 3.0563e-13
++ Smallest FDR q [27 self-nonself_GLT_Fstat] = 3.05617e-13
++ Wrote bucket dataset into /projects/b1081/NSF_HUBS/Nifti/derivatives/TaskStats_CIFTI_23.2.0/sub-HUBS06/task_glm_outputs/epiproj/stats/sub-HUBS06_ses-6_task-epiproj_stats.nii
 + created 19 FDR curves in bucket header
++ Wrote 3D+time dataset into /projects/b1081/NSF_HUBS/Nifti/derivatives/TaskStats_CIFTI_23.2.0/sub-HUBS06/task_glm_outputs/epiproj/stats/sub-HUBS06_ses-6_task-epiproj_fitts.nii
++ Wrote 3D+time dataset into /projects/b1081/NSF_HUBS/Nifti/derivatives/TaskStats_CIFTI_23.2.0/sub-HUBS06/task_glm_outputs/epiproj/stats/sub-HUBS06_ses-6_task-epiproj_errts.nii
++ Program finished; elapsed time=12.357
449
++ 3dcalc: AFNI version=AFNI_24.1.11 (May 10 2024) [64-bit]
++ Authored by: A cast of thousands
++ Output dataset /projects/b1081/NSF_HUBS/Nifti/derivatives/TaskStats_CIFTI_23.2.0/sub-HUBS06/task_glm_outputs/epiproj/stats/sub-HUBS06_ses-6_task-epiproj_zstats.nii
done fake nifti to cifti
done fake nifti to cifti
