MATLAB is selecting SOFTWARE OPENGL rendering.

                            < M A T L A B (R) >
                  Copyright 1984-2022 The MathWorks, Inc.
             R2022a Update 4 (9.12.0.2009381) 64-bit (glnxa64)
                                July 7, 2022

 
To get started, type doc.
For product information, visit www.mathworks.com.
 
sub-HUBS02_ses-1_task-epiproj_LR_surf_subcort_222_32k_fsLR_smooth1
done fake nifti
++ 3dTstat: AFNI version=AFNI_24.1.11 (May 10 2024) [64-bit]
++ Authored by: KR Hammett & RW Cox
++ Output dataset ./sub-HUBS02_ses-1_task-epiproj_LR_surf_subcort_222_32k_fsLR_smooth1_mean.nii
++ 3dcalc: AFNI version=AFNI_24.1.11 (May 10 2024) [64-bit]
++ Authored by: A cast of thousands
++ Output dataset ./sub-HUBS02_ses-1_task-epiproj_LR_surf_subcort_222_32k_fsLR_smooth1_scale.nii
++ 3dDeconvolve: AFNI version=AFNI_24.1.11 (May 10 2024) [64-bit]
++ Authored by: B. Douglas Ward, et al.
++ loading dataset /projects/b1081/NSF_HUBS/Nifti/derivatives/TaskStats_CIFTI_23.2.0/sub-HUBS02/task_glm_outputs/epiproj/scale/sub-HUBS02_ses-1_task-epiproj_LR_surf_subcort_222_32k_fsLR_smooth1_scale.nii
++ forcibly using TR=1.3550 seconds for -input dataset
++ Skipping check for initial transients
++ Imaging duration=624.7 s; Automatic polort=5
++ -stim_times using TR=1.355 s for stimulus timing conversion
++ -stim_times using TR=1.355 s for any -iresp output datasets
++  [you can alter the -iresp TR via the -TR_times option]
++ ** -stim_times NOTE ** guessing GLOBAL times if 1 time per line; LOCAL otherwise
++ ** GUESSED ** -stim_times 1 using LOCAL times
++ ** GUESSED ** -stim_times 2 using LOCAL times
++ ** GUESSED ** -stim_times 3 using LOCAL times
++ ** GUESSED ** -stim_times 4 using LOCAL times
++ ** GUESSED ** -stim_times 5 using LOCAL times
++ ** GUESSED ** -stim_times 6 using LOCAL times
------------------------------------------------------------
GLT matrix from 'SYM: pastself -presentself':
   0   0   0   0   0   0   0  -1   1   0   0   0 
 
------------------------------------------------------------
GLT matrix from 'SYM: futureself -presentself':
   0   0   0   0   0   0   1  -1   0   0   0   0 
 
------------------------------------------------------------
GLT matrix from 'SYM: futureself +pastself +presentself -futurenonself -pastnonself -presentnonself':
   0   0   0   0   0   0   1   1   1  -1  -1  -1 
 
++ Number of time points: 461 (no censoring)
 + Number of parameters:  12 [6 baseline ; 6 signal]
++ total shared memory needed = 373,543,800 bytes (about 374 million)
++ mmap() memory allocated: 373,543,800 bytes (about 374 million)
++ Memory required for output bricks = 373,543,800 bytes (about 374 million)
++ Wrote matrix image to file /projects/b1081/NSF_HUBS/Nifti/derivatives/TaskStats_CIFTI_23.2.0/sub-HUBS02/task_glm_outputs/epiproj/stats/sub-HUBS02_ses-1_task-epiproj_X.jpg
++ Wrote matrix values to file /projects/b1081/NSF_HUBS/Nifti/derivatives/TaskStats_CIFTI_23.2.0/sub-HUBS02/task_glm_outputs/epiproj/stats/sub-HUBS02_ses-1_task-epiproj_X.xmat.1D
++ ========= Things you can do with the matrix file =========
++ (a) Linear regression with ARMA(1,1) modeling of serial correlation:

3dREMLfit -matrix /projects/b1081/NSF_HUBS/Nifti/derivatives/TaskStats_CIFTI_23.2.0/sub-HUBS02/task_glm_outputs/epiproj/stats/sub-HUBS02_ses-1_task-epiproj_X.xmat.1D -input /projects/b1081/NSF_HUBS/Nifti/derivatives/TaskStats_CIFTI_23.2.0/sub-HUBS02/task_glm_outputs/epiproj/scale/sub-HUBS02_ses-1_task-epiproj_LR_surf_subcort_222_32k_fsLR_smooth1_scale.nii \
 -fout -tout -Rbuck /projects/b1081/NSF_HUBS/Nifti/derivatives/TaskStats_CIFTI_23.2.0/sub-HUBS02/task_glm_outputs/epiproj/stats/sub-HUBS02_ses-1_task-epiproj_stats_REML -Rvar /projects/b1081/NSF_HUBS/Nifti/derivatives/TaskStats_CIFTI_23.2.0/sub-HUBS02/task_glm_outputs/epiproj/stats/sub-HUBS02_ses-1_task-epiproj_stats_REMLvar \
 -Rfitts /projects/b1081/NSF_HUBS/Nifti/derivatives/TaskStats_CIFTI_23.2.0/sub-HUBS02/task_glm_outputs/epiproj/stats/sub-HUBS02_ses-1_task-epiproj_fitts_REML \
 -Rerrts /projects/b1081/NSF_HUBS/Nifti/derivatives/TaskStats_CIFTI_23.2.0/sub-HUBS02/task_glm_outputs/epiproj/stats/sub-HUBS02_ses-1_task-epiproj_errts_REML -verb
 
++ N.B.: 3dREMLfit command above written to file /projects/b1081/NSF_HUBS/Nifti/derivatives/TaskStats_CIFTI_23.REML_cmd
++ (b) Visualization/analysis of the matrix via ExamineXmat.R
++ (c) Synthesis of sub-model datasets using 3dSynthesize
++ ==========================================================
++ ----- Signal+Baseline matrix condition [X] (461x12):  1.74626  ++ VERY GOOD ++
++ ----- Signal-only matrix condition [X] (461x6):  1.00021  ++ VERY GOOD ++
++ ----- Baseline-only matrix condition [X] (461x6):  1.01182  ++ VERY GOOD ++
++ ----- polort-only matrix condition [X] (461x6):  1.01182  ++ VERY GOOD ++
++ +++++ Matrix inverse average error = 3.91368e-16  ++ VERY GOOD ++
++ Matrix setup time = 0.95 s
++ Voxels in dataset: 98301
++ Voxels per job:    12287
++ Job #1: processing voxels 12287 to 24573; elapsed time=1.471
++ Job #2: processing voxels 24574 to 36860; elapsed time=1.484
++ Job #3: processing voxels 36861 to 49147; elapsed time=1.497
++ Job #4: processing voxels 49148 to 61434; elapsed time=1.511
++ Job #5: processing voxels 61435 to 73721; elapsed time=1.526
++ Job #6: processing voxels 73722 to 86008; elapsed time=1.540
++ Job #7: processing voxels 86009 to 98300; elapsed time=1.555
++ Job #0: processing voxels 0 to 12286; elapsed time=1.565
++ voxel loop:0123456789.0123456789.0123456789.0123456789.01234++ Job #1 finished; elapsed time=2.289
5++ Job #2 finished; elapsed time=2.306
6++ Job #3 finished; elapsed time=2.321
7++ Job #4 finished; elapsed time=2.329
8++ Job #5 finished; elapsed time=2.343
9.
++ Job #0 waiting for children to finish; elapsed time=2.357
++ Job #6 finished; elapsed time=2.362
++ Job #7 finished; elapsed time=2.376
++ Job #0 now finishing up; elapsed time=2.380
++ Smallest FDR q [0 Full_Fstat] = 2.38761e-15
++ Smallest FDR q [2 futureself#0_Tstat] = 1.35559e-14
++ Smallest FDR q [3 futureself_Fstat] = 1.35565e-14
++ Smallest FDR q [5 presentself#0_Tstat] = 4.24636e-15
++ Smallest FDR q [6 presentself_Fstat] = 4.24526e-15
++ Smallest FDR q [8 pastself#0_Tstat] = 7.79687e-15
++ Smallest FDR q [9 pastself_Fstat] = 7.79625e-15
++ Smallest FDR q [11 futurenonself#0_Tstat] = 7.35969e-15
++ Smallest FDR q [12 futurenonself_Fstat] = 7.35936e-15
++ Smallest FDR q [14 presentnonself#0_Tstat] = 5.84822e-15
++ Smallest FDR q [15 presentnonself_Fstat] = 5.84818e-15
++ Smallest FDR q [17 pastnonself#0_Tstat] = 7.15116e-15
++ Smallest FDR q [18 pastnonself_Fstat] = 7.15151e-15
++ Smallest FDR q [20 past_present_self_GLT#0_Tstat] = 5.77514e-11
++ Smallest FDR q [21 past_present_self_GLT_Fstat] = 5.77583e-11
++ Smallest FDR q [23 future_present_self_GLT#0_Tstat] = 1.02187e-10
++ Smallest FDR q [24 future_present_self_GLT_Fstat] = 1.02191e-10
++ Smallest FDR q [26 self-nonself_GLT#0_Tstat] = 1.85315e-12
++ Smallest FDR q [27 self-nonself_GLT_Fstat] = 1.85313e-12
++ Wrote bucket dataset into /projects/b1081/NSF_HUBS/Nifti/derivatives/TaskStats_CIFTI_23.2.0/sub-HUBS02/task_glm_outputs/epiproj/stats/sub-HUBS02_ses-1_task-epiproj_stats.nii
 + created 19 FDR curves in bucket header
++ Wrote 3D+time dataset into /projects/b1081/NSF_HUBS/Nifti/derivatives/TaskStats_CIFTI_23.2.0/sub-HUBS02/task_glm_outputs/epiproj/stats/sub-HUBS02_ses-1_task-epiproj_fitts.nii
++ Wrote 3D+time dataset into /projects/b1081/NSF_HUBS/Nifti/derivatives/TaskStats_CIFTI_23.2.0/sub-HUBS02/task_glm_outputs/epiproj/stats/sub-HUBS02_ses-1_task-epiproj_errts.nii
++ Program finished; elapsed time=11.689
449
++ 3dcalc: AFNI version=AFNI_24.1.11 (May 10 2024) [64-bit]
++ Authored by: A cast of thousands
++ Output dataset /projects/b1081/NSF_HUBS/Nifti/derivatives/TaskStats_CIFTI_23.2.0/sub-HUBS02/task_glm_outputs/epiproj/stats/sub-HUBS02_ses-1_task-epiproj_zstats.nii
done fake nifti to cifti
done fake nifti to cifti
sub-HUBS02_ses-2_task-epiproj_LR_surf_subcort_222_32k_fsLR_smooth1
done fake nifti
++ 3dTstat: AFNI version=AFNI_24.1.11 (May 10 2024) [64-bit]
++ Authored by: KR Hammett & RW Cox
++ Output dataset ./sub-HUBS02_ses-2_task-epiproj_LR_surf_subcort_222_32k_fsLR_smooth1_mean.nii
++ 3dcalc: AFNI version=AFNI_24.1.11 (May 10 2024) [64-bit]
++ Authored by: A cast of thousands
++ Output dataset ./sub-HUBS02_ses-2_task-epiproj_LR_surf_subcort_222_32k_fsLR_smooth1_scale.nii
++ 3dDeconvolve: AFNI version=AFNI_24.1.11 (May 10 2024) [64-bit]
++ Authored by: B. Douglas Ward, et al.
++ loading dataset /projects/b1081/NSF_HUBS/Nifti/derivatives/TaskStats_CIFTI_23.2.0/sub-HUBS02/task_glm_outputs/epiproj/scale/sub-HUBS02_ses-2_task-epiproj_LR_surf_subcort_222_32k_fsLR_smooth1_scale.nii
++ forcibly using TR=1.3550 seconds for -input dataset
++ Skipping check for initial transients
++ Imaging duration=624.7 s; Automatic polort=5
++ -stim_times using TR=1.355 s for stimulus timing conversion
++ -stim_times using TR=1.355 s for any -iresp output datasets
++  [you can alter the -iresp TR via the -TR_times option]
++ ** -stim_times NOTE ** guessing GLOBAL times if 1 time per line; LOCAL otherwise
++ ** GUESSED ** -stim_times 1 using LOCAL times
++ ** GUESSED ** -stim_times 2 using LOCAL times
++ ** GUESSED ** -stim_times 3 using LOCAL times
++ ** GUESSED ** -stim_times 4 using LOCAL times
++ ** GUESSED ** -stim_times 5 using LOCAL times
++ ** GUESSED ** -stim_times 6 using LOCAL times
------------------------------------------------------------
GLT matrix from 'SYM: pastself -presentself':
   0   0   0   0   0   0   0  -1   1   0   0   0 
 
------------------------------------------------------------
GLT matrix from 'SYM: futureself -presentself':
   0   0   0   0   0   0   1  -1   0   0   0   0 
 
------------------------------------------------------------
GLT matrix from 'SYM: futureself +pastself +presentself -futurenonself -pastnonself -presentnonself':
   0   0   0   0   0   0   1   1   1  -1  -1  -1 
 
++ Number of time points: 461 (no censoring)
 + Number of parameters:  12 [6 baseline ; 6 signal]
++ total shared memory needed = 373,543,800 bytes (about 374 million)
++ mmap() memory allocated: 373,543,800 bytes (about 374 million)
++ Memory required for output bricks = 373,543,800 bytes (about 374 million)
++ Wrote matrix image to file /projects/b1081/NSF_HUBS/Nifti/derivatives/TaskStats_CIFTI_23.2.0/sub-HUBS02/task_glm_outputs/epiproj/stats/sub-HUBS02_ses-2_task-epiproj_X.jpg
++ Wrote matrix values to file /projects/b1081/NSF_HUBS/Nifti/derivatives/TaskStats_CIFTI_23.2.0/sub-HUBS02/task_glm_outputs/epiproj/stats/sub-HUBS02_ses-2_task-epiproj_X.xmat.1D
++ ========= Things you can do with the matrix file =========
++ (a) Linear regression with ARMA(1,1) modeling of serial correlation:

3dREMLfit -matrix /projects/b1081/NSF_HUBS/Nifti/derivatives/TaskStats_CIFTI_23.2.0/sub-HUBS02/task_glm_outputs/epiproj/stats/sub-HUBS02_ses-2_task-epiproj_X.xmat.1D -input /projects/b1081/NSF_HUBS/Nifti/derivatives/TaskStats_CIFTI_23.2.0/sub-HUBS02/task_glm_outputs/epiproj/scale/sub-HUBS02_ses-2_task-epiproj_LR_surf_subcort_222_32k_fsLR_smooth1_scale.nii \
 -fout -tout -Rbuck /projects/b1081/NSF_HUBS/Nifti/derivatives/TaskStats_CIFTI_23.2.0/sub-HUBS02/task_glm_outputs/epiproj/stats/sub-HUBS02_ses-2_task-epiproj_stats_REML -Rvar /projects/b1081/NSF_HUBS/Nifti/derivatives/TaskStats_CIFTI_23.2.0/sub-HUBS02/task_glm_outputs/epiproj/stats/sub-HUBS02_ses-2_task-epiproj_stats_REMLvar \
 -Rfitts /projects/b1081/NSF_HUBS/Nifti/derivatives/TaskStats_CIFTI_23.2.0/sub-HUBS02/task_glm_outputs/epiproj/stats/sub-HUBS02_ses-2_task-epiproj_fitts_REML \
 -Rerrts /projects/b1081/NSF_HUBS/Nifti/derivatives/TaskStats_CIFTI_23.2.0/sub-HUBS02/task_glm_outputs/epiproj/stats/sub-HUBS02_ses-2_task-epiproj_errts_REML -verb
 
++ N.B.: 3dREMLfit command above written to file /projects/b1081/NSF_HUBS/Nifti/derivatives/TaskStats_CIFTI_23.REML_cmd
++ (b) Visualization/analysis of the matrix via ExamineXmat.R
++ (c) Synthesis of sub-model datasets using 3dSynthesize
++ ==========================================================
++ ----- Signal+Baseline matrix condition [X] (461x12):  1.74776  ++ VERY GOOD ++
++ ----- Signal-only matrix condition [X] (461x6):  1.0002  ++ VERY GOOD ++
++ ----- Baseline-only matrix condition [X] (461x6):  1.01182  ++ VERY GOOD ++
++ ----- polort-only matrix condition [X] (461x6):  1.01182  ++ VERY GOOD ++
++ +++++ Matrix inverse average error = 3.32773e-16  ++ VERY GOOD ++
++ Matrix setup time = 1.05 s
++ Voxels in dataset: 98301
++ Voxels per job:    12287
++ Job #1: processing voxels 12287 to 24573; elapsed time=1.680
++ Job #2: processing voxels 24574 to 36860; elapsed time=1.693
++ Job #3: processing voxels 36861 to 49147; elapsed time=1.707
++ Job #4: processing voxels 49148 to 61434; elapsed time=1.721
++ Job #5: processing voxels 61435 to 73721; elapsed time=1.735
++ Job #6: processing voxels 73722 to 86008; elapsed time=1.749
++ Job #7: processing voxels 86009 to 98300; elapsed time=1.764
++ Job #0: processing voxels 0 to 12286; elapsed time=1.774
++ voxel loop:0123456789.0123456789.0123456789.0123456789.01234++ Job #1 finished; elapsed time=2.543
5++ Job #2 finished; elapsed time=2.553
6++ Job #3 finished; elapsed time=2.562
7++ Job #4 finished; elapsed time=2.581
8++ Job #5 finished; elapsed time=2.598
9.
++ Job #0 waiting for children to finish; elapsed time=2.608
++ Job #6 finished; elapsed time=2.611
++ Job #7 finished; elapsed time=2.617
++ Job #0 now finishing up; elapsed time=2.621
++ Smallest FDR q [0 Full_Fstat] = 1.74557e-15
++ Smallest FDR q [2 futureself#0_Tstat] = 6.21941e-15
++ Smallest FDR q [3 futureself_Fstat] = 6.2187e-15
++ Smallest FDR q [5 presentself#0_Tstat] = 5.18358e-15
++ Smallest FDR q [6 presentself_Fstat] = 5.18246e-15
++ Smallest FDR q [8 pastself#0_Tstat] = 1.21045e-14
++ Smallest FDR q [9 pastself_Fstat] = 1.21078e-14
++ Smallest FDR q [11 futurenonself#0_Tstat] = 6.74802e-15
++ Smallest FDR q [12 futurenonself_Fstat] = 6.7471e-15
++ Smallest FDR q [14 presentnonself#0_Tstat] = 7.63809e-15
++ Smallest FDR q [15 presentnonself_Fstat] = 7.63795e-15
++ Smallest FDR q [17 pastnonself#0_Tstat] = 5.9648e-15
++ Smallest FDR q [18 pastnonself_Fstat] = 5.96395e-15
++ Smallest FDR q [20 past_present_self_GLT#0_Tstat] = 1.43033e-12
++ Smallest FDR q [21 past_present_self_GLT_Fstat] = 1.4303e-12
++ Smallest FDR q [23 future_present_self_GLT#0_Tstat] = 4.94971e-12
++ Smallest FDR q [24 future_present_self_GLT_Fstat] = 4.94957e-12
++ Smallest FDR q [26 self-nonself_GLT#0_Tstat] = 1.22935e-14
++ Smallest FDR q [27 self-nonself_GLT_Fstat] = 1.22946e-14
++ Wrote bucket dataset into /projects/b1081/NSF_HUBS/Nifti/derivatives/TaskStats_CIFTI_23.2.0/sub-HUBS02/task_glm_outputs/epiproj/stats/sub-HUBS02_ses-2_task-epiproj_stats.nii
 + created 19 FDR curves in bucket header
++ Wrote 3D+time dataset into /projects/b1081/NSF_HUBS/Nifti/derivatives/TaskStats_CIFTI_23.2.0/sub-HUBS02/task_glm_outputs/epiproj/stats/sub-HUBS02_ses-2_task-epiproj_fitts.nii
++ Wrote 3D+time dataset into /projects/b1081/NSF_HUBS/Nifti/derivatives/TaskStats_CIFTI_23.2.0/sub-HUBS02/task_glm_outputs/epiproj/stats/sub-HUBS02_ses-2_task-epiproj_errts.nii
++ Program finished; elapsed time=11.811
449
++ 3dcalc: AFNI version=AFNI_24.1.11 (May 10 2024) [64-bit]
++ Authored by: A cast of thousands
++ Output dataset /projects/b1081/NSF_HUBS/Nifti/derivatives/TaskStats_CIFTI_23.2.0/sub-HUBS02/task_glm_outputs/epiproj/stats/sub-HUBS02_ses-2_task-epiproj_zstats.nii
done fake nifti to cifti
done fake nifti to cifti
sub-HUBS02_ses-4_task-epiproj_LR_surf_subcort_222_32k_fsLR_smooth1
done fake nifti
++ 3dTstat: AFNI version=AFNI_24.1.11 (May 10 2024) [64-bit]
++ Authored by: KR Hammett & RW Cox
++ Output dataset ./sub-HUBS02_ses-4_task-epiproj_LR_surf_subcort_222_32k_fsLR_smooth1_mean.nii
++ 3dcalc: AFNI version=AFNI_24.1.11 (May 10 2024) [64-bit]
++ Authored by: A cast of thousands
++ Output dataset ./sub-HUBS02_ses-4_task-epiproj_LR_surf_subcort_222_32k_fsLR_smooth1_scale.nii
++ 3dDeconvolve: AFNI version=AFNI_24.1.11 (May 10 2024) [64-bit]
++ Authored by: B. Douglas Ward, et al.
++ loading dataset /projects/b1081/NSF_HUBS/Nifti/derivatives/TaskStats_CIFTI_23.2.0/sub-HUBS02/task_glm_outputs/epiproj/scale/sub-HUBS02_ses-4_task-epiproj_LR_surf_subcort_222_32k_fsLR_smooth1_scale.nii
++ forcibly using TR=1.3550 seconds for -input dataset
++ Skipping check for initial transients
++ Imaging duration=624.7 s; Automatic polort=5
++ -stim_times using TR=1.355 s for stimulus timing conversion
++ -stim_times using TR=1.355 s for any -iresp output datasets
++  [you can alter the -iresp TR via the -TR_times option]
++ ** -stim_times NOTE ** guessing GLOBAL times if 1 time per line; LOCAL otherwise
++ ** GUESSED ** -stim_times 1 using LOCAL times
++ ** GUESSED ** -stim_times 2 using LOCAL times
++ ** GUESSED ** -stim_times 3 using LOCAL times
++ ** GUESSED ** -stim_times 4 using LOCAL times
++ ** GUESSED ** -stim_times 5 using LOCAL times
++ ** GUESSED ** -stim_times 6 using LOCAL times
------------------------------------------------------------
GLT matrix from 'SYM: pastself -presentself':
   0   0   0   0   0   0   0  -1   1   0   0   0 
 
------------------------------------------------------------
GLT matrix from 'SYM: futureself -presentself':
   0   0   0   0   0   0   1  -1   0   0   0   0 
 
------------------------------------------------------------
GLT matrix from 'SYM: futureself +pastself +presentself -futurenonself -pastnonself -presentnonself':
   0   0   0   0   0   0   1   1   1  -1  -1  -1 
 
++ Number of time points: 461 (no censoring)
 + Number of parameters:  12 [6 baseline ; 6 signal]
++ total shared memory needed = 373,543,800 bytes (about 374 million)
++ mmap() memory allocated: 373,543,800 bytes (about 374 million)
++ Memory required for output bricks = 373,543,800 bytes (about 374 million)
++ Wrote matrix image to file /projects/b1081/NSF_HUBS/Nifti/derivatives/TaskStats_CIFTI_23.2.0/sub-HUBS02/task_glm_outputs/epiproj/stats/sub-HUBS02_ses-4_task-epiproj_X.jpg
++ Wrote matrix values to file /projects/b1081/NSF_HUBS/Nifti/derivatives/TaskStats_CIFTI_23.2.0/sub-HUBS02/task_glm_outputs/epiproj/stats/sub-HUBS02_ses-4_task-epiproj_X.xmat.1D
++ ========= Things you can do with the matrix file =========
++ (a) Linear regression with ARMA(1,1) modeling of serial correlation:

3dREMLfit -matrix /projects/b1081/NSF_HUBS/Nifti/derivatives/TaskStats_CIFTI_23.2.0/sub-HUBS02/task_glm_outputs/epiproj/stats/sub-HUBS02_ses-4_task-epiproj_X.xmat.1D -input /projects/b1081/NSF_HUBS/Nifti/derivatives/TaskStats_CIFTI_23.2.0/sub-HUBS02/task_glm_outputs/epiproj/scale/sub-HUBS02_ses-4_task-epiproj_LR_surf_subcort_222_32k_fsLR_smooth1_scale.nii \
 -fout -tout -Rbuck /projects/b1081/NSF_HUBS/Nifti/derivatives/TaskStats_CIFTI_23.2.0/sub-HUBS02/task_glm_outputs/epiproj/stats/sub-HUBS02_ses-4_task-epiproj_stats_REML -Rvar /projects/b1081/NSF_HUBS/Nifti/derivatives/TaskStats_CIFTI_23.2.0/sub-HUBS02/task_glm_outputs/epiproj/stats/sub-HUBS02_ses-4_task-epiproj_stats_REMLvar \
 -Rfitts /projects/b1081/NSF_HUBS/Nifti/derivatives/TaskStats_CIFTI_23.2.0/sub-HUBS02/task_glm_outputs/epiproj/stats/sub-HUBS02_ses-4_task-epiproj_fitts_REML \
 -Rerrts /projects/b1081/NSF_HUBS/Nifti/derivatives/TaskStats_CIFTI_23.2.0/sub-HUBS02/task_glm_outputs/epiproj/stats/sub-HUBS02_ses-4_task-epiproj_errts_REML -verb
 
++ N.B.: 3dREMLfit command above written to file /projects/b1081/NSF_HUBS/Nifti/derivatives/TaskStats_CIFTI_23.REML_cmd
++ (b) Visualization/analysis of the matrix via ExamineXmat.R
++ (c) Synthesis of sub-model datasets using 3dSynthesize
++ ==========================================================
++ ----- Signal+Baseline matrix condition [X] (461x12):  1.74682  ++ VERY GOOD ++
++ ----- Signal-only matrix condition [X] (461x6):  1.00018  ++ VERY GOOD ++
++ ----- Baseline-only matrix condition [X] (461x6):  1.01182  ++ VERY GOOD ++
++ ----- polort-only matrix condition [X] (461x6):  1.01182  ++ VERY GOOD ++
++ +++++ Matrix inverse average error = 4.72482e-16  ++ VERY GOOD ++
++ Matrix setup time = 0.97 s
++ Voxels in dataset: 98301
++ Voxels per job:    12287
++ Job #1: processing voxels 12287 to 24573; elapsed time=1.556
++ Job #2: processing voxels 24574 to 36860; elapsed time=1.569
++ Job #3: processing voxels 36861 to 49147; elapsed time=1.583
++ Job #4: processing voxels 49148 to 61434; elapsed time=1.596
++ Job #5: processing voxels 61435 to 73721; elapsed time=1.611
++ Job #6: processing voxels 73722 to 86008; elapsed time=1.625
++ Job #7: processing voxels 86009 to 98300; elapsed time=1.640
++ Job #0: processing voxels 0 to 12286; elapsed time=1.650
++ voxel loop:0123456789.0123456789.0123456789.0123456789.012345++ Job #1 finished; elapsed time=2.434
++ Job #2 finished; elapsed time=2.444
6++ Job #3 finished; elapsed time=2.460
7++ Job #4 finished; elapsed time=2.466
8++ Job #5 finished; elapsed time=2.483
9.
++ Job #0 waiting for children to finish; elapsed time=2.497
++ Job #6 finished; elapsed time=2.499
++ Job #7 finished; elapsed time=2.509
++ Job #0 now finishing up; elapsed time=2.513
++ Smallest FDR q [0 Full_Fstat] = 2.60594e-15
++ Smallest FDR q [2 futureself#0_Tstat] = 1.47197e-14
++ Smallest FDR q [3 futureself_Fstat] = 1.47188e-14
++ Smallest FDR q [5 presentself#0_Tstat] = 9.84345e-15
++ Smallest FDR q [6 presentself_Fstat] = 9.84293e-15
++ Smallest FDR q [8 pastself#0_Tstat] = 1.40921e-14
++ Smallest FDR q [9 pastself_Fstat] = 1.40912e-14
++ Smallest FDR q [11 futurenonself#0_Tstat] = 8.26907e-15
++ Smallest FDR q [12 futurenonself_Fstat] = 8.26829e-15
++ Smallest FDR q [14 presentnonself#0_Tstat] = 8.48778e-15
++ Smallest FDR q [15 presentnonself_Fstat] = 8.48708e-15
++ Smallest FDR q [17 pastnonself#0_Tstat] = 6.54647e-15
++ Smallest FDR q [18 pastnonself_Fstat] = 6.54612e-15
++ Smallest FDR q [20 past_present_self_GLT#0_Tstat] = 5.28119e-11
++ Smallest FDR q [21 past_present_self_GLT_Fstat] = 5.28139e-11
++ Smallest FDR q [23 future_present_self_GLT#0_Tstat] = 1.57399e-06
++ Smallest FDR q [24 future_present_self_GLT_Fstat] = 1.57394e-06
++ Smallest FDR q [26 self-nonself_GLT#0_Tstat] = 4.47805e-14
++ Smallest FDR q [27 self-nonself_GLT_Fstat] = 4.47787e-14
++ Wrote bucket dataset into /projects/b1081/NSF_HUBS/Nifti/derivatives/TaskStats_CIFTI_23.2.0/sub-HUBS02/task_glm_outputs/epiproj/stats/sub-HUBS02_ses-4_task-epiproj_stats.nii
 + created 19 FDR curves in bucket header
++ Wrote 3D+time dataset into /projects/b1081/NSF_HUBS/Nifti/derivatives/TaskStats_CIFTI_23.2.0/sub-HUBS02/task_glm_outputs/epiproj/stats/sub-HUBS02_ses-4_task-epiproj_fitts.nii
++ Wrote 3D+time dataset into /projects/b1081/NSF_HUBS/Nifti/derivatives/TaskStats_CIFTI_23.2.0/sub-HUBS02/task_glm_outputs/epiproj/stats/sub-HUBS02_ses-4_task-epiproj_errts.nii
++ Program finished; elapsed time=12.063
449
++ 3dcalc: AFNI version=AFNI_24.1.11 (May 10 2024) [64-bit]
++ Authored by: A cast of thousands
++ Output dataset /projects/b1081/NSF_HUBS/Nifti/derivatives/TaskStats_CIFTI_23.2.0/sub-HUBS02/task_glm_outputs/epiproj/stats/sub-HUBS02_ses-4_task-epiproj_zstats.nii
done fake nifti to cifti
done fake nifti to cifti
sub-HUBS02_ses-5_task-epiproj_LR_surf_subcort_222_32k_fsLR_smooth1
done fake nifti
++ 3dTstat: AFNI version=AFNI_24.1.11 (May 10 2024) [64-bit]
++ Authored by: KR Hammett & RW Cox
++ Output dataset ./sub-HUBS02_ses-5_task-epiproj_LR_surf_subcort_222_32k_fsLR_smooth1_mean.nii
++ 3dcalc: AFNI version=AFNI_24.1.11 (May 10 2024) [64-bit]
++ Authored by: A cast of thousands
++ Output dataset ./sub-HUBS02_ses-5_task-epiproj_LR_surf_subcort_222_32k_fsLR_smooth1_scale.nii
++ 3dDeconvolve: AFNI version=AFNI_24.1.11 (May 10 2024) [64-bit]
++ Authored by: B. Douglas Ward, et al.
++ loading dataset /projects/b1081/NSF_HUBS/Nifti/derivatives/TaskStats_CIFTI_23.2.0/sub-HUBS02/task_glm_outputs/epiproj/scale/sub-HUBS02_ses-5_task-epiproj_LR_surf_subcort_222_32k_fsLR_smooth1_scale.nii
++ forcibly using TR=1.3550 seconds for -input dataset
++ Skipping check for initial transients
++ Imaging duration=624.7 s; Automatic polort=5
++ -stim_times using TR=1.355 s for stimulus timing conversion
++ -stim_times using TR=1.355 s for any -iresp output datasets
++  [you can alter the -iresp TR via the -TR_times option]
++ ** -stim_times NOTE ** guessing GLOBAL times if 1 time per line; LOCAL otherwise
++ ** GUESSED ** -stim_times 1 using LOCAL times
++ ** GUESSED ** -stim_times 2 using LOCAL times
++ ** GUESSED ** -stim_times 3 using LOCAL times
++ ** GUESSED ** -stim_times 4 using LOCAL times
++ ** GUESSED ** -stim_times 5 using LOCAL times
++ ** GUESSED ** -stim_times 6 using LOCAL times
------------------------------------------------------------
GLT matrix from 'SYM: pastself -presentself':
   0   0   0   0   0   0   0  -1   1   0   0   0 
 
------------------------------------------------------------
GLT matrix from 'SYM: futureself -presentself':
   0   0   0   0   0   0   1  -1   0   0   0   0 
 
------------------------------------------------------------
GLT matrix from 'SYM: futureself +pastself +presentself -futurenonself -pastnonself -presentnonself':
   0   0   0   0   0   0   1   1   1  -1  -1  -1 
 
++ Number of time points: 461 (no censoring)
 + Number of parameters:  12 [6 baseline ; 6 signal]
++ total shared memory needed = 373,543,800 bytes (about 374 million)
++ mmap() memory allocated: 373,543,800 bytes (about 374 million)
++ Memory required for output bricks = 373,543,800 bytes (about 374 million)
++ Wrote matrix image to file /projects/b1081/NSF_HUBS/Nifti/derivatives/TaskStats_CIFTI_23.2.0/sub-HUBS02/task_glm_outputs/epiproj/stats/sub-HUBS02_ses-5_task-epiproj_X.jpg
++ Wrote matrix values to file /projects/b1081/NSF_HUBS/Nifti/derivatives/TaskStats_CIFTI_23.2.0/sub-HUBS02/task_glm_outputs/epiproj/stats/sub-HUBS02_ses-5_task-epiproj_X.xmat.1D
++ ========= Things you can do with the matrix file =========
++ (a) Linear regression with ARMA(1,1) modeling of serial correlation:

3dREMLfit -matrix /projects/b1081/NSF_HUBS/Nifti/derivatives/TaskStats_CIFTI_23.2.0/sub-HUBS02/task_glm_outputs/epiproj/stats/sub-HUBS02_ses-5_task-epiproj_X.xmat.1D -input /projects/b1081/NSF_HUBS/Nifti/derivatives/TaskStats_CIFTI_23.2.0/sub-HUBS02/task_glm_outputs/epiproj/scale/sub-HUBS02_ses-5_task-epiproj_LR_surf_subcort_222_32k_fsLR_smooth1_scale.nii \
 -fout -tout -Rbuck /projects/b1081/NSF_HUBS/Nifti/derivatives/TaskStats_CIFTI_23.2.0/sub-HUBS02/task_glm_outputs/epiproj/stats/sub-HUBS02_ses-5_task-epiproj_stats_REML -Rvar /projects/b1081/NSF_HUBS/Nifti/derivatives/TaskStats_CIFTI_23.2.0/sub-HUBS02/task_glm_outputs/epiproj/stats/sub-HUBS02_ses-5_task-epiproj_stats_REMLvar \
 -Rfitts /projects/b1081/NSF_HUBS/Nifti/derivatives/TaskStats_CIFTI_23.2.0/sub-HUBS02/task_glm_outputs/epiproj/stats/sub-HUBS02_ses-5_task-epiproj_fitts_REML \
 -Rerrts /projects/b1081/NSF_HUBS/Nifti/derivatives/TaskStats_CIFTI_23.2.0/sub-HUBS02/task_glm_outputs/epiproj/stats/sub-HUBS02_ses-5_task-epiproj_errts_REML -verb
 
++ N.B.: 3dREMLfit command above written to file /projects/b1081/NSF_HUBS/Nifti/derivatives/TaskStats_CIFTI_23.REML_cmd
++ (b) Visualization/analysis of the matrix via ExamineXmat.R
++ (c) Synthesis of sub-model datasets using 3dSynthesize
++ ==========================================================
++ ----- Signal+Baseline matrix condition [X] (461x12):  1.74669  ++ VERY GOOD ++
++ ----- Signal-only matrix condition [X] (461x6):  1.00018  ++ VERY GOOD ++
++ ----- Baseline-only matrix condition [X] (461x6):  1.01182  ++ VERY GOOD ++
++ ----- polort-only matrix condition [X] (461x6):  1.01182  ++ VERY GOOD ++
++ +++++ Matrix inverse average error = 3.92355e-16  ++ VERY GOOD ++
++ Matrix setup time = 0.95 s
++ Voxels in dataset: 98301
++ Voxels per job:    12287
++ Job #1: processing voxels 12287 to 24573; elapsed time=1.535
++ Job #2: processing voxels 24574 to 36860; elapsed time=1.548
++ Job #3: processing voxels 36861 to 49147; elapsed time=1.561
++ Job #4: processing voxels 49148 to 61434; elapsed time=1.574
++ Job #5: processing voxels 61435 to 73721; elapsed time=1.589
++ Job #6: processing voxels 73722 to 86008; elapsed time=1.603
++ Job #7: processing voxels 86009 to 98300; elapsed time=1.618
++ Job #0: processing voxels 0 to 12286; elapsed time=1.628
++ voxel loop:0123456789.0123456789.0123456789.0123456789.012345++ Job #1 finished; elapsed time=2.421
6++ Job #2 finished; elapsed time=2.435
++ Job #3 finished; elapsed time=2.443
7++ Job #4 finished; elapsed time=2.456
8++ Job #5 finished; elapsed time=2.479
++ Job #6 finished; elapsed time=2.482
9.
++ Job #0 waiting for children to finish; elapsed time=2.485
++ Job #7 finished; elapsed time=2.504
++ Job #0 now finishing up; elapsed time=2.509
++ Smallest FDR q [0 Full_Fstat] = 2.25944e-15
++ Smallest FDR q [2 futureself#0_Tstat] = 1.5046e-14
++ Smallest FDR q [3 futureself_Fstat] = 1.50444e-14
++ Smallest FDR q [5 presentself#0_Tstat] = 6.74313e-15
++ Smallest FDR q [6 presentself_Fstat] = 6.74219e-15
++ Smallest FDR q [8 pastself#0_Tstat] = 1.14932e-14
++ Smallest FDR q [9 pastself_Fstat] = 1.14916e-14
++ Smallest FDR q [11 futurenonself#0_Tstat] = 8.37517e-15
++ Smallest FDR q [12 futurenonself_Fstat] = 8.37407e-15
++ Smallest FDR q [14 presentnonself#0_Tstat] = 1.05067e-14
++ Smallest FDR q [15 presentnonself_Fstat] = 1.05051e-14
++ Smallest FDR q [17 pastnonself#0_Tstat] = 7.78795e-15
++ Smallest FDR q [18 pastnonself_Fstat] = 7.78692e-15
++ Smallest FDR q [20 past_present_self_GLT#0_Tstat] = 1.45124e-10
++ Smallest FDR q [21 past_present_self_GLT_Fstat] = 1.45153e-10
++ Smallest FDR q [23 future_present_self_GLT#0_Tstat] = 1.67759e-13
++ Smallest FDR q [24 future_present_self_GLT_Fstat] = 1.67718e-13
++ Smallest FDR q [26 self-nonself_GLT#0_Tstat] = 3.02044e-13
++ Smallest FDR q [27 self-nonself_GLT_Fstat] = 3.02044e-13
++ Wrote bucket dataset into /projects/b1081/NSF_HUBS/Nifti/derivatives/TaskStats_CIFTI_23.2.0/sub-HUBS02/task_glm_outputs/epiproj/stats/sub-HUBS02_ses-5_task-epiproj_stats.nii
 + created 19 FDR curves in bucket header
++ Wrote 3D+time dataset into /projects/b1081/NSF_HUBS/Nifti/derivatives/TaskStats_CIFTI_23.2.0/sub-HUBS02/task_glm_outputs/epiproj/stats/sub-HUBS02_ses-5_task-epiproj_fitts.nii
++ Wrote 3D+time dataset into /projects/b1081/NSF_HUBS/Nifti/derivatives/TaskStats_CIFTI_23.2.0/sub-HUBS02/task_glm_outputs/epiproj/stats/sub-HUBS02_ses-5_task-epiproj_errts.nii
++ Program finished; elapsed time=11.903
449
++ 3dcalc: AFNI version=AFNI_24.1.11 (May 10 2024) [64-bit]
++ Authored by: A cast of thousands
++ Output dataset /projects/b1081/NSF_HUBS/Nifti/derivatives/TaskStats_CIFTI_23.2.0/sub-HUBS02/task_glm_outputs/epiproj/stats/sub-HUBS02_ses-5_task-epiproj_zstats.nii
done fake nifti to cifti
done fake nifti to cifti
sub-HUBS02_ses-6_task-epiproj_LR_surf_subcort_222_32k_fsLR_smooth1
done fake nifti
++ 3dTstat: AFNI version=AFNI_24.1.11 (May 10 2024) [64-bit]
++ Authored by: KR Hammett & RW Cox
++ Output dataset ./sub-HUBS02_ses-6_task-epiproj_LR_surf_subcort_222_32k_fsLR_smooth1_mean.nii
++ 3dcalc: AFNI version=AFNI_24.1.11 (May 10 2024) [64-bit]
++ Authored by: A cast of thousands
++ Output dataset ./sub-HUBS02_ses-6_task-epiproj_LR_surf_subcort_222_32k_fsLR_smooth1_scale.nii
++ 3dDeconvolve: AFNI version=AFNI_24.1.11 (May 10 2024) [64-bit]
++ Authored by: B. Douglas Ward, et al.
++ loading dataset /projects/b1081/NSF_HUBS/Nifti/derivatives/TaskStats_CIFTI_23.2.0/sub-HUBS02/task_glm_outputs/epiproj/scale/sub-HUBS02_ses-6_task-epiproj_LR_surf_subcort_222_32k_fsLR_smooth1_scale.nii
++ forcibly using TR=1.3550 seconds for -input dataset
++ Skipping check for initial transients
++ Imaging duration=624.7 s; Automatic polort=5
++ -stim_times using TR=1.355 s for stimulus timing conversion
++ -stim_times using TR=1.355 s for any -iresp output datasets
++  [you can alter the -iresp TR via the -TR_times option]
++ ** -stim_times NOTE ** guessing GLOBAL times if 1 time per line; LOCAL otherwise
++ ** GUESSED ** -stim_times 1 using LOCAL times
++ ** GUESSED ** -stim_times 2 using LOCAL times
++ ** GUESSED ** -stim_times 3 using LOCAL times
++ ** GUESSED ** -stim_times 4 using LOCAL times
++ ** GUESSED ** -stim_times 5 using LOCAL times
++ ** GUESSED ** -stim_times 6 using LOCAL times
------------------------------------------------------------
GLT matrix from 'SYM: pastself -presentself':
   0   0   0   0   0   0   0  -1   1   0   0   0 
 
------------------------------------------------------------
GLT matrix from 'SYM: futureself -presentself':
   0   0   0   0   0   0   1  -1   0   0   0   0 
 
------------------------------------------------------------
GLT matrix from 'SYM: futureself +pastself +presentself -futurenonself -pastnonself -presentnonself':
   0   0   0   0   0   0   1   1   1  -1  -1  -1 
 
++ Number of time points: 461 (no censoring)
 + Number of parameters:  12 [6 baseline ; 6 signal]
++ total shared memory needed = 373,543,800 bytes (about 374 million)
++ mmap() memory allocated: 373,543,800 bytes (about 374 million)
++ Memory required for output bricks = 373,543,800 bytes (about 374 million)
++ Wrote matrix image to file /projects/b1081/NSF_HUBS/Nifti/derivatives/TaskStats_CIFTI_23.2.0/sub-HUBS02/task_glm_outputs/epiproj/stats/sub-HUBS02_ses-6_task-epiproj_X.jpg
++ Wrote matrix values to file /projects/b1081/NSF_HUBS/Nifti/derivatives/TaskStats_CIFTI_23.2.0/sub-HUBS02/task_glm_outputs/epiproj/stats/sub-HUBS02_ses-6_task-epiproj_X.xmat.1D
++ ========= Things you can do with the matrix file =========
++ (a) Linear regression with ARMA(1,1) modeling of serial correlation:

3dREMLfit -matrix /projects/b1081/NSF_HUBS/Nifti/derivatives/TaskStats_CIFTI_23.2.0/sub-HUBS02/task_glm_outputs/epiproj/stats/sub-HUBS02_ses-6_task-epiproj_X.xmat.1D -input /projects/b1081/NSF_HUBS/Nifti/derivatives/TaskStats_CIFTI_23.2.0/sub-HUBS02/task_glm_outputs/epiproj/scale/sub-HUBS02_ses-6_task-epiproj_LR_surf_subcort_222_32k_fsLR_smooth1_scale.nii \
 -fout -tout -Rbuck /projects/b1081/NSF_HUBS/Nifti/derivatives/TaskStats_CIFTI_23.2.0/sub-HUBS02/task_glm_outputs/epiproj/stats/sub-HUBS02_ses-6_task-epiproj_stats_REML -Rvar /projects/b1081/NSF_HUBS/Nifti/derivatives/TaskStats_CIFTI_23.2.0/sub-HUBS02/task_glm_outputs/epiproj/stats/sub-HUBS02_ses-6_task-epiproj_stats_REMLvar \
 -Rfitts /projects/b1081/NSF_HUBS/Nifti/derivatives/TaskStats_CIFTI_23.2.0/sub-HUBS02/task_glm_outputs/epiproj/stats/sub-HUBS02_ses-6_task-epiproj_fitts_REML \
 -Rerrts /projects/b1081/NSF_HUBS/Nifti/derivatives/TaskStats_CIFTI_23.2.0/sub-HUBS02/task_glm_outputs/epiproj/stats/sub-HUBS02_ses-6_task-epiproj_errts_REML -verb
 
++ N.B.: 3dREMLfit command above written to file /projects/b1081/NSF_HUBS/Nifti/derivatives/TaskStats_CIFTI_23.REML_cmd
++ (b) Visualization/analysis of the matrix via ExamineXmat.R
++ (c) Synthesis of sub-model datasets using 3dSynthesize
++ ==========================================================
++ ----- Signal+Baseline matrix condition [X] (461x12):  1.74723  ++ VERY GOOD ++
++ ----- Signal-only matrix condition [X] (461x6):  1.00018  ++ VERY GOOD ++
++ ----- Baseline-only matrix condition [X] (461x6):  1.01182  ++ VERY GOOD ++
++ ----- polort-only matrix condition [X] (461x6):  1.01182  ++ VERY GOOD ++
++ +++++ Matrix inverse average error = 3.97408e-16  ++ VERY GOOD ++
++ Matrix setup time = 1.08 s
++ Voxels in dataset: 98301
++ Voxels per job:    12287
++ Job #1: processing voxels 12287 to 24573; elapsed time=1.679
++ Job #2: processing voxels 24574 to 36860; elapsed time=1.692
++ Job #3: processing voxels 36861 to 49147; elapsed time=1.705
++ Job #4: processing voxels 49148 to 61434; elapsed time=1.718
++ Job #5: processing voxels 61435 to 73721; elapsed time=1.733
++ Job #6: processing voxels 73722 to 86008; elapsed time=1.747
++ Job #7: processing voxels 86009 to 98300; elapsed time=1.761
++ Job #0: processing voxels 0 to 12286; elapsed time=1.771
++ voxel loop:0123456789.0123456789.0123456789.0123456789.01234++ Job #1 finished; elapsed time=2.545
5++ Job #2 finished; elapsed time=2.553
++ Job #3 finished; elapsed time=2.560
6++ Job #4 finished; elapsed time=2.573
7++ Job #5 finished; elapsed time=2.592
89.
++ Job #0 waiting for children to finish; elapsed time=2.612
++ Job #6 finished; elapsed time=2.612
++ Job #7 finished; elapsed time=2.614
++ Job #0 now finishing up; elapsed time=2.618
++ Smallest FDR q [0 Full_Fstat] = 3.10369e-15
++ Smallest FDR q [2 futureself#0_Tstat] = 1.34035e-14
++ Smallest FDR q [3 futureself_Fstat] = 1.34037e-14
++ Smallest FDR q [5 presentself#0_Tstat] = 7.98115e-15
++ Smallest FDR q [6 presentself_Fstat] = 7.97974e-15
++ Smallest FDR q [8 pastself#0_Tstat] = 1.44407e-14
++ Smallest FDR q [9 pastself_Fstat] = 1.44407e-14
++ Smallest FDR q [11 futurenonself#0_Tstat] = 1.10915e-14
++ Smallest FDR q [12 futurenonself_Fstat] = 1.10884e-14
++ Smallest FDR q [14 presentnonself#0_Tstat] = 8.3347e-15
++ Smallest FDR q [15 presentnonself_Fstat] = 8.33514e-15
++ Smallest FDR q [17 pastnonself#0_Tstat] = 1.17534e-14
++ Smallest FDR q [18 pastnonself_Fstat] = 1.17528e-14
++ Smallest FDR q [20 past_present_self_GLT#0_Tstat] = 6.544e-12
++ Smallest FDR q [21 past_present_self_GLT_Fstat] = 6.54279e-12
++ Smallest FDR q [23 future_present_self_GLT#0_Tstat] = 7.78324e-12
++ Smallest FDR q [24 future_present_self_GLT_Fstat] = 7.78425e-12
++ Smallest FDR q [26 self-nonself_GLT#0_Tstat] = 1.846e-12
++ Smallest FDR q [27 self-nonself_GLT_Fstat] = 1.84588e-12
++ Wrote bucket dataset into /projects/b1081/NSF_HUBS/Nifti/derivatives/TaskStats_CIFTI_23.2.0/sub-HUBS02/task_glm_outputs/epiproj/stats/sub-HUBS02_ses-6_task-epiproj_stats.nii
 + created 19 FDR curves in bucket header
++ Wrote 3D+time dataset into /projects/b1081/NSF_HUBS/Nifti/derivatives/TaskStats_CIFTI_23.2.0/sub-HUBS02/task_glm_outputs/epiproj/stats/sub-HUBS02_ses-6_task-epiproj_fitts.nii
++ Wrote 3D+time dataset into /projects/b1081/NSF_HUBS/Nifti/derivatives/TaskStats_CIFTI_23.2.0/sub-HUBS02/task_glm_outputs/epiproj/stats/sub-HUBS02_ses-6_task-epiproj_errts.nii
++ Program finished; elapsed time=12.155
449
++ 3dcalc: AFNI version=AFNI_24.1.11 (May 10 2024) [64-bit]
++ Authored by: A cast of thousands
++ Output dataset /projects/b1081/NSF_HUBS/Nifti/derivatives/TaskStats_CIFTI_23.2.0/sub-HUBS02/task_glm_outputs/epiproj/stats/sub-HUBS02_ses-6_task-epiproj_zstats.nii
done fake nifti to cifti
done fake nifti to cifti
sub-HUBS02_ses-7_task-epiproj_LR_surf_subcort_222_32k_fsLR_smooth1
done fake nifti
++ 3dTstat: AFNI version=AFNI_24.1.11 (May 10 2024) [64-bit]
++ Authored by: KR Hammett & RW Cox
++ Output dataset ./sub-HUBS02_ses-7_task-epiproj_LR_surf_subcort_222_32k_fsLR_smooth1_mean.nii
++ 3dcalc: AFNI version=AFNI_24.1.11 (May 10 2024) [64-bit]
++ Authored by: A cast of thousands
++ Output dataset ./sub-HUBS02_ses-7_task-epiproj_LR_surf_subcort_222_32k_fsLR_smooth1_scale.nii
++ 3dDeconvolve: AFNI version=AFNI_24.1.11 (May 10 2024) [64-bit]
++ Authored by: B. Douglas Ward, et al.
++ loading dataset /projects/b1081/NSF_HUBS/Nifti/derivatives/TaskStats_CIFTI_23.2.0/sub-HUBS02/task_glm_outputs/epiproj/scale/sub-HUBS02_ses-7_task-epiproj_LR_surf_subcort_222_32k_fsLR_smooth1_scale.nii
++ forcibly using TR=1.3550 seconds for -input dataset
++ Skipping check for initial transients
++ Imaging duration=624.7 s; Automatic polort=5
++ -stim_times using TR=1.355 s for stimulus timing conversion
++ -stim_times using TR=1.355 s for any -iresp output datasets
++  [you can alter the -iresp TR via the -TR_times option]
++ ** -stim_times NOTE ** guessing GLOBAL times if 1 time per line; LOCAL otherwise
++ ** GUESSED ** -stim_times 1 using LOCAL times
++ ** GUESSED ** -stim_times 2 using LOCAL times
++ ** GUESSED ** -stim_times 3 using LOCAL times
++ ** GUESSED ** -stim_times 4 using LOCAL times
++ ** GUESSED ** -stim_times 5 using LOCAL times
++ ** GUESSED ** -stim_times 6 using LOCAL times
------------------------------------------------------------
GLT matrix from 'SYM: pastself -presentself':
   0   0   0   0   0   0   0  -1   1   0   0   0 
 
------------------------------------------------------------
GLT matrix from 'SYM: futureself -presentself':
   0   0   0   0   0   0   1  -1   0   0   0   0 
 
------------------------------------------------------------
GLT matrix from 'SYM: futureself +pastself +presentself -futurenonself -pastnonself -presentnonself':
   0   0   0   0   0   0   1   1   1  -1  -1  -1 
 
++ Number of time points: 461 (no censoring)
 + Number of parameters:  12 [6 baseline ; 6 signal]
++ total shared memory needed = 373,543,800 bytes (about 374 million)
++ mmap() memory allocated: 373,543,800 bytes (about 374 million)
++ Memory required for output bricks = 373,543,800 bytes (about 374 million)
++ Wrote matrix image to file /projects/b1081/NSF_HUBS/Nifti/derivatives/TaskStats_CIFTI_23.2.0/sub-HUBS02/task_glm_outputs/epiproj/stats/sub-HUBS02_ses-7_task-epiproj_X.jpg
++ Wrote matrix values to file /projects/b1081/NSF_HUBS/Nifti/derivatives/TaskStats_CIFTI_23.2.0/sub-HUBS02/task_glm_outputs/epiproj/stats/sub-HUBS02_ses-7_task-epiproj_X.xmat.1D
++ ========= Things you can do with the matrix file =========
++ (a) Linear regression with ARMA(1,1) modeling of serial correlation:

3dREMLfit -matrix /projects/b1081/NSF_HUBS/Nifti/derivatives/TaskStats_CIFTI_23.2.0/sub-HUBS02/task_glm_outputs/epiproj/stats/sub-HUBS02_ses-7_task-epiproj_X.xmat.1D -input /projects/b1081/NSF_HUBS/Nifti/derivatives/TaskStats_CIFTI_23.2.0/sub-HUBS02/task_glm_outputs/epiproj/scale/sub-HUBS02_ses-7_task-epiproj_LR_surf_subcort_222_32k_fsLR_smooth1_scale.nii \
 -fout -tout -Rbuck /projects/b1081/NSF_HUBS/Nifti/derivatives/TaskStats_CIFTI_23.2.0/sub-HUBS02/task_glm_outputs/epiproj/stats/sub-HUBS02_ses-7_task-epiproj_stats_REML -Rvar /projects/b1081/NSF_HUBS/Nifti/derivatives/TaskStats_CIFTI_23.2.0/sub-HUBS02/task_glm_outputs/epiproj/stats/sub-HUBS02_ses-7_task-epiproj_stats_REMLvar \
 -Rfitts /projects/b1081/NSF_HUBS/Nifti/derivatives/TaskStats_CIFTI_23.2.0/sub-HUBS02/task_glm_outputs/epiproj/stats/sub-HUBS02_ses-7_task-epiproj_fitts_REML \
 -Rerrts /projects/b1081/NSF_HUBS/Nifti/derivatives/TaskStats_CIFTI_23.2.0/sub-HUBS02/task_glm_outputs/epiproj/stats/sub-HUBS02_ses-7_task-epiproj_errts_REML -verb
 
++ N.B.: 3dREMLfit command above written to file /projects/b1081/NSF_HUBS/Nifti/derivatives/TaskStats_CIFTI_23.REML_cmd
++ (b) Visualization/analysis of the matrix via ExamineXmat.R
++ (c) Synthesis of sub-model datasets using 3dSynthesize
++ ==========================================================
++ ----- Signal+Baseline matrix condition [X] (461x12):  1.74632  ++ VERY GOOD ++
++ ----- Signal-only matrix condition [X] (461x6):  1.00021  ++ VERY GOOD ++
++ ----- Baseline-only matrix condition [X] (461x6):  1.01182  ++ VERY GOOD ++
++ ----- polort-only matrix condition [X] (461x6):  1.01182  ++ VERY GOOD ++
++ +++++ Matrix inverse average error = 4.55365e-16  ++ VERY GOOD ++
++ Matrix setup time = 0.96 s
++ Voxels in dataset: 98301
++ Voxels per job:    12287
++ Job #1: processing voxels 12287 to 24573; elapsed time=1.626
++ Job #2: processing voxels 24574 to 36860; elapsed time=1.639
++ Job #3: processing voxels 36861 to 49147; elapsed time=1.652
++ Job #4: processing voxels 49148 to 61434; elapsed time=1.666
++ Job #5: processing voxels 61435 to 73721; elapsed time=1.680
++ Job #6: processing voxels 73722 to 86008; elapsed time=1.694
++ Job #7: processing voxels 86009 to 98300; elapsed time=1.709
++ Job #0: processing voxels 0 to 12286; elapsed time=1.719
++ voxel loop:0123456789.0123456789.0123456789.0123456789.012345++ Job #1 finished; elapsed time=2.494
++ Job #2 finished; elapsed time=2.502
6++ Job #3 finished; elapsed time=2.516
7++ Job #4 finished; elapsed time=2.534
8++ Job #5 finished; elapsed time=2.547
9.
++ Job #0 waiting for children to finish; elapsed time=2.556
++ Job #6 finished; elapsed time=2.559
++ Job #7 finished; elapsed time=2.567
++ Job #0 now finishing up; elapsed time=2.571
++ Smallest FDR q [0 Full_Fstat] = 3.6559e-15
++ Smallest FDR q [2 futureself#0_Tstat] = 1.59166e-14
++ Smallest FDR q [3 futureself_Fstat] = 1.59179e-14
++ Smallest FDR q [5 presentself#0_Tstat] = 1.06966e-14
++ Smallest FDR q [6 presentself_Fstat] = 1.06945e-14
++ Smallest FDR q [8 pastself#0_Tstat] = 1.48749e-14
++ Smallest FDR q [9 pastself_Fstat] = 1.48743e-14
++ Smallest FDR q [11 futurenonself#0_Tstat] = 1.20284e-14
++ Smallest FDR q [12 futurenonself_Fstat] = 1.20284e-14
++ Smallest FDR q [14 presentnonself#0_Tstat] = 8.28279e-15
++ Smallest FDR q [15 presentnonself_Fstat] = 8.28214e-15
++ Smallest FDR q [17 pastnonself#0_Tstat] = 1.12593e-14
++ Smallest FDR q [18 pastnonself_Fstat] = 1.12588e-14
++ Smallest FDR q [20 past_present_self_GLT#0_Tstat] = 1.5817e-11
++ Smallest FDR q [21 past_present_self_GLT_Fstat] = 1.58155e-11
++ Smallest FDR q [23 future_present_self_GLT#0_Tstat] = 4.37774e-05
++ Smallest FDR q [24 future_present_self_GLT_Fstat] = 4.3777e-05
++ Smallest FDR q [26 self-nonself_GLT#0_Tstat] = 1.3601e-13
++ Smallest FDR q [27 self-nonself_GLT_Fstat] = 1.36005e-13
++ Wrote bucket dataset into /projects/b1081/NSF_HUBS/Nifti/derivatives/TaskStats_CIFTI_23.2.0/sub-HUBS02/task_glm_outputs/epiproj/stats/sub-HUBS02_ses-7_task-epiproj_stats.nii
 + created 19 FDR curves in bucket header
++ Wrote 3D+time dataset into /projects/b1081/NSF_HUBS/Nifti/derivatives/TaskStats_CIFTI_23.2.0/sub-HUBS02/task_glm_outputs/epiproj/stats/sub-HUBS02_ses-7_task-epiproj_fitts.nii
++ Wrote 3D+time dataset into /projects/b1081/NSF_HUBS/Nifti/derivatives/TaskStats_CIFTI_23.2.0/sub-HUBS02/task_glm_outputs/epiproj/stats/sub-HUBS02_ses-7_task-epiproj_errts.nii
++ Program finished; elapsed time=12.329
449
++ 3dcalc: AFNI version=AFNI_24.1.11 (May 10 2024) [64-bit]
++ Authored by: A cast of thousands
++ Output dataset /projects/b1081/NSF_HUBS/Nifti/derivatives/TaskStats_CIFTI_23.2.0/sub-HUBS02/task_glm_outputs/epiproj/stats/sub-HUBS02_ses-7_task-epiproj_zstats.nii
done fake nifti to cifti
done fake nifti to cifti
