MATLAB is selecting SOFTWARE OPENGL rendering.

                            < M A T L A B (R) >
                  Copyright 1984-2022 The MathWorks, Inc.
             R2022a Update 4 (9.12.0.2009381) 64-bit (glnxa64)
                                July 7, 2022

 
To get started, type doc.
For product information, visit www.mathworks.com.
 
sub-HUBS02_ses-1_task-langlocaud_LR_surf_subcort_222_32k_fsLR_smooth1
done fake nifti
++ 3dTstat: AFNI version=AFNI_24.1.11 (May 10 2024) [64-bit]
++ Authored by: KR Hammett & RW Cox
++ Output dataset ./sub-HUBS02_ses-1_task-langlocaud_LR_surf_subcort_222_32k_fsLR_smooth1_mean.nii
++ 3dcalc: AFNI version=AFNI_24.1.11 (May 10 2024) [64-bit]
++ Authored by: A cast of thousands
++ Output dataset ./sub-HUBS02_ses-1_task-langlocaud_LR_surf_subcort_222_32k_fsLR_smooth1_scale.nii
++ 3dDeconvolve: AFNI version=AFNI_24.1.11 (May 10 2024) [64-bit]
++ Authored by: B. Douglas Ward, et al.
++ loading dataset /projects/b1081/NSF_HUBS/Nifti/derivatives/TaskStats_CIFTI_23.2.0/sub-HUBS02/task_glm_outputs/langlocaud/scale/sub-HUBS02_ses-1_task-langlocaud_LR_surf_subcort_222_32k_fsLR_smooth1_scale.nii
++ forcibly using TR=1.3550 seconds for -input dataset
++ Skipping check for initial transients
++ Imaging duration=359.1 s; Automatic polort=3
++ -stim_times using TR=1.355 s for stimulus timing conversion
++ -stim_times using TR=1.355 s for any -iresp output datasets
++  [you can alter the -iresp TR via the -TR_times option]
++ ** -stim_times NOTE ** guessing GLOBAL times if 1 time per line; LOCAL otherwise
++ ** GUESSED ** -stim_times 1 using LOCAL times
++ ** GUESSED ** -stim_times 2 using LOCAL times
------------------------------------------------------------
GLT matrix from 'SYM: int -deg':
   0   0   0   0   1  -1 
 
++ Number of time points: 265 (no censoring)
 + Number of parameters:  6 [4 baseline ; 2 signal]
++ total shared memory needed = 212,330,160 bytes (about 212 million)
++ mmap() memory allocated: 212,330,160 bytes (about 212 million)
++ Memory required for output bricks = 212,330,160 bytes (about 212 million)
++ Wrote matrix image to file /projects/b1081/NSF_HUBS/Nifti/derivatives/TaskStats_CIFTI_23.2.0/sub-HUBS02/task_glm_outputs/langlocaud/stats/sub-HUBS02_ses-1_task-langlocaud_X.jpg
++ Wrote matrix values to file /projects/b1081/NSF_HUBS/Nifti/derivatives/TaskStats_CIFTI_23.2.0/sub-HUBS02/task_glm_outputs/langlocaud/stats/sub-HUBS02_ses-1_task-langlocaud_X.xmat.1D
++ ========= Things you can do with the matrix file =========
++ (a) Linear regression with ARMA(1,1) modeling of serial correlation:

3dREMLfit -matrix /projects/b1081/NSF_HUBS/Nifti/derivatives/TaskStats_CIFTI_23.2.0/sub-HUBS02/task_glm_outputs/langlocaud/stats/sub-HUBS02_ses-1_task-langlocaud_X.xmat.1D -input /projects/b1081/NSF_HUBS/Nifti/derivatives/TaskStats_CIFTI_23.2.0/sub-HUBS02/task_glm_outputs/langlocaud/scale/sub-HUBS02_ses-1_task-langlocaud_LR_surf_subcort_222_32k_fsLR_smooth1_scale.nii \
 -fout -tout -Rbuck /projects/b1081/NSF_HUBS/Nifti/derivatives/TaskStats_CIFTI_23.2.0/sub-HUBS02/task_glm_outputs/langlocaud/stats/sub-HUBS02_ses-1_task-langlocaud_stats_REML -Rvar /projects/b1081/NSF_HUBS/Nifti/derivatives/TaskStats_CIFTI_23.2.0/sub-HUBS02/task_glm_outputs/langlocaud/stats/sub-HUBS02_ses-1_task-langlocaud_stats_REMLvar \
 -Rfitts /projects/b1081/NSF_HUBS/Nifti/derivatives/TaskStats_CIFTI_23.2.0/sub-HUBS02/task_glm_outputs/langlocaud/stats/sub-HUBS02_ses-1_task-langlocaud_fitts_REML \
 -Rerrts /projects/b1081/NSF_HUBS/Nifti/derivatives/TaskStats_CIFTI_23.2.0/sub-HUBS02/task_glm_outputs/langlocaud/stats/sub-HUBS02_ses-1_task-langlocaud_errts_REML -verb
 
++ N.B.: 3dREMLfit command above written to file /projects/b1081/NSF_HUBS/Nifti/derivatives/TaskStats_CIFTI_23.REML_cmd
++ (b) Visualization/analysis of the matrix via ExamineXmat.R
++ (c) Synthesis of sub-model datasets using 3dSynthesize
++ ==========================================================
++ ----- Signal+Baseline matrix condition [X] (265x6):  2.20854  ++ VERY GOOD ++
++ ----- Signal-only matrix condition [X] (265x2):  1.04984  ++ VERY GOOD ++
++ ----- Baseline-only matrix condition [X] (265x4):  1.00863  ++ VERY GOOD ++
++ ----- polort-only matrix condition [X] (265x4):  1.00863  ++ VERY GOOD ++
++ +++++ Matrix inverse average error = 6.93105e-16  ++ VERY GOOD ++
++ Matrix setup time = 0.69 s
++ Voxels in dataset: 98301
++ Voxels per job:    12287
++ Job #1: processing voxels 12287 to 24573; elapsed time=1.002
++ Job #2: processing voxels 24574 to 36860; elapsed time=1.014
++ Job #3: processing voxels 36861 to 49147; elapsed time=1.027
++ Job #4: processing voxels 49148 to 61434; elapsed time=1.040
++ Job #5: processing voxels 61435 to 73721; elapsed time=1.053
++ Job #6: processing voxels 73722 to 86008; elapsed time=1.066
++ Job #7: processing voxels 86009 to 98300; elapsed time=1.079
++ Job #0: processing voxels 0 to 12286; elapsed time=1.089
++ voxel loop:0123456789.0123456789.0123456789.0++ Job #1 finished; elapsed time=1.230
12++ Job #2 finished; elapsed time=1.237
345++ Job #3 finished; elapsed time=1.251
678++ Job #4 finished; elapsed time=1.264
9.012++ Job #5 finished; elapsed time=1.280
345++ Job #6 finished; elapsed time=1.291
6789.
++ Job #0 waiting for children to finish; elapsed time=1.305
++ Job #7 finished; elapsed time=1.321
++ Job #0 now finishing up; elapsed time=1.326
++ Smallest FDR q [0 Full_Fstat] = 8.04554e-15
++ Smallest FDR q [2 int#0_Tstat] = 1.12996e-14
++ Smallest FDR q [3 int_Fstat] = 1.12971e-14
++ Smallest FDR q [5 deg#0_Tstat] = 2.43211e-14
++ Smallest FDR q [6 deg_Fstat] = 2.43206e-14
++ Smallest FDR q [8 int-deg_GLT#0_Tstat] = 8.95221e-14
++ Smallest FDR q [9 int-deg_GLT_Fstat] = 8.9512e-14
++ Wrote bucket dataset into /projects/b1081/NSF_HUBS/Nifti/derivatives/TaskStats_CIFTI_23.2.0/sub-HUBS02/task_glm_outputs/langlocaud/stats/sub-HUBS02_ses-1_task-langlocaud_stats.nii
 + created 7 FDR curves in bucket header
++ Wrote 3D+time dataset into /projects/b1081/NSF_HUBS/Nifti/derivatives/TaskStats_CIFTI_23.2.0/sub-HUBS02/task_glm_outputs/langlocaud/stats/sub-HUBS02_ses-1_task-langlocaud_fitts.nii
++ Wrote 3D+time dataset into /projects/b1081/NSF_HUBS/Nifti/derivatives/TaskStats_CIFTI_23.2.0/sub-HUBS02/task_glm_outputs/langlocaud/stats/sub-HUBS02_ses-1_task-langlocaud_errts.nii
++ Program finished; elapsed time=3.404
259
++ 3dcalc: AFNI version=AFNI_24.1.11 (May 10 2024) [64-bit]
++ Authored by: A cast of thousands
++ Output dataset /projects/b1081/NSF_HUBS/Nifti/derivatives/TaskStats_CIFTI_23.2.0/sub-HUBS02/task_glm_outputs/langlocaud/stats/sub-HUBS02_ses-1_task-langlocaud_zstats.nii
done fake nifti to cifti
done fake nifti to cifti
sub-HUBS02_ses-2_task-langlocaud_LR_surf_subcort_222_32k_fsLR_smooth1
done fake nifti
++ 3dTstat: AFNI version=AFNI_24.1.11 (May 10 2024) [64-bit]
++ Authored by: KR Hammett & RW Cox
++ Output dataset ./sub-HUBS02_ses-2_task-langlocaud_LR_surf_subcort_222_32k_fsLR_smooth1_mean.nii
++ 3dcalc: AFNI version=AFNI_24.1.11 (May 10 2024) [64-bit]
++ Authored by: A cast of thousands
++ Output dataset ./sub-HUBS02_ses-2_task-langlocaud_LR_surf_subcort_222_32k_fsLR_smooth1_scale.nii
++ 3dDeconvolve: AFNI version=AFNI_24.1.11 (May 10 2024) [64-bit]
++ Authored by: B. Douglas Ward, et al.
++ loading dataset /projects/b1081/NSF_HUBS/Nifti/derivatives/TaskStats_CIFTI_23.2.0/sub-HUBS02/task_glm_outputs/langlocaud/scale/sub-HUBS02_ses-2_task-langlocaud_LR_surf_subcort_222_32k_fsLR_smooth1_scale.nii
++ forcibly using TR=1.3550 seconds for -input dataset
++ Skipping check for initial transients
++ Imaging duration=359.1 s; Automatic polort=3
++ -stim_times using TR=1.355 s for stimulus timing conversion
++ -stim_times using TR=1.355 s for any -iresp output datasets
++  [you can alter the -iresp TR via the -TR_times option]
++ ** -stim_times NOTE ** guessing GLOBAL times if 1 time per line; LOCAL otherwise
++ ** GUESSED ** -stim_times 1 using LOCAL times
++ ** GUESSED ** -stim_times 2 using LOCAL times
------------------------------------------------------------
GLT matrix from 'SYM: int -deg':
   0   0   0   0   1  -1 
 
++ Number of time points: 265 (no censoring)
 + Number of parameters:  6 [4 baseline ; 2 signal]
++ total shared memory needed = 212,330,160 bytes (about 212 million)
++ mmap() memory allocated: 212,330,160 bytes (about 212 million)
++ Memory required for output bricks = 212,330,160 bytes (about 212 million)
++ Wrote matrix image to file /projects/b1081/NSF_HUBS/Nifti/derivatives/TaskStats_CIFTI_23.2.0/sub-HUBS02/task_glm_outputs/langlocaud/stats/sub-HUBS02_ses-2_task-langlocaud_X.jpg
++ Wrote matrix values to file /projects/b1081/NSF_HUBS/Nifti/derivatives/TaskStats_CIFTI_23.2.0/sub-HUBS02/task_glm_outputs/langlocaud/stats/sub-HUBS02_ses-2_task-langlocaud_X.xmat.1D
++ ========= Things you can do with the matrix file =========
++ (a) Linear regression with ARMA(1,1) modeling of serial correlation:

3dREMLfit -matrix /projects/b1081/NSF_HUBS/Nifti/derivatives/TaskStats_CIFTI_23.2.0/sub-HUBS02/task_glm_outputs/langlocaud/stats/sub-HUBS02_ses-2_task-langlocaud_X.xmat.1D -input /projects/b1081/NSF_HUBS/Nifti/derivatives/TaskStats_CIFTI_23.2.0/sub-HUBS02/task_glm_outputs/langlocaud/scale/sub-HUBS02_ses-2_task-langlocaud_LR_surf_subcort_222_32k_fsLR_smooth1_scale.nii \
 -fout -tout -Rbuck /projects/b1081/NSF_HUBS/Nifti/derivatives/TaskStats_CIFTI_23.2.0/sub-HUBS02/task_glm_outputs/langlocaud/stats/sub-HUBS02_ses-2_task-langlocaud_stats_REML -Rvar /projects/b1081/NSF_HUBS/Nifti/derivatives/TaskStats_CIFTI_23.2.0/sub-HUBS02/task_glm_outputs/langlocaud/stats/sub-HUBS02_ses-2_task-langlocaud_stats_REMLvar \
 -Rfitts /projects/b1081/NSF_HUBS/Nifti/derivatives/TaskStats_CIFTI_23.2.0/sub-HUBS02/task_glm_outputs/langlocaud/stats/sub-HUBS02_ses-2_task-langlocaud_fitts_REML \
 -Rerrts /projects/b1081/NSF_HUBS/Nifti/derivatives/TaskStats_CIFTI_23.2.0/sub-HUBS02/task_glm_outputs/langlocaud/stats/sub-HUBS02_ses-2_task-langlocaud_errts_REML -verb
 
++ N.B.: 3dREMLfit command above written to file /projects/b1081/NSF_HUBS/Nifti/derivatives/TaskStats_CIFTI_23.REML_cmd
++ (b) Visualization/analysis of the matrix via ExamineXmat.R
++ (c) Synthesis of sub-model datasets using 3dSynthesize
++ ==========================================================
++ ----- Signal+Baseline matrix condition [X] (265x6):  2.20854  ++ VERY GOOD ++
++ ----- Signal-only matrix condition [X] (265x2):  1.04984  ++ VERY GOOD ++
++ ----- Baseline-only matrix condition [X] (265x4):  1.00863  ++ VERY GOOD ++
++ ----- polort-only matrix condition [X] (265x4):  1.00863  ++ VERY GOOD ++
++ +++++ Matrix inverse average error = 6.77279e-16  ++ VERY GOOD ++
++ Matrix setup time = 0.62 s
++ Voxels in dataset: 98301
++ Voxels per job:    12287
++ Job #1: processing voxels 12287 to 24573; elapsed time=0.915
++ Job #2: processing voxels 24574 to 36860; elapsed time=0.927
++ Job #3: processing voxels 36861 to 49147; elapsed time=0.941
++ Job #4: processing voxels 49148 to 61434; elapsed time=0.954
++ Job #5: processing voxels 61435 to 73721; elapsed time=0.968
++ Job #6: processing voxels 73722 to 86008; elapsed time=0.981
++ Job #7: processing voxels 86009 to 98300; elapsed time=0.994
++ Job #0: processing voxels 0 to 12286; elapsed time=1.004
++ voxel loop:0123456789.0123456789.012345678++ Job #1 finished; elapsed time=1.143
9.012++ Job #2 finished; elapsed time=1.160
3456++ Job #3 finished; elapsed time=1.176
789.++ Job #4 finished; elapsed time=1.189
0123++ Job #5 finished; elapsed time=1.204
456++ Job #6 finished; elapsed time=1.216
789.
++ Job #0 waiting for children to finish; elapsed time=1.229
++ Job #7 finished; elapsed time=1.269
++ Job #0 now finishing up; elapsed time=1.274
++ Smallest FDR q [0 Full_Fstat] = 1.27872e-14
++ Smallest FDR q [2 int#0_Tstat] = 2.3541e-14
++ Smallest FDR q [3 int_Fstat] = 2.35373e-14
++ Smallest FDR q [5 deg#0_Tstat] = 2.27222e-14
++ Smallest FDR q [6 deg_Fstat] = 2.27187e-14
++ Smallest FDR q [8 int-deg_GLT#0_Tstat] = 1.05313e-13
++ Smallest FDR q [9 int-deg_GLT_Fstat] = 1.05305e-13
++ Wrote bucket dataset into /projects/b1081/NSF_HUBS/Nifti/derivatives/TaskStats_CIFTI_23.2.0/sub-HUBS02/task_glm_outputs/langlocaud/stats/sub-HUBS02_ses-2_task-langlocaud_stats.nii
 + created 7 FDR curves in bucket header
++ Wrote 3D+time dataset into /projects/b1081/NSF_HUBS/Nifti/derivatives/TaskStats_CIFTI_23.2.0/sub-HUBS02/task_glm_outputs/langlocaud/stats/sub-HUBS02_ses-2_task-langlocaud_fitts.nii
++ Wrote 3D+time dataset into /projects/b1081/NSF_HUBS/Nifti/derivatives/TaskStats_CIFTI_23.2.0/sub-HUBS02/task_glm_outputs/langlocaud/stats/sub-HUBS02_ses-2_task-langlocaud_errts.nii
++ Program finished; elapsed time=3.392
259
++ 3dcalc: AFNI version=AFNI_24.1.11 (May 10 2024) [64-bit]
++ Authored by: A cast of thousands
++ Output dataset /projects/b1081/NSF_HUBS/Nifti/derivatives/TaskStats_CIFTI_23.2.0/sub-HUBS02/task_glm_outputs/langlocaud/stats/sub-HUBS02_ses-2_task-langlocaud_zstats.nii
done fake nifti to cifti
done fake nifti to cifti
sub-HUBS02_ses-3_task-langlocaud_LR_surf_subcort_222_32k_fsLR_smooth1
done fake nifti
++ 3dTstat: AFNI version=AFNI_24.1.11 (May 10 2024) [64-bit]
++ Authored by: KR Hammett & RW Cox
++ Output dataset ./sub-HUBS02_ses-3_task-langlocaud_LR_surf_subcort_222_32k_fsLR_smooth1_mean.nii
++ 3dcalc: AFNI version=AFNI_24.1.11 (May 10 2024) [64-bit]
++ Authored by: A cast of thousands
++ Output dataset ./sub-HUBS02_ses-3_task-langlocaud_LR_surf_subcort_222_32k_fsLR_smooth1_scale.nii
++ 3dDeconvolve: AFNI version=AFNI_24.1.11 (May 10 2024) [64-bit]
++ Authored by: B. Douglas Ward, et al.
++ loading dataset /projects/b1081/NSF_HUBS/Nifti/derivatives/TaskStats_CIFTI_23.2.0/sub-HUBS02/task_glm_outputs/langlocaud/scale/sub-HUBS02_ses-3_task-langlocaud_LR_surf_subcort_222_32k_fsLR_smooth1_scale.nii
++ forcibly using TR=1.3550 seconds for -input dataset
++ Skipping check for initial transients
++ Imaging duration=359.1 s; Automatic polort=3
++ -stim_times using TR=1.355 s for stimulus timing conversion
++ -stim_times using TR=1.355 s for any -iresp output datasets
++  [you can alter the -iresp TR via the -TR_times option]
++ ** -stim_times NOTE ** guessing GLOBAL times if 1 time per line; LOCAL otherwise
++ ** GUESSED ** -stim_times 1 using LOCAL times
++ ** GUESSED ** -stim_times 2 using LOCAL times
------------------------------------------------------------
GLT matrix from 'SYM: int -deg':
   0   0   0   0   1  -1 
 
++ Number of time points: 265 (no censoring)
 + Number of parameters:  6 [4 baseline ; 2 signal]
++ total shared memory needed = 212,330,160 bytes (about 212 million)
++ mmap() memory allocated: 212,330,160 bytes (about 212 million)
++ Memory required for output bricks = 212,330,160 bytes (about 212 million)
++ Wrote matrix image to file /projects/b1081/NSF_HUBS/Nifti/derivatives/TaskStats_CIFTI_23.2.0/sub-HUBS02/task_glm_outputs/langlocaud/stats/sub-HUBS02_ses-3_task-langlocaud_X.jpg
++ Wrote matrix values to file /projects/b1081/NSF_HUBS/Nifti/derivatives/TaskStats_CIFTI_23.2.0/sub-HUBS02/task_glm_outputs/langlocaud/stats/sub-HUBS02_ses-3_task-langlocaud_X.xmat.1D
++ ========= Things you can do with the matrix file =========
++ (a) Linear regression with ARMA(1,1) modeling of serial correlation:

3dREMLfit -matrix /projects/b1081/NSF_HUBS/Nifti/derivatives/TaskStats_CIFTI_23.2.0/sub-HUBS02/task_glm_outputs/langlocaud/stats/sub-HUBS02_ses-3_task-langlocaud_X.xmat.1D -input /projects/b1081/NSF_HUBS/Nifti/derivatives/TaskStats_CIFTI_23.2.0/sub-HUBS02/task_glm_outputs/langlocaud/scale/sub-HUBS02_ses-3_task-langlocaud_LR_surf_subcort_222_32k_fsLR_smooth1_scale.nii \
 -fout -tout -Rbuck /projects/b1081/NSF_HUBS/Nifti/derivatives/TaskStats_CIFTI_23.2.0/sub-HUBS02/task_glm_outputs/langlocaud/stats/sub-HUBS02_ses-3_task-langlocaud_stats_REML -Rvar /projects/b1081/NSF_HUBS/Nifti/derivatives/TaskStats_CIFTI_23.2.0/sub-HUBS02/task_glm_outputs/langlocaud/stats/sub-HUBS02_ses-3_task-langlocaud_stats_REMLvar \
 -Rfitts /projects/b1081/NSF_HUBS/Nifti/derivatives/TaskStats_CIFTI_23.2.0/sub-HUBS02/task_glm_outputs/langlocaud/stats/sub-HUBS02_ses-3_task-langlocaud_fitts_REML \
 -Rerrts /projects/b1081/NSF_HUBS/Nifti/derivatives/TaskStats_CIFTI_23.2.0/sub-HUBS02/task_glm_outputs/langlocaud/stats/sub-HUBS02_ses-3_task-langlocaud_errts_REML -verb
 
++ N.B.: 3dREMLfit command above written to file /projects/b1081/NSF_HUBS/Nifti/derivatives/TaskStats_CIFTI_23.REML_cmd
++ (b) Visualization/analysis of the matrix via ExamineXmat.R
++ (c) Synthesis of sub-model datasets using 3dSynthesize
++ ==========================================================
++ ----- Signal+Baseline matrix condition [X] (265x6):  2.20854  ++ VERY GOOD ++
++ ----- Signal-only matrix condition [X] (265x2):  1.04984  ++ VERY GOOD ++
++ ----- Baseline-only matrix condition [X] (265x4):  1.00863  ++ VERY GOOD ++
++ ----- polort-only matrix condition [X] (265x4):  1.00863  ++ VERY GOOD ++
++ +++++ Matrix inverse average error = 6.93105e-16  ++ VERY GOOD ++
++ Matrix setup time = 0.62 s
++ Voxels in dataset: 98301
++ Voxels per job:    12287
++ Job #1: processing voxels 12287 to 24573; elapsed time=0.914
++ Job #2: processing voxels 24574 to 36860; elapsed time=0.927
++ Job #3: processing voxels 36861 to 49147; elapsed time=0.940
++ Job #4: processing voxels 49148 to 61434; elapsed time=0.952
++ Job #5: processing voxels 61435 to 73721; elapsed time=0.965
++ Job #6: processing voxels 73722 to 86008; elapsed time=0.977
++ Job #7: processing voxels 86009 to 98300; elapsed time=0.990
++ Job #0: processing voxels 0 to 12286; elapsed time=1.000
++ voxel loop:0123456789.0123456789.01234567++ Job #1 finished; elapsed time=1.127
89.0123++ Job #2 finished; elapsed time=1.151
45++ Job #3 finished; elapsed time=1.160
6789.++ Job #4 finished; elapsed time=1.173
0123++ Job #5 finished; elapsed time=1.193
45++ Job #6 finished; elapsed time=1.200
6789.
++ Job #0 waiting for children to finish; elapsed time=1.213
++ Job #7 finished; elapsed time=1.227
++ Job #0 now finishing up; elapsed time=1.231
++ Smallest FDR q [0 Full_Fstat] = 1.71275e-14
++ Smallest FDR q [2 int#0_Tstat] = 3.3781e-14
++ Smallest FDR q [3 int_Fstat] = 3.37838e-14
++ Smallest FDR q [5 deg#0_Tstat] = 4.97576e-14
++ Smallest FDR q [6 deg_Fstat] = 4.97531e-14
++ Smallest FDR q [8 int-deg_GLT#0_Tstat] = 6.09385e-14
++ Smallest FDR q [9 int-deg_GLT_Fstat] = 6.09385e-14
++ Wrote bucket dataset into /projects/b1081/NSF_HUBS/Nifti/derivatives/TaskStats_CIFTI_23.2.0/sub-HUBS02/task_glm_outputs/langlocaud/stats/sub-HUBS02_ses-3_task-langlocaud_stats.nii
 + created 7 FDR curves in bucket header
++ Wrote 3D+time dataset into /projects/b1081/NSF_HUBS/Nifti/derivatives/TaskStats_CIFTI_23.2.0/sub-HUBS02/task_glm_outputs/langlocaud/stats/sub-HUBS02_ses-3_task-langlocaud_fitts.nii
++ Wrote 3D+time dataset into /projects/b1081/NSF_HUBS/Nifti/derivatives/TaskStats_CIFTI_23.2.0/sub-HUBS02/task_glm_outputs/langlocaud/stats/sub-HUBS02_ses-3_task-langlocaud_errts.nii
++ Program finished; elapsed time=3.514
259
++ 3dcalc: AFNI version=AFNI_24.1.11 (May 10 2024) [64-bit]
++ Authored by: A cast of thousands
++ Output dataset /projects/b1081/NSF_HUBS/Nifti/derivatives/TaskStats_CIFTI_23.2.0/sub-HUBS02/task_glm_outputs/langlocaud/stats/sub-HUBS02_ses-3_task-langlocaud_zstats.nii
done fake nifti to cifti
done fake nifti to cifti
sub-HUBS02_ses-4_task-langlocaud_LR_surf_subcort_222_32k_fsLR_smooth1
done fake nifti
++ 3dTstat: AFNI version=AFNI_24.1.11 (May 10 2024) [64-bit]
++ Authored by: KR Hammett & RW Cox
++ Output dataset ./sub-HUBS02_ses-4_task-langlocaud_LR_surf_subcort_222_32k_fsLR_smooth1_mean.nii
++ 3dcalc: AFNI version=AFNI_24.1.11 (May 10 2024) [64-bit]
++ Authored by: A cast of thousands
++ Output dataset ./sub-HUBS02_ses-4_task-langlocaud_LR_surf_subcort_222_32k_fsLR_smooth1_scale.nii
++ 3dDeconvolve: AFNI version=AFNI_24.1.11 (May 10 2024) [64-bit]
++ Authored by: B. Douglas Ward, et al.
++ loading dataset /projects/b1081/NSF_HUBS/Nifti/derivatives/TaskStats_CIFTI_23.2.0/sub-HUBS02/task_glm_outputs/langlocaud/scale/sub-HUBS02_ses-4_task-langlocaud_LR_surf_subcort_222_32k_fsLR_smooth1_scale.nii
++ forcibly using TR=1.3550 seconds for -input dataset
++ Skipping check for initial transients
++ Imaging duration=359.1 s; Automatic polort=3
++ -stim_times using TR=1.355 s for stimulus timing conversion
++ -stim_times using TR=1.355 s for any -iresp output datasets
++  [you can alter the -iresp TR via the -TR_times option]
++ ** -stim_times NOTE ** guessing GLOBAL times if 1 time per line; LOCAL otherwise
++ ** GUESSED ** -stim_times 1 using LOCAL times
++ ** GUESSED ** -stim_times 2 using LOCAL times
------------------------------------------------------------
GLT matrix from 'SYM: int -deg':
   0   0   0   0   1  -1 
 
++ Number of time points: 265 (no censoring)
 + Number of parameters:  6 [4 baseline ; 2 signal]
++ total shared memory needed = 212,330,160 bytes (about 212 million)
++ mmap() memory allocated: 212,330,160 bytes (about 212 million)
++ Memory required for output bricks = 212,330,160 bytes (about 212 million)
++ Wrote matrix image to file /projects/b1081/NSF_HUBS/Nifti/derivatives/TaskStats_CIFTI_23.2.0/sub-HUBS02/task_glm_outputs/langlocaud/stats/sub-HUBS02_ses-4_task-langlocaud_X.jpg
++ Wrote matrix values to file /projects/b1081/NSF_HUBS/Nifti/derivatives/TaskStats_CIFTI_23.2.0/sub-HUBS02/task_glm_outputs/langlocaud/stats/sub-HUBS02_ses-4_task-langlocaud_X.xmat.1D
++ ========= Things you can do with the matrix file =========
++ (a) Linear regression with ARMA(1,1) modeling of serial correlation:

3dREMLfit -matrix /projects/b1081/NSF_HUBS/Nifti/derivatives/TaskStats_CIFTI_23.2.0/sub-HUBS02/task_glm_outputs/langlocaud/stats/sub-HUBS02_ses-4_task-langlocaud_X.xmat.1D -input /projects/b1081/NSF_HUBS/Nifti/derivatives/TaskStats_CIFTI_23.2.0/sub-HUBS02/task_glm_outputs/langlocaud/scale/sub-HUBS02_ses-4_task-langlocaud_LR_surf_subcort_222_32k_fsLR_smooth1_scale.nii \
 -fout -tout -Rbuck /projects/b1081/NSF_HUBS/Nifti/derivatives/TaskStats_CIFTI_23.2.0/sub-HUBS02/task_glm_outputs/langlocaud/stats/sub-HUBS02_ses-4_task-langlocaud_stats_REML -Rvar /projects/b1081/NSF_HUBS/Nifti/derivatives/TaskStats_CIFTI_23.2.0/sub-HUBS02/task_glm_outputs/langlocaud/stats/sub-HUBS02_ses-4_task-langlocaud_stats_REMLvar \
 -Rfitts /projects/b1081/NSF_HUBS/Nifti/derivatives/TaskStats_CIFTI_23.2.0/sub-HUBS02/task_glm_outputs/langlocaud/stats/sub-HUBS02_ses-4_task-langlocaud_fitts_REML \
 -Rerrts /projects/b1081/NSF_HUBS/Nifti/derivatives/TaskStats_CIFTI_23.2.0/sub-HUBS02/task_glm_outputs/langlocaud/stats/sub-HUBS02_ses-4_task-langlocaud_errts_REML -verb
 
++ N.B.: 3dREMLfit command above written to file /projects/b1081/NSF_HUBS/Nifti/derivatives/TaskStats_CIFTI_23.REML_cmd
++ (b) Visualization/analysis of the matrix via ExamineXmat.R
++ (c) Synthesis of sub-model datasets using 3dSynthesize
++ ==========================================================
++ ----- Signal+Baseline matrix condition [X] (265x6):  2.20854  ++ VERY GOOD ++
++ ----- Signal-only matrix condition [X] (265x2):  1.04984  ++ VERY GOOD ++
++ ----- Baseline-only matrix condition [X] (265x4):  1.00863  ++ VERY GOOD ++
++ ----- polort-only matrix condition [X] (265x4):  1.00863  ++ VERY GOOD ++
++ +++++ Matrix inverse average error = 6.77279e-16  ++ VERY GOOD ++
++ Matrix setup time = 0.59 s
++ Voxels in dataset: 98301
++ Voxels per job:    12287
++ Job #1: processing voxels 12287 to 24573; elapsed time=0.883
++ Job #2: processing voxels 24574 to 36860; elapsed time=0.895
++ Job #3: processing voxels 36861 to 49147; elapsed time=0.908
++ Job #4: processing voxels 49148 to 61434; elapsed time=0.921
++ Job #5: processing voxels 61435 to 73721; elapsed time=0.934
++ Job #6: processing voxels 73722 to 86008; elapsed time=0.947
++ Job #7: processing voxels 86009 to 98300; elapsed time=0.960
++ Job #0: processing voxels 0 to 12286; elapsed time=0.970
++ voxel loop:0123456789.0123456789.012345678++ Job #1 finished; elapsed time=1.104
9.0123++ Job #2 finished; elapsed time=1.124
456++ Job #3 finished; elapsed time=1.136
789.++ Job #4 finished; elapsed time=1.149
0123++ Job #5 finished; elapsed time=1.166
45++ Job #6 finished; elapsed time=1.176
6789.
++ Job #0 waiting for children to finish; elapsed time=1.190
++ Job #7 finished; elapsed time=1.206
++ Job #0 now finishing up; elapsed time=1.210
++ Smallest FDR q [0 Full_Fstat] = 4.90211e-14
++ Smallest FDR q [2 int#0_Tstat] = 5.87477e-14
++ Smallest FDR q [3 int_Fstat] = 5.87518e-14
++ Smallest FDR q [5 deg#0_Tstat] = 1.65215e-13
++ Smallest FDR q [6 deg_Fstat] = 1.65215e-13
++ Smallest FDR q [8 int-deg_GLT#0_Tstat] = 3.43005e-13
++ Smallest FDR q [9 int-deg_GLT_Fstat] = 3.43024e-13
++ Wrote bucket dataset into /projects/b1081/NSF_HUBS/Nifti/derivatives/TaskStats_CIFTI_23.2.0/sub-HUBS02/task_glm_outputs/langlocaud/stats/sub-HUBS02_ses-4_task-langlocaud_stats.nii
 + created 7 FDR curves in bucket header
++ Wrote 3D+time dataset into /projects/b1081/NSF_HUBS/Nifti/derivatives/TaskStats_CIFTI_23.2.0/sub-HUBS02/task_glm_outputs/langlocaud/stats/sub-HUBS02_ses-4_task-langlocaud_fitts.nii
++ Wrote 3D+time dataset into /projects/b1081/NSF_HUBS/Nifti/derivatives/TaskStats_CIFTI_23.2.0/sub-HUBS02/task_glm_outputs/langlocaud/stats/sub-HUBS02_ses-4_task-langlocaud_errts.nii
++ Program finished; elapsed time=3.513
259
++ 3dcalc: AFNI version=AFNI_24.1.11 (May 10 2024) [64-bit]
++ Authored by: A cast of thousands
++ Output dataset /projects/b1081/NSF_HUBS/Nifti/derivatives/TaskStats_CIFTI_23.2.0/sub-HUBS02/task_glm_outputs/langlocaud/stats/sub-HUBS02_ses-4_task-langlocaud_zstats.nii
done fake nifti to cifti
done fake nifti to cifti
sub-HUBS02_ses-6_task-langlocaud_LR_surf_subcort_222_32k_fsLR_smooth1
done fake nifti
++ 3dTstat: AFNI version=AFNI_24.1.11 (May 10 2024) [64-bit]
++ Authored by: KR Hammett & RW Cox
++ Output dataset ./sub-HUBS02_ses-6_task-langlocaud_LR_surf_subcort_222_32k_fsLR_smooth1_mean.nii
++ 3dcalc: AFNI version=AFNI_24.1.11 (May 10 2024) [64-bit]
++ Authored by: A cast of thousands
++ Output dataset ./sub-HUBS02_ses-6_task-langlocaud_LR_surf_subcort_222_32k_fsLR_smooth1_scale.nii
++ 3dDeconvolve: AFNI version=AFNI_24.1.11 (May 10 2024) [64-bit]
++ Authored by: B. Douglas Ward, et al.
++ loading dataset /projects/b1081/NSF_HUBS/Nifti/derivatives/TaskStats_CIFTI_23.2.0/sub-HUBS02/task_glm_outputs/langlocaud/scale/sub-HUBS02_ses-6_task-langlocaud_LR_surf_subcort_222_32k_fsLR_smooth1_scale.nii
++ forcibly using TR=1.3550 seconds for -input dataset
++ Skipping check for initial transients
++ Imaging duration=359.1 s; Automatic polort=3
++ -stim_times using TR=1.355 s for stimulus timing conversion
++ -stim_times using TR=1.355 s for any -iresp output datasets
++  [you can alter the -iresp TR via the -TR_times option]
++ ** -stim_times NOTE ** guessing GLOBAL times if 1 time per line; LOCAL otherwise
++ ** GUESSED ** -stim_times 1 using LOCAL times
++ ** GUESSED ** -stim_times 2 using LOCAL times
------------------------------------------------------------
GLT matrix from 'SYM: int -deg':
   0   0   0   0   1  -1 
 
++ Number of time points: 265 (no censoring)
 + Number of parameters:  6 [4 baseline ; 2 signal]
++ total shared memory needed = 212,330,160 bytes (about 212 million)
++ mmap() memory allocated: 212,330,160 bytes (about 212 million)
++ Memory required for output bricks = 212,330,160 bytes (about 212 million)
++ Wrote matrix image to file /projects/b1081/NSF_HUBS/Nifti/derivatives/TaskStats_CIFTI_23.2.0/sub-HUBS02/task_glm_outputs/langlocaud/stats/sub-HUBS02_ses-6_task-langlocaud_X.jpg
++ Wrote matrix values to file /projects/b1081/NSF_HUBS/Nifti/derivatives/TaskStats_CIFTI_23.2.0/sub-HUBS02/task_glm_outputs/langlocaud/stats/sub-HUBS02_ses-6_task-langlocaud_X.xmat.1D
++ ========= Things you can do with the matrix file =========
++ (a) Linear regression with ARMA(1,1) modeling of serial correlation:

3dREMLfit -matrix /projects/b1081/NSF_HUBS/Nifti/derivatives/TaskStats_CIFTI_23.2.0/sub-HUBS02/task_glm_outputs/langlocaud/stats/sub-HUBS02_ses-6_task-langlocaud_X.xmat.1D -input /projects/b1081/NSF_HUBS/Nifti/derivatives/TaskStats_CIFTI_23.2.0/sub-HUBS02/task_glm_outputs/langlocaud/scale/sub-HUBS02_ses-6_task-langlocaud_LR_surf_subcort_222_32k_fsLR_smooth1_scale.nii \
 -fout -tout -Rbuck /projects/b1081/NSF_HUBS/Nifti/derivatives/TaskStats_CIFTI_23.2.0/sub-HUBS02/task_glm_outputs/langlocaud/stats/sub-HUBS02_ses-6_task-langlocaud_stats_REML -Rvar /projects/b1081/NSF_HUBS/Nifti/derivatives/TaskStats_CIFTI_23.2.0/sub-HUBS02/task_glm_outputs/langlocaud/stats/sub-HUBS02_ses-6_task-langlocaud_stats_REMLvar \
 -Rfitts /projects/b1081/NSF_HUBS/Nifti/derivatives/TaskStats_CIFTI_23.2.0/sub-HUBS02/task_glm_outputs/langlocaud/stats/sub-HUBS02_ses-6_task-langlocaud_fitts_REML \
 -Rerrts /projects/b1081/NSF_HUBS/Nifti/derivatives/TaskStats_CIFTI_23.2.0/sub-HUBS02/task_glm_outputs/langlocaud/stats/sub-HUBS02_ses-6_task-langlocaud_errts_REML -verb
 
++ N.B.: 3dREMLfit command above written to file /projects/b1081/NSF_HUBS/Nifti/derivatives/TaskStats_CIFTI_23.REML_cmd
++ (b) Visualization/analysis of the matrix via ExamineXmat.R
++ (c) Synthesis of sub-model datasets using 3dSynthesize
++ ==========================================================
++ ----- Signal+Baseline matrix condition [X] (265x6):  2.20854  ++ VERY GOOD ++
++ ----- Signal-only matrix condition [X] (265x2):  1.04984  ++ VERY GOOD ++
++ ----- Baseline-only matrix condition [X] (265x4):  1.00863  ++ VERY GOOD ++
++ ----- polort-only matrix condition [X] (265x4):  1.00863  ++ VERY GOOD ++
++ +++++ Matrix inverse average error = 6.93105e-16  ++ VERY GOOD ++
++ Matrix setup time = 0.59 s
++ Voxels in dataset: 98301
++ Voxels per job:    12287
++ Job #1: processing voxels 12287 to 24573; elapsed time=0.891
++ Job #2: processing voxels 24574 to 36860; elapsed time=0.904
++ Job #3: processing voxels 36861 to 49147; elapsed time=0.918
++ Job #4: processing voxels 49148 to 61434; elapsed time=0.931
++ Job #5: processing voxels 61435 to 73721; elapsed time=0.944
++ Job #6: processing voxels 73722 to 86008; elapsed time=0.958
++ Job #7: processing voxels 86009 to 98300; elapsed time=0.971
++ Job #0: processing voxels 0 to 12286; elapsed time=0.981
++ voxel loop:0123456789.0123456789.0123456++ Job #1 finished; elapsed time=1.105
789.012++ Job #2 finished; elapsed time=1.129
345++ Job #3 finished; elapsed time=1.142
6789.++ Job #4 finished; elapsed time=1.156
012++ Job #5 finished; elapsed time=1.169
3456++ Job #6 finished; elapsed time=1.184
789.
++ Job #0 waiting for children to finish; elapsed time=1.196
++ Job #7 finished; elapsed time=1.244
++ Job #0 now finishing up; elapsed time=1.249
++ Smallest FDR q [0 Full_Fstat] = 3.35468e-14
++ Smallest FDR q [2 int#0_Tstat] = 4.18828e-14
++ Smallest FDR q [3 int_Fstat] = 4.18814e-14
++ Smallest FDR q [5 deg#0_Tstat] = 5.09914e-14
++ Smallest FDR q [6 deg_Fstat] = 5.09895e-14
++ Smallest FDR q [8 int-deg_GLT#0_Tstat] = 7.84265e-12
++ Smallest FDR q [9 int-deg_GLT_Fstat] = 7.8426e-12
++ Wrote bucket dataset into /projects/b1081/NSF_HUBS/Nifti/derivatives/TaskStats_CIFTI_23.2.0/sub-HUBS02/task_glm_outputs/langlocaud/stats/sub-HUBS02_ses-6_task-langlocaud_stats.nii
 + created 7 FDR curves in bucket header
++ Wrote 3D+time dataset into /projects/b1081/NSF_HUBS/Nifti/derivatives/TaskStats_CIFTI_23.2.0/sub-HUBS02/task_glm_outputs/langlocaud/stats/sub-HUBS02_ses-6_task-langlocaud_fitts.nii
++ Wrote 3D+time dataset into /projects/b1081/NSF_HUBS/Nifti/derivatives/TaskStats_CIFTI_23.2.0/sub-HUBS02/task_glm_outputs/langlocaud/stats/sub-HUBS02_ses-6_task-langlocaud_errts.nii
++ Program finished; elapsed time=3.585
259
++ 3dcalc: AFNI version=AFNI_24.1.11 (May 10 2024) [64-bit]
++ Authored by: A cast of thousands
++ Output dataset /projects/b1081/NSF_HUBS/Nifti/derivatives/TaskStats_CIFTI_23.2.0/sub-HUBS02/task_glm_outputs/langlocaud/stats/sub-HUBS02_ses-6_task-langlocaud_zstats.nii
done fake nifti to cifti
done fake nifti to cifti
sub-HUBS02_ses-8_task-langlocaud_LR_surf_subcort_222_32k_fsLR_smooth1
done fake nifti
++ 3dTstat: AFNI version=AFNI_24.1.11 (May 10 2024) [64-bit]
++ Authored by: KR Hammett & RW Cox
++ Output dataset ./sub-HUBS02_ses-8_task-langlocaud_LR_surf_subcort_222_32k_fsLR_smooth1_mean.nii
++ 3dcalc: AFNI version=AFNI_24.1.11 (May 10 2024) [64-bit]
++ Authored by: A cast of thousands
++ Output dataset ./sub-HUBS02_ses-8_task-langlocaud_LR_surf_subcort_222_32k_fsLR_smooth1_scale.nii
++ 3dDeconvolve: AFNI version=AFNI_24.1.11 (May 10 2024) [64-bit]
++ Authored by: B. Douglas Ward, et al.
++ loading dataset /projects/b1081/NSF_HUBS/Nifti/derivatives/TaskStats_CIFTI_23.2.0/sub-HUBS02/task_glm_outputs/langlocaud/scale/sub-HUBS02_ses-8_task-langlocaud_LR_surf_subcort_222_32k_fsLR_smooth1_scale.nii
++ forcibly using TR=1.3550 seconds for -input dataset
++ Skipping check for initial transients
++ Imaging duration=359.1 s; Automatic polort=3
++ -stim_times using TR=1.355 s for stimulus timing conversion
++ -stim_times using TR=1.355 s for any -iresp output datasets
++  [you can alter the -iresp TR via the -TR_times option]
++ ** -stim_times NOTE ** guessing GLOBAL times if 1 time per line; LOCAL otherwise
++ ** GUESSED ** -stim_times 1 using LOCAL times
++ ** GUESSED ** -stim_times 2 using LOCAL times
------------------------------------------------------------
GLT matrix from 'SYM: int -deg':
   0   0   0   0   1  -1 
 
++ Number of time points: 265 (no censoring)
 + Number of parameters:  6 [4 baseline ; 2 signal]
++ total shared memory needed = 212,330,160 bytes (about 212 million)
++ mmap() memory allocated: 212,330,160 bytes (about 212 million)
++ Memory required for output bricks = 212,330,160 bytes (about 212 million)
++ Wrote matrix image to file /projects/b1081/NSF_HUBS/Nifti/derivatives/TaskStats_CIFTI_23.2.0/sub-HUBS02/task_glm_outputs/langlocaud/stats/sub-HUBS02_ses-8_task-langlocaud_X.jpg
++ Wrote matrix values to file /projects/b1081/NSF_HUBS/Nifti/derivatives/TaskStats_CIFTI_23.2.0/sub-HUBS02/task_glm_outputs/langlocaud/stats/sub-HUBS02_ses-8_task-langlocaud_X.xmat.1D
++ ========= Things you can do with the matrix file =========
++ (a) Linear regression with ARMA(1,1) modeling of serial correlation:

3dREMLfit -matrix /projects/b1081/NSF_HUBS/Nifti/derivatives/TaskStats_CIFTI_23.2.0/sub-HUBS02/task_glm_outputs/langlocaud/stats/sub-HUBS02_ses-8_task-langlocaud_X.xmat.1D -input /projects/b1081/NSF_HUBS/Nifti/derivatives/TaskStats_CIFTI_23.2.0/sub-HUBS02/task_glm_outputs/langlocaud/scale/sub-HUBS02_ses-8_task-langlocaud_LR_surf_subcort_222_32k_fsLR_smooth1_scale.nii \
 -fout -tout -Rbuck /projects/b1081/NSF_HUBS/Nifti/derivatives/TaskStats_CIFTI_23.2.0/sub-HUBS02/task_glm_outputs/langlocaud/stats/sub-HUBS02_ses-8_task-langlocaud_stats_REML -Rvar /projects/b1081/NSF_HUBS/Nifti/derivatives/TaskStats_CIFTI_23.2.0/sub-HUBS02/task_glm_outputs/langlocaud/stats/sub-HUBS02_ses-8_task-langlocaud_stats_REMLvar \
 -Rfitts /projects/b1081/NSF_HUBS/Nifti/derivatives/TaskStats_CIFTI_23.2.0/sub-HUBS02/task_glm_outputs/langlocaud/stats/sub-HUBS02_ses-8_task-langlocaud_fitts_REML \
 -Rerrts /projects/b1081/NSF_HUBS/Nifti/derivatives/TaskStats_CIFTI_23.2.0/sub-HUBS02/task_glm_outputs/langlocaud/stats/sub-HUBS02_ses-8_task-langlocaud_errts_REML -verb
 
++ N.B.: 3dREMLfit command above written to file /projects/b1081/NSF_HUBS/Nifti/derivatives/TaskStats_CIFTI_23.REML_cmd
++ (b) Visualization/analysis of the matrix via ExamineXmat.R
++ (c) Synthesis of sub-model datasets using 3dSynthesize
++ ==========================================================
++ ----- Signal+Baseline matrix condition [X] (265x6):  2.20854  ++ VERY GOOD ++
++ ----- Signal-only matrix condition [X] (265x2):  1.04984  ++ VERY GOOD ++
++ ----- Baseline-only matrix condition [X] (265x4):  1.00863  ++ VERY GOOD ++
++ ----- polort-only matrix condition [X] (265x4):  1.00863  ++ VERY GOOD ++
++ +++++ Matrix inverse average error = 6.77279e-16  ++ VERY GOOD ++
++ Matrix setup time = 0.57 s
++ Voxels in dataset: 98301
++ Voxels per job:    12287
++ Job #1: processing voxels 12287 to 24573; elapsed time=0.866
++ Job #2: processing voxels 24574 to 36860; elapsed time=0.878
++ Job #3: processing voxels 36861 to 49147; elapsed time=0.891
++ Job #4: processing voxels 49148 to 61434; elapsed time=0.904
++ Job #5: processing voxels 61435 to 73721; elapsed time=0.917
++ Job #6: processing voxels 73722 to 86008; elapsed time=0.930
++ Job #7: processing voxels 86009 to 98300; elapsed time=0.943
++ Job #0: processing voxels 0 to 12286; elapsed time=0.953
++ voxel loop:0123456789.0123456789.0123456789.++ Job #1 finished; elapsed time=1.087
01++ Job #2 finished; elapsed time=1.095
23456++ Job #3 finished; elapsed time=1.115
789.++ Job #4 finished; elapsed time=1.128
012++ Job #5 finished; elapsed time=1.141
3456++ Job #6 finished; elapsed time=1.156
789.
++ Job #0 waiting for children to finish; elapsed time=1.167
++ Job #7 finished; elapsed time=1.182
++ Job #0 now finishing up; elapsed time=1.186
++ Smallest FDR q [0 Full_Fstat] = 2.74816e-14
++ Smallest FDR q [2 int#0_Tstat] = 3.50841e-14
++ Smallest FDR q [3 int_Fstat] = 3.50829e-14
++ Smallest FDR q [5 deg#0_Tstat] = 6.60297e-14
++ Smallest FDR q [6 deg_Fstat] = 6.60297e-14
++ Smallest FDR q [8 int-deg_GLT#0_Tstat] = 1.53191e-13
++ Smallest FDR q [9 int-deg_GLT_Fstat] = 1.53191e-13
++ Wrote bucket dataset into /projects/b1081/NSF_HUBS/Nifti/derivatives/TaskStats_CIFTI_23.2.0/sub-HUBS02/task_glm_outputs/langlocaud/stats/sub-HUBS02_ses-8_task-langlocaud_stats.nii
 + created 7 FDR curves in bucket header
++ Wrote 3D+time dataset into /projects/b1081/NSF_HUBS/Nifti/derivatives/TaskStats_CIFTI_23.2.0/sub-HUBS02/task_glm_outputs/langlocaud/stats/sub-HUBS02_ses-8_task-langlocaud_fitts.nii
++ Wrote 3D+time dataset into /projects/b1081/NSF_HUBS/Nifti/derivatives/TaskStats_CIFTI_23.2.0/sub-HUBS02/task_glm_outputs/langlocaud/stats/sub-HUBS02_ses-8_task-langlocaud_errts.nii
++ Program finished; elapsed time=3.437
259
++ 3dcalc: AFNI version=AFNI_24.1.11 (May 10 2024) [64-bit]
++ Authored by: A cast of thousands
++ Output dataset /projects/b1081/NSF_HUBS/Nifti/derivatives/TaskStats_CIFTI_23.2.0/sub-HUBS02/task_glm_outputs/langlocaud/stats/sub-HUBS02_ses-8_task-langlocaud_zstats.nii
done fake nifti to cifti
done fake nifti to cifti
