MATLAB is selecting SOFTWARE OPENGL rendering.

                            < M A T L A B (R) >
                  Copyright 1984-2022 The MathWorks, Inc.
             R2022a Update 4 (9.12.0.2009381) 64-bit (glnxa64)
                                July 7, 2022

 
To get started, type doc.
For product information, visit www.mathworks.com.
 
sub-HUBS01_ses-1_task-epiproj_LR_surf_subcort_222_32k_fsLR_smooth1
done fake nifti
++ 3dTstat: AFNI version=AFNI_24.1.11 (May 10 2024) [64-bit]
++ Authored by: KR Hammett & RW Cox
++ Output dataset ./sub-HUBS01_ses-1_task-epiproj_LR_surf_subcort_222_32k_fsLR_smooth1_mean.nii
++ 3dcalc: AFNI version=AFNI_24.1.11 (May 10 2024) [64-bit]
++ Authored by: A cast of thousands
++ Output dataset ./sub-HUBS01_ses-1_task-epiproj_LR_surf_subcort_222_32k_fsLR_smooth1_scale.nii
++ 3dDeconvolve: AFNI version=AFNI_24.1.11 (May 10 2024) [64-bit]
++ Authored by: B. Douglas Ward, et al.
++ loading dataset /projects/b1081/NSF_HUBS/Nifti/derivatives/TaskStats_CIFTI_23.2.0/sub-HUBS01/task_glm_outputs/epiproj/scale/sub-HUBS01_ses-1_task-epiproj_LR_surf_subcort_222_32k_fsLR_smooth1_scale.nii
++ forcibly using TR=1.3550 seconds for -input dataset
++ Skipping check for initial transients
++ Imaging duration=624.7 s; Automatic polort=5
++ -stim_times using TR=1.355 s for stimulus timing conversion
++ -stim_times using TR=1.355 s for any -iresp output datasets
++  [you can alter the -iresp TR via the -TR_times option]
++ ** -stim_times NOTE ** guessing GLOBAL times if 1 time per line; LOCAL otherwise
++ ** GUESSED ** -stim_times 1 using LOCAL times
++ ** GUESSED ** -stim_times 2 using LOCAL times
++ ** GUESSED ** -stim_times 3 using LOCAL times
++ ** GUESSED ** -stim_times 4 using LOCAL times
++ ** GUESSED ** -stim_times 5 using LOCAL times
++ ** GUESSED ** -stim_times 6 using LOCAL times
------------------------------------------------------------
GLT matrix from 'SYM: pastself -presentself':
   0   0   0   0   0   0   0  -1   1   0   0   0 
 
------------------------------------------------------------
GLT matrix from 'SYM: futureself -presentself':
   0   0   0   0   0   0   1  -1   0   0   0   0 
 
------------------------------------------------------------
GLT matrix from 'SYM: futureself +pastself +presentself -futurenonself -pastnonself -presentnonself':
   0   0   0   0   0   0   1   1   1  -1  -1  -1 
 
++ Number of time points: 461 (no censoring)
 + Number of parameters:  12 [6 baseline ; 6 signal]
++ total shared memory needed = 373,543,800 bytes (about 374 million)
++ mmap() memory allocated: 373,543,800 bytes (about 374 million)
++ Memory required for output bricks = 373,543,800 bytes (about 374 million)
++ Wrote matrix image to file /projects/b1081/NSF_HUBS/Nifti/derivatives/TaskStats_CIFTI_23.2.0/sub-HUBS01/task_glm_outputs/epiproj/stats/sub-HUBS01_ses-1_task-epiproj_X.jpg
++ Wrote matrix values to file /projects/b1081/NSF_HUBS/Nifti/derivatives/TaskStats_CIFTI_23.2.0/sub-HUBS01/task_glm_outputs/epiproj/stats/sub-HUBS01_ses-1_task-epiproj_X.xmat.1D
++ ========= Things you can do with the matrix file =========
++ (a) Linear regression with ARMA(1,1) modeling of serial correlation:

3dREMLfit -matrix /projects/b1081/NSF_HUBS/Nifti/derivatives/TaskStats_CIFTI_23.2.0/sub-HUBS01/task_glm_outputs/epiproj/stats/sub-HUBS01_ses-1_task-epiproj_X.xmat.1D -input /projects/b1081/NSF_HUBS/Nifti/derivatives/TaskStats_CIFTI_23.2.0/sub-HUBS01/task_glm_outputs/epiproj/scale/sub-HUBS01_ses-1_task-epiproj_LR_surf_subcort_222_32k_fsLR_smooth1_scale.nii \
 -fout -tout -Rbuck /projects/b1081/NSF_HUBS/Nifti/derivatives/TaskStats_CIFTI_23.2.0/sub-HUBS01/task_glm_outputs/epiproj/stats/sub-HUBS01_ses-1_task-epiproj_stats_REML -Rvar /projects/b1081/NSF_HUBS/Nifti/derivatives/TaskStats_CIFTI_23.2.0/sub-HUBS01/task_glm_outputs/epiproj/stats/sub-HUBS01_ses-1_task-epiproj_stats_REMLvar \
 -Rfitts /projects/b1081/NSF_HUBS/Nifti/derivatives/TaskStats_CIFTI_23.2.0/sub-HUBS01/task_glm_outputs/epiproj/stats/sub-HUBS01_ses-1_task-epiproj_fitts_REML \
 -Rerrts /projects/b1081/NSF_HUBS/Nifti/derivatives/TaskStats_CIFTI_23.2.0/sub-HUBS01/task_glm_outputs/epiproj/stats/sub-HUBS01_ses-1_task-epiproj_errts_REML -verb
 
++ N.B.: 3dREMLfit command above written to file /projects/b1081/NSF_HUBS/Nifti/derivatives/TaskStats_CIFTI_23.REML_cmd
++ (b) Visualization/analysis of the matrix via ExamineXmat.R
++ (c) Synthesis of sub-model datasets using 3dSynthesize
++ ==========================================================
++ ----- Signal+Baseline matrix condition [X] (461x12):  1.74626  ++ VERY GOOD ++
++ ----- Signal-only matrix condition [X] (461x6):  1.00021  ++ VERY GOOD ++
++ ----- Baseline-only matrix condition [X] (461x6):  1.01182  ++ VERY GOOD ++
++ ----- polort-only matrix condition [X] (461x6):  1.01182  ++ VERY GOOD ++
++ +++++ Matrix inverse average error = 3.91368e-16  ++ VERY GOOD ++
++ Matrix setup time = 0.99 s
++ Voxels in dataset: 98301
++ Voxels per job:    12287
++ Job #1: processing voxels 12287 to 24573; elapsed time=1.547
++ Job #2: processing voxels 24574 to 36860; elapsed time=1.561
++ Job #3: processing voxels 36861 to 49147; elapsed time=1.575
++ Job #4: processing voxels 49148 to 61434; elapsed time=1.589
++ Job #5: processing voxels 61435 to 73721; elapsed time=1.603
++ Job #6: processing voxels 73722 to 86008; elapsed time=1.618
++ Job #7: processing voxels 86009 to 98300; elapsed time=1.633
++ Job #0: processing voxels 0 to 12286; elapsed time=1.643
++ voxel loop:0123456789.0123456789.0123456789.0123456789.01234++ Job #1 finished; elapsed time=2.390
5++ Job #2 finished; elapsed time=2.405
6++ Job #3 finished; elapsed time=2.419
7++ Job #4 finished; elapsed time=2.434
++ Job #5 finished; elapsed time=2.446
8++ Job #6 finished; elapsed time=2.463
9.
++ Job #0 waiting for children to finish; elapsed time=2.468
++ Job #7 finished; elapsed time=2.565
++ Job #0 now finishing up; elapsed time=2.573
++ Smallest FDR q [0 Full_Fstat] = 4.53164e-15
++ Smallest FDR q [2 futureself#0_Tstat] = 3.23592e-14
++ Smallest FDR q [3 futureself_Fstat] = 3.23592e-14
++ Smallest FDR q [5 presentself#0_Tstat] = 1.69653e-14
++ Smallest FDR q [6 presentself_Fstat] = 1.6966e-14
++ Smallest FDR q [8 pastself#0_Tstat] = 2.42687e-14
++ Smallest FDR q [9 pastself_Fstat] = 2.42687e-14
++ Smallest FDR q [11 futurenonself#0_Tstat] = 1.45522e-14
++ Smallest FDR q [12 futurenonself_Fstat] = 1.45504e-14
++ Smallest FDR q [14 presentnonself#0_Tstat] = 1.52503e-14
++ Smallest FDR q [15 presentnonself_Fstat] = 1.52495e-14
++ Smallest FDR q [17 pastnonself#0_Tstat] = 2.13649e-14
++ Smallest FDR q [18 pastnonself_Fstat] = 2.13649e-14
++ Smallest FDR q [20 past_present_self_GLT#0_Tstat] = 3.87481e-08
++ Smallest FDR q [21 past_present_self_GLT_Fstat] = 3.87513e-08
++ Smallest FDR q [23 future_present_self_GLT#0_Tstat] = 7.85497e-10
++ Smallest FDR q [24 future_present_self_GLT_Fstat] = 7.8544e-10
++ Smallest FDR q [26 self-nonself_GLT#0_Tstat] = 2.57195e-12
++ Smallest FDR q [27 self-nonself_GLT_Fstat] = 2.57183e-12
++ Wrote bucket dataset into /projects/b1081/NSF_HUBS/Nifti/derivatives/TaskStats_CIFTI_23.2.0/sub-HUBS01/task_glm_outputs/epiproj/stats/sub-HUBS01_ses-1_task-epiproj_stats.nii
 + created 19 FDR curves in bucket header
++ Wrote 3D+time dataset into /projects/b1081/NSF_HUBS/Nifti/derivatives/TaskStats_CIFTI_23.2.0/sub-HUBS01/task_glm_outputs/epiproj/stats/sub-HUBS01_ses-1_task-epiproj_fitts.nii
++ Wrote 3D+time dataset into /projects/b1081/NSF_HUBS/Nifti/derivatives/TaskStats_CIFTI_23.2.0/sub-HUBS01/task_glm_outputs/epiproj/stats/sub-HUBS01_ses-1_task-epiproj_errts.nii
++ Program finished; elapsed time=12.186
449
++ 3dcalc: AFNI version=AFNI_24.1.11 (May 10 2024) [64-bit]
++ Authored by: A cast of thousands
++ Output dataset /projects/b1081/NSF_HUBS/Nifti/derivatives/TaskStats_CIFTI_23.2.0/sub-HUBS01/task_glm_outputs/epiproj/stats/sub-HUBS01_ses-1_task-epiproj_zstats.nii
done fake nifti to cifti
done fake nifti to cifti
sub-HUBS01_ses-2_task-epiproj_LR_surf_subcort_222_32k_fsLR_smooth1
done fake nifti
++ 3dTstat: AFNI version=AFNI_24.1.11 (May 10 2024) [64-bit]
++ Authored by: KR Hammett & RW Cox
++ Output dataset ./sub-HUBS01_ses-2_task-epiproj_LR_surf_subcort_222_32k_fsLR_smooth1_mean.nii
++ 3dcalc: AFNI version=AFNI_24.1.11 (May 10 2024) [64-bit]
++ Authored by: A cast of thousands
++ Output dataset ./sub-HUBS01_ses-2_task-epiproj_LR_surf_subcort_222_32k_fsLR_smooth1_scale.nii
++ 3dDeconvolve: AFNI version=AFNI_24.1.11 (May 10 2024) [64-bit]
++ Authored by: B. Douglas Ward, et al.
++ loading dataset /projects/b1081/NSF_HUBS/Nifti/derivatives/TaskStats_CIFTI_23.2.0/sub-HUBS01/task_glm_outputs/epiproj/scale/sub-HUBS01_ses-2_task-epiproj_LR_surf_subcort_222_32k_fsLR_smooth1_scale.nii
++ forcibly using TR=1.3550 seconds for -input dataset
++ Skipping check for initial transients
++ Imaging duration=624.7 s; Automatic polort=5
++ -stim_times using TR=1.355 s for stimulus timing conversion
++ -stim_times using TR=1.355 s for any -iresp output datasets
++  [you can alter the -iresp TR via the -TR_times option]
++ ** -stim_times NOTE ** guessing GLOBAL times if 1 time per line; LOCAL otherwise
++ ** GUESSED ** -stim_times 1 using LOCAL times
++ ** GUESSED ** -stim_times 2 using LOCAL times
++ ** GUESSED ** -stim_times 3 using LOCAL times
++ ** GUESSED ** -stim_times 4 using LOCAL times
++ ** GUESSED ** -stim_times 5 using LOCAL times
++ ** GUESSED ** -stim_times 6 using LOCAL times
------------------------------------------------------------
GLT matrix from 'SYM: pastself -presentself':
   0   0   0   0   0   0   0  -1   1   0   0   0 
 
------------------------------------------------------------
GLT matrix from 'SYM: futureself -presentself':
   0   0   0   0   0   0   1  -1   0   0   0   0 
 
------------------------------------------------------------
GLT matrix from 'SYM: futureself +pastself +presentself -futurenonself -pastnonself -presentnonself':
   0   0   0   0   0   0   1   1   1  -1  -1  -1 
 
++ Number of time points: 461 (no censoring)
 + Number of parameters:  12 [6 baseline ; 6 signal]
++ total shared memory needed = 373,543,800 bytes (about 374 million)
++ mmap() memory allocated: 373,543,800 bytes (about 374 million)
++ Memory required for output bricks = 373,543,800 bytes (about 374 million)
++ Wrote matrix image to file /projects/b1081/NSF_HUBS/Nifti/derivatives/TaskStats_CIFTI_23.2.0/sub-HUBS01/task_glm_outputs/epiproj/stats/sub-HUBS01_ses-2_task-epiproj_X.jpg
++ Wrote matrix values to file /projects/b1081/NSF_HUBS/Nifti/derivatives/TaskStats_CIFTI_23.2.0/sub-HUBS01/task_glm_outputs/epiproj/stats/sub-HUBS01_ses-2_task-epiproj_X.xmat.1D
++ ========= Things you can do with the matrix file =========
++ (a) Linear regression with ARMA(1,1) modeling of serial correlation:

3dREMLfit -matrix /projects/b1081/NSF_HUBS/Nifti/derivatives/TaskStats_CIFTI_23.2.0/sub-HUBS01/task_glm_outputs/epiproj/stats/sub-HUBS01_ses-2_task-epiproj_X.xmat.1D -input /projects/b1081/NSF_HUBS/Nifti/derivatives/TaskStats_CIFTI_23.2.0/sub-HUBS01/task_glm_outputs/epiproj/scale/sub-HUBS01_ses-2_task-epiproj_LR_surf_subcort_222_32k_fsLR_smooth1_scale.nii \
 -fout -tout -Rbuck /projects/b1081/NSF_HUBS/Nifti/derivatives/TaskStats_CIFTI_23.2.0/sub-HUBS01/task_glm_outputs/epiproj/stats/sub-HUBS01_ses-2_task-epiproj_stats_REML -Rvar /projects/b1081/NSF_HUBS/Nifti/derivatives/TaskStats_CIFTI_23.2.0/sub-HUBS01/task_glm_outputs/epiproj/stats/sub-HUBS01_ses-2_task-epiproj_stats_REMLvar \
 -Rfitts /projects/b1081/NSF_HUBS/Nifti/derivatives/TaskStats_CIFTI_23.2.0/sub-HUBS01/task_glm_outputs/epiproj/stats/sub-HUBS01_ses-2_task-epiproj_fitts_REML \
 -Rerrts /projects/b1081/NSF_HUBS/Nifti/derivatives/TaskStats_CIFTI_23.2.0/sub-HUBS01/task_glm_outputs/epiproj/stats/sub-HUBS01_ses-2_task-epiproj_errts_REML -verb
 
++ N.B.: 3dREMLfit command above written to file /projects/b1081/NSF_HUBS/Nifti/derivatives/TaskStats_CIFTI_23.REML_cmd
++ (b) Visualization/analysis of the matrix via ExamineXmat.R
++ (c) Synthesis of sub-model datasets using 3dSynthesize
++ ==========================================================
++ ----- Signal+Baseline matrix condition [X] (461x12):  1.74776  ++ VERY GOOD ++
++ ----- Signal-only matrix condition [X] (461x6):  1.0002  ++ VERY GOOD ++
++ ----- Baseline-only matrix condition [X] (461x6):  1.01182  ++ VERY GOOD ++
++ ----- polort-only matrix condition [X] (461x6):  1.01182  ++ VERY GOOD ++
++ +++++ Matrix inverse average error = 3.32773e-16  ++ VERY GOOD ++
++ Matrix setup time = 0.96 s
++ Voxels in dataset: 98301
++ Voxels per job:    12287
++ Job #1: processing voxels 12287 to 24573; elapsed time=1.476
++ Job #2: processing voxels 24574 to 36860; elapsed time=1.489
++ Job #3: processing voxels 36861 to 49147; elapsed time=1.503
++ Job #4: processing voxels 49148 to 61434; elapsed time=1.517
++ Job #5: processing voxels 61435 to 73721; elapsed time=1.532
++ Job #6: processing voxels 73722 to 86008; elapsed time=1.547
++ Job #7: processing voxels 86009 to 98300; elapsed time=1.562
++ Job #0: processing voxels 0 to 12286; elapsed time=1.572
++ voxel loop:0123456789.0123456789.0123456789.0123456789.01234++ Job #1 finished; elapsed time=2.329
5++ Job #2 finished; elapsed time=2.344
6++ Job #3 finished; elapsed time=2.358
78++ Job #5 finished; elapsed time=2.386
9.
++ Job #0 waiting for children to finish; elapsed time=2.400
++ Job #4 finished; elapsed time=2.418
++ Job #7 finished; elapsed time=2.423
++ Job #6 finished; elapsed time=2.436
++ Job #0 now finishing up; elapsed time=2.443
++ Smallest FDR q [0 Full_Fstat] = 2.62887e-15
++ Smallest FDR q [2 futureself#0_Tstat] = 2.0843e-14
++ Smallest FDR q [3 futureself_Fstat] = 2.08419e-14
++ Smallest FDR q [5 presentself#0_Tstat] = 1.25708e-14
++ Smallest FDR q [6 presentself_Fstat] = 1.25708e-14
++ Smallest FDR q [8 pastself#0_Tstat] = 1.57412e-14
++ Smallest FDR q [9 pastself_Fstat] = 1.57416e-14
++ Smallest FDR q [11 futurenonself#0_Tstat] = 1.04824e-14
++ Smallest FDR q [12 futurenonself_Fstat] = 1.04794e-14
++ Smallest FDR q [14 presentnonself#0_Tstat] = 1.10806e-14
++ Smallest FDR q [15 presentnonself_Fstat] = 1.10793e-14
++ Smallest FDR q [17 pastnonself#0_Tstat] = 7.49355e-15
++ Smallest FDR q [18 pastnonself_Fstat] = 7.49118e-15
++ Smallest FDR q [20 past_present_self_GLT#0_Tstat] = 0.000174354
++ Smallest FDR q [21 past_present_self_GLT_Fstat] = 0.000174355
++ Smallest FDR q [23 future_present_self_GLT#0_Tstat] = 8.70885e-07
++ Smallest FDR q [24 future_present_self_GLT_Fstat] = 8.70856e-07
++ Smallest FDR q [26 self-nonself_GLT#0_Tstat] = 5.74368e-13
++ Smallest FDR q [27 self-nonself_GLT_Fstat] = 5.7435e-13
++ Wrote bucket dataset into /projects/b1081/NSF_HUBS/Nifti/derivatives/TaskStats_CIFTI_23.2.0/sub-HUBS01/task_glm_outputs/epiproj/stats/sub-HUBS01_ses-2_task-epiproj_stats.nii
 + created 19 FDR curves in bucket header
++ Wrote 3D+time dataset into /projects/b1081/NSF_HUBS/Nifti/derivatives/TaskStats_CIFTI_23.2.0/sub-HUBS01/task_glm_outputs/epiproj/stats/sub-HUBS01_ses-2_task-epiproj_fitts.nii
++ Wrote 3D+time dataset into /projects/b1081/NSF_HUBS/Nifti/derivatives/TaskStats_CIFTI_23.2.0/sub-HUBS01/task_glm_outputs/epiproj/stats/sub-HUBS01_ses-2_task-epiproj_errts.nii
++ Program finished; elapsed time=11.838
449
++ 3dcalc: AFNI version=AFNI_24.1.11 (May 10 2024) [64-bit]
++ Authored by: A cast of thousands
++ Output dataset /projects/b1081/NSF_HUBS/Nifti/derivatives/TaskStats_CIFTI_23.2.0/sub-HUBS01/task_glm_outputs/epiproj/stats/sub-HUBS01_ses-2_task-epiproj_zstats.nii
done fake nifti to cifti
done fake nifti to cifti
sub-HUBS01_ses-4_task-epiproj_LR_surf_subcort_222_32k_fsLR_smooth1
done fake nifti
++ 3dTstat: AFNI version=AFNI_24.1.11 (May 10 2024) [64-bit]
++ Authored by: KR Hammett & RW Cox
++ Output dataset ./sub-HUBS01_ses-4_task-epiproj_LR_surf_subcort_222_32k_fsLR_smooth1_mean.nii
++ 3dcalc: AFNI version=AFNI_24.1.11 (May 10 2024) [64-bit]
++ Authored by: A cast of thousands
++ Output dataset ./sub-HUBS01_ses-4_task-epiproj_LR_surf_subcort_222_32k_fsLR_smooth1_scale.nii
++ 3dDeconvolve: AFNI version=AFNI_24.1.11 (May 10 2024) [64-bit]
++ Authored by: B. Douglas Ward, et al.
++ loading dataset /projects/b1081/NSF_HUBS/Nifti/derivatives/TaskStats_CIFTI_23.2.0/sub-HUBS01/task_glm_outputs/epiproj/scale/sub-HUBS01_ses-4_task-epiproj_LR_surf_subcort_222_32k_fsLR_smooth1_scale.nii
++ forcibly using TR=1.3550 seconds for -input dataset
++ Skipping check for initial transients
++ Imaging duration=624.7 s; Automatic polort=5
++ -stim_times using TR=1.355 s for stimulus timing conversion
++ -stim_times using TR=1.355 s for any -iresp output datasets
++  [you can alter the -iresp TR via the -TR_times option]
++ ** -stim_times NOTE ** guessing GLOBAL times if 1 time per line; LOCAL otherwise
++ ** GUESSED ** -stim_times 1 using LOCAL times
++ ** GUESSED ** -stim_times 2 using LOCAL times
++ ** GUESSED ** -stim_times 3 using LOCAL times
++ ** GUESSED ** -stim_times 4 using LOCAL times
++ ** GUESSED ** -stim_times 5 using LOCAL times
++ ** GUESSED ** -stim_times 6 using LOCAL times
------------------------------------------------------------
GLT matrix from 'SYM: pastself -presentself':
   0   0   0   0   0   0   0  -1   1   0   0   0 
 
------------------------------------------------------------
GLT matrix from 'SYM: futureself -presentself':
   0   0   0   0   0   0   1  -1   0   0   0   0 
 
------------------------------------------------------------
GLT matrix from 'SYM: futureself +pastself +presentself -futurenonself -pastnonself -presentnonself':
   0   0   0   0   0   0   1   1   1  -1  -1  -1 
 
++ Number of time points: 461 (no censoring)
 + Number of parameters:  12 [6 baseline ; 6 signal]
++ total shared memory needed = 373,543,800 bytes (about 374 million)
++ mmap() memory allocated: 373,543,800 bytes (about 374 million)
++ Memory required for output bricks = 373,543,800 bytes (about 374 million)
++ Wrote matrix image to file /projects/b1081/NSF_HUBS/Nifti/derivatives/TaskStats_CIFTI_23.2.0/sub-HUBS01/task_glm_outputs/epiproj/stats/sub-HUBS01_ses-4_task-epiproj_X.jpg
++ Wrote matrix values to file /projects/b1081/NSF_HUBS/Nifti/derivatives/TaskStats_CIFTI_23.2.0/sub-HUBS01/task_glm_outputs/epiproj/stats/sub-HUBS01_ses-4_task-epiproj_X.xmat.1D
++ ========= Things you can do with the matrix file =========
++ (a) Linear regression with ARMA(1,1) modeling of serial correlation:

3dREMLfit -matrix /projects/b1081/NSF_HUBS/Nifti/derivatives/TaskStats_CIFTI_23.2.0/sub-HUBS01/task_glm_outputs/epiproj/stats/sub-HUBS01_ses-4_task-epiproj_X.xmat.1D -input /projects/b1081/NSF_HUBS/Nifti/derivatives/TaskStats_CIFTI_23.2.0/sub-HUBS01/task_glm_outputs/epiproj/scale/sub-HUBS01_ses-4_task-epiproj_LR_surf_subcort_222_32k_fsLR_smooth1_scale.nii \
 -fout -tout -Rbuck /projects/b1081/NSF_HUBS/Nifti/derivatives/TaskStats_CIFTI_23.2.0/sub-HUBS01/task_glm_outputs/epiproj/stats/sub-HUBS01_ses-4_task-epiproj_stats_REML -Rvar /projects/b1081/NSF_HUBS/Nifti/derivatives/TaskStats_CIFTI_23.2.0/sub-HUBS01/task_glm_outputs/epiproj/stats/sub-HUBS01_ses-4_task-epiproj_stats_REMLvar \
 -Rfitts /projects/b1081/NSF_HUBS/Nifti/derivatives/TaskStats_CIFTI_23.2.0/sub-HUBS01/task_glm_outputs/epiproj/stats/sub-HUBS01_ses-4_task-epiproj_fitts_REML \
 -Rerrts /projects/b1081/NSF_HUBS/Nifti/derivatives/TaskStats_CIFTI_23.2.0/sub-HUBS01/task_glm_outputs/epiproj/stats/sub-HUBS01_ses-4_task-epiproj_errts_REML -verb
 
++ N.B.: 3dREMLfit command above written to file /projects/b1081/NSF_HUBS/Nifti/derivatives/TaskStats_CIFTI_23.REML_cmd
++ (b) Visualization/analysis of the matrix via ExamineXmat.R
++ (c) Synthesis of sub-model datasets using 3dSynthesize
++ ==========================================================
++ ----- Signal+Baseline matrix condition [X] (461x12):  1.74682  ++ VERY GOOD ++
++ ----- Signal-only matrix condition [X] (461x6):  1.00018  ++ VERY GOOD ++
++ ----- Baseline-only matrix condition [X] (461x6):  1.01182  ++ VERY GOOD ++
++ ----- polort-only matrix condition [X] (461x6):  1.01182  ++ VERY GOOD ++
++ +++++ Matrix inverse average error = 4.72482e-16  ++ VERY GOOD ++
++ Matrix setup time = 1.07 s
++ Voxels in dataset: 98301
++ Voxels per job:    12287
++ Job #1: processing voxels 12287 to 24573; elapsed time=1.597
++ Job #2: processing voxels 24574 to 36860; elapsed time=1.610
++ Job #3: processing voxels 36861 to 49147; elapsed time=1.624
++ Job #4: processing voxels 49148 to 61434; elapsed time=1.639
++ Job #5: processing voxels 61435 to 73721; elapsed time=1.653
++ Job #6: processing voxels 73722 to 86008; elapsed time=1.669
++ Job #7: processing voxels 86009 to 98300; elapsed time=1.684
++ Job #0: processing voxels 0 to 12286; elapsed time=1.694
++ voxel loop:0123456789.0123456789.0123456789.0123456789.01234++ Job #1 finished; elapsed time=2.455
5++ Job #2 finished; elapsed time=2.473
++ Job #3 finished; elapsed time=2.480
67++ Job #4 finished; elapsed time=2.502
++ Job #5 finished; elapsed time=2.512
89.++ Job #6 finished; elapsed time=2.530

++ Job #0 waiting for children to finish; elapsed time=2.532
++ Job #7 finished; elapsed time=2.633
++ Job #0 now finishing up; elapsed time=2.641
++ Smallest FDR q [0 Full_Fstat] = 3.96607e-15
++ Smallest FDR q [2 futureself#0_Tstat] = 2.07418e-14
++ Smallest FDR q [3 futureself_Fstat] = 2.07418e-14
++ Smallest FDR q [5 presentself#0_Tstat] = 2.20623e-14
++ Smallest FDR q [6 presentself_Fstat] = 2.20623e-14
++ Smallest FDR q [8 pastself#0_Tstat] = 1.61029e-14
++ Smallest FDR q [9 pastself_Fstat] = 1.61036e-14
++ Smallest FDR q [11 futurenonself#0_Tstat] = 1.57134e-14
++ Smallest FDR q [12 futurenonself_Fstat] = 1.57125e-14
++ Smallest FDR q [14 presentnonself#0_Tstat] = 1.81184e-14
++ Smallest FDR q [15 presentnonself_Fstat] = 1.81192e-14
++ Smallest FDR q [17 pastnonself#0_Tstat] = 1.30402e-14
++ Smallest FDR q [18 pastnonself_Fstat] = 1.30414e-14
++ Smallest FDR q [20 past_present_self_GLT#0_Tstat] = 7.41249e-11
++ Smallest FDR q [21 past_present_self_GLT_Fstat] = 7.4127e-11
++ Smallest FDR q [23 future_present_self_GLT#0_Tstat] = 3.15791e-05
++ Smallest FDR q [24 future_present_self_GLT_Fstat] = 3.15793e-05
++ Smallest FDR q [26 self-nonself_GLT#0_Tstat] = 1.53147e-12
++ Smallest FDR q [27 self-nonself_GLT_Fstat] = 1.53163e-12
++ Wrote bucket dataset into /projects/b1081/NSF_HUBS/Nifti/derivatives/TaskStats_CIFTI_23.2.0/sub-HUBS01/task_glm_outputs/epiproj/stats/sub-HUBS01_ses-4_task-epiproj_stats.nii
 + created 19 FDR curves in bucket header
++ Wrote 3D+time dataset into /projects/b1081/NSF_HUBS/Nifti/derivatives/TaskStats_CIFTI_23.2.0/sub-HUBS01/task_glm_outputs/epiproj/stats/sub-HUBS01_ses-4_task-epiproj_fitts.nii
++ Wrote 3D+time dataset into /projects/b1081/NSF_HUBS/Nifti/derivatives/TaskStats_CIFTI_23.2.0/sub-HUBS01/task_glm_outputs/epiproj/stats/sub-HUBS01_ses-4_task-epiproj_errts.nii
++ Program finished; elapsed time=12.160
449
++ 3dcalc: AFNI version=AFNI_24.1.11 (May 10 2024) [64-bit]
++ Authored by: A cast of thousands
++ Output dataset /projects/b1081/NSF_HUBS/Nifti/derivatives/TaskStats_CIFTI_23.2.0/sub-HUBS01/task_glm_outputs/epiproj/stats/sub-HUBS01_ses-4_task-epiproj_zstats.nii
done fake nifti to cifti
done fake nifti to cifti
sub-HUBS01_ses-5_task-epiproj_LR_surf_subcort_222_32k_fsLR_smooth1
done fake nifti
++ 3dTstat: AFNI version=AFNI_24.1.11 (May 10 2024) [64-bit]
++ Authored by: KR Hammett & RW Cox
++ Output dataset ./sub-HUBS01_ses-5_task-epiproj_LR_surf_subcort_222_32k_fsLR_smooth1_mean.nii
++ 3dcalc: AFNI version=AFNI_24.1.11 (May 10 2024) [64-bit]
++ Authored by: A cast of thousands
++ Output dataset ./sub-HUBS01_ses-5_task-epiproj_LR_surf_subcort_222_32k_fsLR_smooth1_scale.nii
++ 3dDeconvolve: AFNI version=AFNI_24.1.11 (May 10 2024) [64-bit]
++ Authored by: B. Douglas Ward, et al.
++ loading dataset /projects/b1081/NSF_HUBS/Nifti/derivatives/TaskStats_CIFTI_23.2.0/sub-HUBS01/task_glm_outputs/epiproj/scale/sub-HUBS01_ses-5_task-epiproj_LR_surf_subcort_222_32k_fsLR_smooth1_scale.nii
++ forcibly using TR=1.3550 seconds for -input dataset
++ Skipping check for initial transients
++ Imaging duration=624.7 s; Automatic polort=5
++ -stim_times using TR=1.355 s for stimulus timing conversion
++ -stim_times using TR=1.355 s for any -iresp output datasets
++  [you can alter the -iresp TR via the -TR_times option]
++ ** -stim_times NOTE ** guessing GLOBAL times if 1 time per line; LOCAL otherwise
++ ** GUESSED ** -stim_times 1 using LOCAL times
++ ** GUESSED ** -stim_times 2 using LOCAL times
++ ** GUESSED ** -stim_times 3 using LOCAL times
++ ** GUESSED ** -stim_times 4 using LOCAL times
++ ** GUESSED ** -stim_times 5 using LOCAL times
++ ** GUESSED ** -stim_times 6 using LOCAL times
------------------------------------------------------------
GLT matrix from 'SYM: pastself -presentself':
   0   0   0   0   0   0   0  -1   1   0   0   0 
 
------------------------------------------------------------
GLT matrix from 'SYM: futureself -presentself':
   0   0   0   0   0   0   1  -1   0   0   0   0 
 
------------------------------------------------------------
GLT matrix from 'SYM: futureself +pastself +presentself -futurenonself -pastnonself -presentnonself':
   0   0   0   0   0   0   1   1   1  -1  -1  -1 
 
++ Number of time points: 461 (no censoring)
 + Number of parameters:  12 [6 baseline ; 6 signal]
++ total shared memory needed = 373,543,800 bytes (about 374 million)
++ mmap() memory allocated: 373,543,800 bytes (about 374 million)
++ Memory required for output bricks = 373,543,800 bytes (about 374 million)
++ Wrote matrix image to file /projects/b1081/NSF_HUBS/Nifti/derivatives/TaskStats_CIFTI_23.2.0/sub-HUBS01/task_glm_outputs/epiproj/stats/sub-HUBS01_ses-5_task-epiproj_X.jpg
++ Wrote matrix values to file /projects/b1081/NSF_HUBS/Nifti/derivatives/TaskStats_CIFTI_23.2.0/sub-HUBS01/task_glm_outputs/epiproj/stats/sub-HUBS01_ses-5_task-epiproj_X.xmat.1D
++ ========= Things you can do with the matrix file =========
++ (a) Linear regression with ARMA(1,1) modeling of serial correlation:

3dREMLfit -matrix /projects/b1081/NSF_HUBS/Nifti/derivatives/TaskStats_CIFTI_23.2.0/sub-HUBS01/task_glm_outputs/epiproj/stats/sub-HUBS01_ses-5_task-epiproj_X.xmat.1D -input /projects/b1081/NSF_HUBS/Nifti/derivatives/TaskStats_CIFTI_23.2.0/sub-HUBS01/task_glm_outputs/epiproj/scale/sub-HUBS01_ses-5_task-epiproj_LR_surf_subcort_222_32k_fsLR_smooth1_scale.nii \
 -fout -tout -Rbuck /projects/b1081/NSF_HUBS/Nifti/derivatives/TaskStats_CIFTI_23.2.0/sub-HUBS01/task_glm_outputs/epiproj/stats/sub-HUBS01_ses-5_task-epiproj_stats_REML -Rvar /projects/b1081/NSF_HUBS/Nifti/derivatives/TaskStats_CIFTI_23.2.0/sub-HUBS01/task_glm_outputs/epiproj/stats/sub-HUBS01_ses-5_task-epiproj_stats_REMLvar \
 -Rfitts /projects/b1081/NSF_HUBS/Nifti/derivatives/TaskStats_CIFTI_23.2.0/sub-HUBS01/task_glm_outputs/epiproj/stats/sub-HUBS01_ses-5_task-epiproj_fitts_REML \
 -Rerrts /projects/b1081/NSF_HUBS/Nifti/derivatives/TaskStats_CIFTI_23.2.0/sub-HUBS01/task_glm_outputs/epiproj/stats/sub-HUBS01_ses-5_task-epiproj_errts_REML -verb
 
++ N.B.: 3dREMLfit command above written to file /projects/b1081/NSF_HUBS/Nifti/derivatives/TaskStats_CIFTI_23.REML_cmd
++ (b) Visualization/analysis of the matrix via ExamineXmat.R
++ (c) Synthesis of sub-model datasets using 3dSynthesize
++ ==========================================================
++ ----- Signal+Baseline matrix condition [X] (461x12):  1.74669  ++ VERY GOOD ++
++ ----- Signal-only matrix condition [X] (461x6):  1.00018  ++ VERY GOOD ++
++ ----- Baseline-only matrix condition [X] (461x6):  1.01182  ++ VERY GOOD ++
++ ----- polort-only matrix condition [X] (461x6):  1.01182  ++ VERY GOOD ++
++ +++++ Matrix inverse average error = 3.92355e-16  ++ VERY GOOD ++
++ Matrix setup time = 1.04 s
++ Voxels in dataset: 98301
++ Voxels per job:    12287
++ Job #1: processing voxels 12287 to 24573; elapsed time=1.577
++ Job #2: processing voxels 24574 to 36860; elapsed time=1.590
++ Job #3: processing voxels 36861 to 49147; elapsed time=1.604
++ Job #4: processing voxels 49148 to 61434; elapsed time=1.618
++ Job #5: processing voxels 61435 to 73721; elapsed time=1.632
++ Job #6: processing voxels 73722 to 86008; elapsed time=1.646
++ Job #7: processing voxels 86009 to 98300; elapsed time=1.662
++ Job #0: processing voxels 0 to 12286; elapsed time=1.672
++ voxel loop:0123456789.0123456789.0123456789.0123456789.01234++ Job #1 finished; elapsed time=2.424
5++ Job #2 finished; elapsed time=2.439
6++ Job #3 finished; elapsed time=2.456
7++ Job #4 finished; elapsed time=2.467
8++ Job #5 finished; elapsed time=2.485
9.++ Job #6 finished; elapsed time=2.496

++ Job #0 waiting for children to finish; elapsed time=2.497
++ Job #7 finished; elapsed time=2.630
++ Job #0 now finishing up; elapsed time=2.638
++ Smallest FDR q [0 Full_Fstat] = 4.50661e-15
++ Smallest FDR q [2 futureself#0_Tstat] = 2.39193e-14
++ Smallest FDR q [3 futureself_Fstat] = 2.39212e-14
++ Smallest FDR q [5 presentself#0_Tstat] = 2.63626e-14
++ Smallest FDR q [6 presentself_Fstat] = 2.63647e-14
++ Smallest FDR q [8 pastself#0_Tstat] = 2.44218e-14
++ Smallest FDR q [9 pastself_Fstat] = 2.44203e-14
++ Smallest FDR q [11 futurenonself#0_Tstat] = 2.29684e-14
++ Smallest FDR q [12 futurenonself_Fstat] = 2.29675e-14
++ Smallest FDR q [14 presentnonself#0_Tstat] = 1.58064e-14
++ Smallest FDR q [15 presentnonself_Fstat] = 1.58064e-14
++ Smallest FDR q [17 pastnonself#0_Tstat] = 1.03918e-14
++ Smallest FDR q [18 pastnonself_Fstat] = 1.03914e-14
++ Smallest FDR q [20 past_present_self_GLT#0_Tstat] = 3.33238e-08
++ Smallest FDR q [21 past_present_self_GLT_Fstat] = 3.33193e-08
++ Smallest FDR q [23 future_present_self_GLT#0_Tstat] = 2.04332e-10
++ Smallest FDR q [24 future_present_self_GLT_Fstat] = 2.04324e-10
++ Smallest FDR q [26 self-nonself_GLT#0_Tstat] = 5.44491e-12
++ Smallest FDR q [27 self-nonself_GLT_Fstat] = 5.44455e-12
++ Wrote bucket dataset into /projects/b1081/NSF_HUBS/Nifti/derivatives/TaskStats_CIFTI_23.2.0/sub-HUBS01/task_glm_outputs/epiproj/stats/sub-HUBS01_ses-5_task-epiproj_stats.nii
 + created 19 FDR curves in bucket header
++ Wrote 3D+time dataset into /projects/b1081/NSF_HUBS/Nifti/derivatives/TaskStats_CIFTI_23.2.0/sub-HUBS01/task_glm_outputs/epiproj/stats/sub-HUBS01_ses-5_task-epiproj_fitts.nii
++ Wrote 3D+time dataset into /projects/b1081/NSF_HUBS/Nifti/derivatives/TaskStats_CIFTI_23.2.0/sub-HUBS01/task_glm_outputs/epiproj/stats/sub-HUBS01_ses-5_task-epiproj_errts.nii
++ Program finished; elapsed time=12.390
449
++ 3dcalc: AFNI version=AFNI_24.1.11 (May 10 2024) [64-bit]
++ Authored by: A cast of thousands
++ Output dataset /projects/b1081/NSF_HUBS/Nifti/derivatives/TaskStats_CIFTI_23.2.0/sub-HUBS01/task_glm_outputs/epiproj/stats/sub-HUBS01_ses-5_task-epiproj_zstats.nii
done fake nifti to cifti
done fake nifti to cifti
sub-HUBS01_ses-6_task-epiproj_LR_surf_subcort_222_32k_fsLR_smooth1
done fake nifti
++ 3dTstat: AFNI version=AFNI_24.1.11 (May 10 2024) [64-bit]
++ Authored by: KR Hammett & RW Cox
++ Output dataset ./sub-HUBS01_ses-6_task-epiproj_LR_surf_subcort_222_32k_fsLR_smooth1_mean.nii
++ 3dcalc: AFNI version=AFNI_24.1.11 (May 10 2024) [64-bit]
++ Authored by: A cast of thousands
++ Output dataset ./sub-HUBS01_ses-6_task-epiproj_LR_surf_subcort_222_32k_fsLR_smooth1_scale.nii
++ 3dDeconvolve: AFNI version=AFNI_24.1.11 (May 10 2024) [64-bit]
++ Authored by: B. Douglas Ward, et al.
++ loading dataset /projects/b1081/NSF_HUBS/Nifti/derivatives/TaskStats_CIFTI_23.2.0/sub-HUBS01/task_glm_outputs/epiproj/scale/sub-HUBS01_ses-6_task-epiproj_LR_surf_subcort_222_32k_fsLR_smooth1_scale.nii
++ forcibly using TR=1.3550 seconds for -input dataset
++ Skipping check for initial transients
++ Imaging duration=624.7 s; Automatic polort=5
++ -stim_times using TR=1.355 s for stimulus timing conversion
++ -stim_times using TR=1.355 s for any -iresp output datasets
++  [you can alter the -iresp TR via the -TR_times option]
++ ** -stim_times NOTE ** guessing GLOBAL times if 1 time per line; LOCAL otherwise
++ ** GUESSED ** -stim_times 1 using LOCAL times
++ ** GUESSED ** -stim_times 2 using LOCAL times
++ ** GUESSED ** -stim_times 3 using LOCAL times
++ ** GUESSED ** -stim_times 4 using LOCAL times
++ ** GUESSED ** -stim_times 5 using LOCAL times
++ ** GUESSED ** -stim_times 6 using LOCAL times
------------------------------------------------------------
GLT matrix from 'SYM: pastself -presentself':
   0   0   0   0   0   0   0  -1   1   0   0   0 
 
------------------------------------------------------------
GLT matrix from 'SYM: futureself -presentself':
   0   0   0   0   0   0   1  -1   0   0   0   0 
 
------------------------------------------------------------
GLT matrix from 'SYM: futureself +pastself +presentself -futurenonself -pastnonself -presentnonself':
   0   0   0   0   0   0   1   1   1  -1  -1  -1 
 
++ Number of time points: 461 (no censoring)
 + Number of parameters:  12 [6 baseline ; 6 signal]
++ total shared memory needed = 373,543,800 bytes (about 374 million)
++ mmap() memory allocated: 373,543,800 bytes (about 374 million)
++ Memory required for output bricks = 373,543,800 bytes (about 374 million)
++ Wrote matrix image to file /projects/b1081/NSF_HUBS/Nifti/derivatives/TaskStats_CIFTI_23.2.0/sub-HUBS01/task_glm_outputs/epiproj/stats/sub-HUBS01_ses-6_task-epiproj_X.jpg
++ Wrote matrix values to file /projects/b1081/NSF_HUBS/Nifti/derivatives/TaskStats_CIFTI_23.2.0/sub-HUBS01/task_glm_outputs/epiproj/stats/sub-HUBS01_ses-6_task-epiproj_X.xmat.1D
++ ========= Things you can do with the matrix file =========
++ (a) Linear regression with ARMA(1,1) modeling of serial correlation:

3dREMLfit -matrix /projects/b1081/NSF_HUBS/Nifti/derivatives/TaskStats_CIFTI_23.2.0/sub-HUBS01/task_glm_outputs/epiproj/stats/sub-HUBS01_ses-6_task-epiproj_X.xmat.1D -input /projects/b1081/NSF_HUBS/Nifti/derivatives/TaskStats_CIFTI_23.2.0/sub-HUBS01/task_glm_outputs/epiproj/scale/sub-HUBS01_ses-6_task-epiproj_LR_surf_subcort_222_32k_fsLR_smooth1_scale.nii \
 -fout -tout -Rbuck /projects/b1081/NSF_HUBS/Nifti/derivatives/TaskStats_CIFTI_23.2.0/sub-HUBS01/task_glm_outputs/epiproj/stats/sub-HUBS01_ses-6_task-epiproj_stats_REML -Rvar /projects/b1081/NSF_HUBS/Nifti/derivatives/TaskStats_CIFTI_23.2.0/sub-HUBS01/task_glm_outputs/epiproj/stats/sub-HUBS01_ses-6_task-epiproj_stats_REMLvar \
 -Rfitts /projects/b1081/NSF_HUBS/Nifti/derivatives/TaskStats_CIFTI_23.2.0/sub-HUBS01/task_glm_outputs/epiproj/stats/sub-HUBS01_ses-6_task-epiproj_fitts_REML \
 -Rerrts /projects/b1081/NSF_HUBS/Nifti/derivatives/TaskStats_CIFTI_23.2.0/sub-HUBS01/task_glm_outputs/epiproj/stats/sub-HUBS01_ses-6_task-epiproj_errts_REML -verb
 
++ N.B.: 3dREMLfit command above written to file /projects/b1081/NSF_HUBS/Nifti/derivatives/TaskStats_CIFTI_23.REML_cmd
++ (b) Visualization/analysis of the matrix via ExamineXmat.R
++ (c) Synthesis of sub-model datasets using 3dSynthesize
++ ==========================================================
++ ----- Signal+Baseline matrix condition [X] (461x12):  1.74723  ++ VERY GOOD ++
++ ----- Signal-only matrix condition [X] (461x6):  1.00018  ++ VERY GOOD ++
++ ----- Baseline-only matrix condition [X] (461x6):  1.01182  ++ VERY GOOD ++
++ ----- polort-only matrix condition [X] (461x6):  1.01182  ++ VERY GOOD ++
++ +++++ Matrix inverse average error = 3.97408e-16  ++ VERY GOOD ++
++ Matrix setup time = 0.89 s
++ Voxels in dataset: 98301
++ Voxels per job:    12287
++ Job #1: processing voxels 12287 to 24573; elapsed time=1.412
++ Job #2: processing voxels 24574 to 36860; elapsed time=1.425
++ Job #3: processing voxels 36861 to 49147; elapsed time=1.439
++ Job #4: processing voxels 49148 to 61434; elapsed time=1.453
++ Job #5: processing voxels 61435 to 73721; elapsed time=1.468
++ Job #6: processing voxels 73722 to 86008; elapsed time=1.482
++ Job #7: processing voxels 86009 to 98300; elapsed time=1.498
++ Job #0: processing voxels 0 to 12286; elapsed time=1.508
++ voxel loop:0123456789.0123456789.0123456789.0123456789.01234++ Job #1 finished; elapsed time=2.240
5++ Job #2 finished; elapsed time=2.261
6++ Job #3 finished; elapsed time=2.274
7++ Job #4 finished; elapsed time=2.286
++ Job #5 finished; elapsed time=2.298
89.
++ Job #0 waiting for children to finish; elapsed time=2.319
++ Job #6 finished; elapsed time=2.322
++ Job #7 finished; elapsed time=2.328
++ Job #0 now finishing up; elapsed time=2.337
++ Smallest FDR q [0 Full_Fstat] = 4.40994e-15
++ Smallest FDR q [2 futureself#0_Tstat] = 2.7187e-14
++ Smallest FDR q [3 futureself_Fstat] = 2.7187e-14
++ Smallest FDR q [5 presentself#0_Tstat] = 1.54034e-14
++ Smallest FDR q [6 presentself_Fstat] = 1.54002e-14
++ Smallest FDR q [8 pastself#0_Tstat] = 2.91391e-14
++ Smallest FDR q [9 pastself_Fstat] = 2.91367e-14
++ Smallest FDR q [11 futurenonself#0_Tstat] = 2.38477e-14
++ Smallest FDR q [12 futurenonself_Fstat] = 2.38428e-14
++ Smallest FDR q [14 presentnonself#0_Tstat] = 1.36199e-14
++ Smallest FDR q [15 presentnonself_Fstat] = 1.36201e-14
++ Smallest FDR q [17 pastnonself#0_Tstat] = 2.16578e-14
++ Smallest FDR q [18 pastnonself_Fstat] = 2.16595e-14
++ Smallest FDR q [20 past_present_self_GLT#0_Tstat] = 1.1442e-11
++ Smallest FDR q [21 past_present_self_GLT_Fstat] = 1.14414e-11
++ Smallest FDR q [23 future_present_self_GLT#0_Tstat] = 1.56632e-09
++ Smallest FDR q [24 future_present_self_GLT_Fstat] = 1.56631e-09
++ Smallest FDR q [26 self-nonself_GLT#0_Tstat] = 2.05889e-13
++ Smallest FDR q [27 self-nonself_GLT_Fstat] = 2.05864e-13
++ Wrote bucket dataset into /projects/b1081/NSF_HUBS/Nifti/derivatives/TaskStats_CIFTI_23.2.0/sub-HUBS01/task_glm_outputs/epiproj/stats/sub-HUBS01_ses-6_task-epiproj_stats.nii
 + created 19 FDR curves in bucket header
++ Wrote 3D+time dataset into /projects/b1081/NSF_HUBS/Nifti/derivatives/TaskStats_CIFTI_23.2.0/sub-HUBS01/task_glm_outputs/epiproj/stats/sub-HUBS01_ses-6_task-epiproj_fitts.nii
++ Wrote 3D+time dataset into /projects/b1081/NSF_HUBS/Nifti/derivatives/TaskStats_CIFTI_23.2.0/sub-HUBS01/task_glm_outputs/epiproj/stats/sub-HUBS01_ses-6_task-epiproj_errts.nii
++ Program finished; elapsed time=11.901
449
++ 3dcalc: AFNI version=AFNI_24.1.11 (May 10 2024) [64-bit]
++ Authored by: A cast of thousands
++ Output dataset /projects/b1081/NSF_HUBS/Nifti/derivatives/TaskStats_CIFTI_23.2.0/sub-HUBS01/task_glm_outputs/epiproj/stats/sub-HUBS01_ses-6_task-epiproj_zstats.nii
done fake nifti to cifti
done fake nifti to cifti
sub-HUBS01_ses-7_task-epiproj_LR_surf_subcort_222_32k_fsLR_smooth1
done fake nifti
++ 3dTstat: AFNI version=AFNI_24.1.11 (May 10 2024) [64-bit]
++ Authored by: KR Hammett & RW Cox
++ Output dataset ./sub-HUBS01_ses-7_task-epiproj_LR_surf_subcort_222_32k_fsLR_smooth1_mean.nii
++ 3dcalc: AFNI version=AFNI_24.1.11 (May 10 2024) [64-bit]
++ Authored by: A cast of thousands
++ Output dataset ./sub-HUBS01_ses-7_task-epiproj_LR_surf_subcort_222_32k_fsLR_smooth1_scale.nii
++ 3dDeconvolve: AFNI version=AFNI_24.1.11 (May 10 2024) [64-bit]
++ Authored by: B. Douglas Ward, et al.
++ loading dataset /projects/b1081/NSF_HUBS/Nifti/derivatives/TaskStats_CIFTI_23.2.0/sub-HUBS01/task_glm_outputs/epiproj/scale/sub-HUBS01_ses-7_task-epiproj_LR_surf_subcort_222_32k_fsLR_smooth1_scale.nii
++ forcibly using TR=1.3550 seconds for -input dataset
++ Skipping check for initial transients
++ Imaging duration=624.7 s; Automatic polort=5
++ -stim_times using TR=1.355 s for stimulus timing conversion
++ -stim_times using TR=1.355 s for any -iresp output datasets
++  [you can alter the -iresp TR via the -TR_times option]
++ ** -stim_times NOTE ** guessing GLOBAL times if 1 time per line; LOCAL otherwise
++ ** GUESSED ** -stim_times 1 using LOCAL times
++ ** GUESSED ** -stim_times 2 using LOCAL times
++ ** GUESSED ** -stim_times 3 using LOCAL times
++ ** GUESSED ** -stim_times 4 using LOCAL times
++ ** GUESSED ** -stim_times 5 using LOCAL times
++ ** GUESSED ** -stim_times 6 using LOCAL times
------------------------------------------------------------
GLT matrix from 'SYM: pastself -presentself':
   0   0   0   0   0   0   0  -1   1   0   0   0 
 
------------------------------------------------------------
GLT matrix from 'SYM: futureself -presentself':
   0   0   0   0   0   0   1  -1   0   0   0   0 
 
------------------------------------------------------------
GLT matrix from 'SYM: futureself +pastself +presentself -futurenonself -pastnonself -presentnonself':
   0   0   0   0   0   0   1   1   1  -1  -1  -1 
 
++ Number of time points: 461 (no censoring)
 + Number of parameters:  12 [6 baseline ; 6 signal]
++ total shared memory needed = 373,543,800 bytes (about 374 million)
++ mmap() memory allocated: 373,543,800 bytes (about 374 million)
++ Memory required for output bricks = 373,543,800 bytes (about 374 million)
++ Wrote matrix image to file /projects/b1081/NSF_HUBS/Nifti/derivatives/TaskStats_CIFTI_23.2.0/sub-HUBS01/task_glm_outputs/epiproj/stats/sub-HUBS01_ses-7_task-epiproj_X.jpg
++ Wrote matrix values to file /projects/b1081/NSF_HUBS/Nifti/derivatives/TaskStats_CIFTI_23.2.0/sub-HUBS01/task_glm_outputs/epiproj/stats/sub-HUBS01_ses-7_task-epiproj_X.xmat.1D
++ ========= Things you can do with the matrix file =========
++ (a) Linear regression with ARMA(1,1) modeling of serial correlation:

3dREMLfit -matrix /projects/b1081/NSF_HUBS/Nifti/derivatives/TaskStats_CIFTI_23.2.0/sub-HUBS01/task_glm_outputs/epiproj/stats/sub-HUBS01_ses-7_task-epiproj_X.xmat.1D -input /projects/b1081/NSF_HUBS/Nifti/derivatives/TaskStats_CIFTI_23.2.0/sub-HUBS01/task_glm_outputs/epiproj/scale/sub-HUBS01_ses-7_task-epiproj_LR_surf_subcort_222_32k_fsLR_smooth1_scale.nii \
 -fout -tout -Rbuck /projects/b1081/NSF_HUBS/Nifti/derivatives/TaskStats_CIFTI_23.2.0/sub-HUBS01/task_glm_outputs/epiproj/stats/sub-HUBS01_ses-7_task-epiproj_stats_REML -Rvar /projects/b1081/NSF_HUBS/Nifti/derivatives/TaskStats_CIFTI_23.2.0/sub-HUBS01/task_glm_outputs/epiproj/stats/sub-HUBS01_ses-7_task-epiproj_stats_REMLvar \
 -Rfitts /projects/b1081/NSF_HUBS/Nifti/derivatives/TaskStats_CIFTI_23.2.0/sub-HUBS01/task_glm_outputs/epiproj/stats/sub-HUBS01_ses-7_task-epiproj_fitts_REML \
 -Rerrts /projects/b1081/NSF_HUBS/Nifti/derivatives/TaskStats_CIFTI_23.2.0/sub-HUBS01/task_glm_outputs/epiproj/stats/sub-HUBS01_ses-7_task-epiproj_errts_REML -verb
 
++ N.B.: 3dREMLfit command above written to file /projects/b1081/NSF_HUBS/Nifti/derivatives/TaskStats_CIFTI_23.REML_cmd
++ (b) Visualization/analysis of the matrix via ExamineXmat.R
++ (c) Synthesis of sub-model datasets using 3dSynthesize
++ ==========================================================
++ ----- Signal+Baseline matrix condition [X] (461x12):  1.74632  ++ VERY GOOD ++
++ ----- Signal-only matrix condition [X] (461x6):  1.00021  ++ VERY GOOD ++
++ ----- Baseline-only matrix condition [X] (461x6):  1.01182  ++ VERY GOOD ++
++ ----- polort-only matrix condition [X] (461x6):  1.01182  ++ VERY GOOD ++
++ +++++ Matrix inverse average error = 4.55365e-16  ++ VERY GOOD ++
++ Matrix setup time = 1.02 s
++ Voxels in dataset: 98301
++ Voxels per job:    12287
++ Job #1: processing voxels 12287 to 24573; elapsed time=1.544
++ Job #2: processing voxels 24574 to 36860; elapsed time=1.557
++ Job #3: processing voxels 36861 to 49147; elapsed time=1.571
++ Job #4: processing voxels 49148 to 61434; elapsed time=1.586
++ Job #5: processing voxels 61435 to 73721; elapsed time=1.601
++ Job #6: processing voxels 73722 to 86008; elapsed time=1.615
++ Job #7: processing voxels 86009 to 98300; elapsed time=1.630
++ Job #0: processing voxels 0 to 12286; elapsed time=1.640
++ voxel loop:0123456789.0123456789.0123456789.0123456789.01234++ Job #1 finished; elapsed time=2.400
5++ Job #2 finished; elapsed time=2.412
6++ Job #3 finished; elapsed time=2.428
7++ Job #4 finished; elapsed time=2.441
++ Job #5 finished; elapsed time=2.456
89.
++ Job #0 waiting for children to finish; elapsed time=2.476
++ Job #7 finished; elapsed time=2.488
++ Job #6 finished; elapsed time=2.493
++ Job #0 now finishing up; elapsed time=2.500
++ Smallest FDR q [0 Full_Fstat] = 4.24503e-15
++ Smallest FDR q [2 futureself#0_Tstat] = 2.66094e-14
++ Smallest FDR q [3 futureself_Fstat] = 2.66106e-14
++ Smallest FDR q [5 presentself#0_Tstat] = 2.97764e-14
++ Smallest FDR q [6 presentself_Fstat] = 2.97777e-14
++ Smallest FDR q [8 pastself#0_Tstat] = 3.33263e-14
++ Smallest FDR q [9 pastself_Fstat] = 3.33263e-14
++ Smallest FDR q [11 futurenonself#0_Tstat] = 1.3346e-14
++ Smallest FDR q [12 futurenonself_Fstat] = 1.33457e-14
++ Smallest FDR q [14 presentnonself#0_Tstat] = 2.05319e-14
++ Smallest FDR q [15 presentnonself_Fstat] = 2.05337e-14
++ Smallest FDR q [17 pastnonself#0_Tstat] = 1.92957e-14
++ Smallest FDR q [18 pastnonself_Fstat] = 1.92973e-14
++ Smallest FDR q [20 past_present_self_GLT#0_Tstat] = 3.83982e-12
++ Smallest FDR q [21 past_present_self_GLT_Fstat] = 3.83962e-12
++ Smallest FDR q [23 future_present_self_GLT#0_Tstat] = 9.53018e-13
++ Smallest FDR q [24 future_present_self_GLT_Fstat] = 9.53085e-13
++ Smallest FDR q [26 self-nonself_GLT#0_Tstat] = 1.24111e-12
++ Smallest FDR q [27 self-nonself_GLT_Fstat] = 1.24115e-12
++ Wrote bucket dataset into /projects/b1081/NSF_HUBS/Nifti/derivatives/TaskStats_CIFTI_23.2.0/sub-HUBS01/task_glm_outputs/epiproj/stats/sub-HUBS01_ses-7_task-epiproj_stats.nii
 + created 19 FDR curves in bucket header
++ Wrote 3D+time dataset into /projects/b1081/NSF_HUBS/Nifti/derivatives/TaskStats_CIFTI_23.2.0/sub-HUBS01/task_glm_outputs/epiproj/stats/sub-HUBS01_ses-7_task-epiproj_fitts.nii
++ Wrote 3D+time dataset into /projects/b1081/NSF_HUBS/Nifti/derivatives/TaskStats_CIFTI_23.2.0/sub-HUBS01/task_glm_outputs/epiproj/stats/sub-HUBS01_ses-7_task-epiproj_errts.nii
++ Program finished; elapsed time=12.176
449
++ 3dcalc: AFNI version=AFNI_24.1.11 (May 10 2024) [64-bit]
++ Authored by: A cast of thousands
++ Output dataset /projects/b1081/NSF_HUBS/Nifti/derivatives/TaskStats_CIFTI_23.2.0/sub-HUBS01/task_glm_outputs/epiproj/stats/sub-HUBS01_ses-7_task-epiproj_zstats.nii
done fake nifti to cifti
done fake nifti to cifti
