MATLAB is selecting SOFTWARE OPENGL rendering.

                            < M A T L A B (R) >
                  Copyright 1984-2022 The MathWorks, Inc.
             R2022a Update 4 (9.12.0.2009381) 64-bit (glnxa64)
                                July 7, 2022

 
To get started, type doc.
For product information, visit www.mathworks.com.
 
sub-HUBS10_ses-1_task-epiproj_LR_surf_subcort_222_32k_fsLR_smooth1
done fake nifti
++ 3dTstat: AFNI version=AFNI_24.1.11 (May 10 2024) [64-bit]
++ Authored by: KR Hammett & RW Cox
++ Output dataset ./sub-HUBS10_ses-1_task-epiproj_LR_surf_subcort_222_32k_fsLR_smooth1_mean.nii
++ 3dcalc: AFNI version=AFNI_24.1.11 (May 10 2024) [64-bit]
++ Authored by: A cast of thousands
++ Output dataset ./sub-HUBS10_ses-1_task-epiproj_LR_surf_subcort_222_32k_fsLR_smooth1_scale.nii
++ 3dDeconvolve: AFNI version=AFNI_24.1.11 (May 10 2024) [64-bit]
++ Authored by: B. Douglas Ward, et al.
++ loading dataset /projects/b1081/NSF_HUBS/Nifti/derivatives/TaskStats_CIFTI_23.2.0/sub-HUBS10/task_glm_outputs/epiproj/scale/sub-HUBS10_ses-1_task-epiproj_LR_surf_subcort_222_32k_fsLR_smooth1_scale.nii
++ forcibly using TR=1.3550 seconds for -input dataset
++ Skipping check for initial transients
++ Imaging duration=624.7 s; Automatic polort=5
++ -stim_times using TR=1.355 s for stimulus timing conversion
++ -stim_times using TR=1.355 s for any -iresp output datasets
++  [you can alter the -iresp TR via the -TR_times option]
++ ** -stim_times NOTE ** guessing GLOBAL times if 1 time per line; LOCAL otherwise
++ ** GUESSED ** -stim_times 1 using LOCAL times
++ ** GUESSED ** -stim_times 2 using LOCAL times
++ ** GUESSED ** -stim_times 3 using LOCAL times
++ ** GUESSED ** -stim_times 4 using LOCAL times
++ ** GUESSED ** -stim_times 5 using LOCAL times
++ ** GUESSED ** -stim_times 6 using LOCAL times
------------------------------------------------------------
GLT matrix from 'SYM: pastself -presentself':
   0   0   0   0   0   0   0  -1   1   0   0   0 
 
------------------------------------------------------------
GLT matrix from 'SYM: futureself -presentself':
   0   0   0   0   0   0   1  -1   0   0   0   0 
 
------------------------------------------------------------
GLT matrix from 'SYM: futureself +pastself +presentself -futurenonself -pastnonself -presentnonself':
   0   0   0   0   0   0   1   1   1  -1  -1  -1 
 
++ Number of time points: 461 (no censoring)
 + Number of parameters:  12 [6 baseline ; 6 signal]
++ total shared memory needed = 373,543,800 bytes (about 374 million)
++ mmap() memory allocated: 373,543,800 bytes (about 374 million)
++ Memory required for output bricks = 373,543,800 bytes (about 374 million)
++ Wrote matrix image to file /projects/b1081/NSF_HUBS/Nifti/derivatives/TaskStats_CIFTI_23.2.0/sub-HUBS10/task_glm_outputs/epiproj/stats/sub-HUBS10_ses-1_task-epiproj_X.jpg
++ Wrote matrix values to file /projects/b1081/NSF_HUBS/Nifti/derivatives/TaskStats_CIFTI_23.2.0/sub-HUBS10/task_glm_outputs/epiproj/stats/sub-HUBS10_ses-1_task-epiproj_X.xmat.1D
++ ========= Things you can do with the matrix file =========
++ (a) Linear regression with ARMA(1,1) modeling of serial correlation:

3dREMLfit -matrix /projects/b1081/NSF_HUBS/Nifti/derivatives/TaskStats_CIFTI_23.2.0/sub-HUBS10/task_glm_outputs/epiproj/stats/sub-HUBS10_ses-1_task-epiproj_X.xmat.1D -input /projects/b1081/NSF_HUBS/Nifti/derivatives/TaskStats_CIFTI_23.2.0/sub-HUBS10/task_glm_outputs/epiproj/scale/sub-HUBS10_ses-1_task-epiproj_LR_surf_subcort_222_32k_fsLR_smooth1_scale.nii \
 -fout -tout -Rbuck /projects/b1081/NSF_HUBS/Nifti/derivatives/TaskStats_CIFTI_23.2.0/sub-HUBS10/task_glm_outputs/epiproj/stats/sub-HUBS10_ses-1_task-epiproj_stats_REML -Rvar /projects/b1081/NSF_HUBS/Nifti/derivatives/TaskStats_CIFTI_23.2.0/sub-HUBS10/task_glm_outputs/epiproj/stats/sub-HUBS10_ses-1_task-epiproj_stats_REMLvar \
 -Rfitts /projects/b1081/NSF_HUBS/Nifti/derivatives/TaskStats_CIFTI_23.2.0/sub-HUBS10/task_glm_outputs/epiproj/stats/sub-HUBS10_ses-1_task-epiproj_fitts_REML \
 -Rerrts /projects/b1081/NSF_HUBS/Nifti/derivatives/TaskStats_CIFTI_23.2.0/sub-HUBS10/task_glm_outputs/epiproj/stats/sub-HUBS10_ses-1_task-epiproj_errts_REML -verb
 
++ N.B.: 3dREMLfit command above written to file /projects/b1081/NSF_HUBS/Nifti/derivatives/TaskStats_CIFTI_23.REML_cmd
++ (b) Visualization/analysis of the matrix via ExamineXmat.R
++ (c) Synthesis of sub-model datasets using 3dSynthesize
++ ==========================================================
++ ----- Signal+Baseline matrix condition [X] (461x12):  1.74626  ++ VERY GOOD ++
++ ----- Signal-only matrix condition [X] (461x6):  1.00021  ++ VERY GOOD ++
++ ----- Baseline-only matrix condition [X] (461x6):  1.01182  ++ VERY GOOD ++
++ ----- polort-only matrix condition [X] (461x6):  1.01182  ++ VERY GOOD ++
++ +++++ Matrix inverse average error = 3.91368e-16  ++ VERY GOOD ++
++ Matrix setup time = 1.00 s
++ Voxels in dataset: 98301
++ Voxels per job:    12287
++ Job #1: processing voxels 12287 to 24573; elapsed time=1.528
++ Job #2: processing voxels 24574 to 36860; elapsed time=1.541
++ Job #3: processing voxels 36861 to 49147; elapsed time=1.555
++ Job #4: processing voxels 49148 to 61434; elapsed time=1.569
++ Job #5: processing voxels 61435 to 73721; elapsed time=1.584
++ Job #6: processing voxels 73722 to 86008; elapsed time=1.598
++ Job #7: processing voxels 86009 to 98300; elapsed time=1.613
++ Job #0: processing voxels 0 to 12286; elapsed time=1.623
++ voxel loop:0123456789.0123456789.0123456789.0123456789.0123++ Job #1 finished; elapsed time=2.332
4++ Job #2 finished; elapsed time=2.345
56++ Job #4 finished; elapsed time=2.377
++ Job #3 finished; elapsed time=2.379
78++ Job #6 finished; elapsed time=2.407
++ Job #5 finished; elapsed time=2.415
9.
++ Job #0 waiting for children to finish; elapsed time=2.419
++ Job #7 finished; elapsed time=2.449
++ Job #0 now finishing up; elapsed time=2.457
++ Smallest FDR q [0 Full_Fstat] = 3.23649e-15
++ Smallest FDR q [2 futureself#0_Tstat] = 2.22828e-14
++ Smallest FDR q [3 futureself_Fstat] = 2.22796e-14
++ Smallest FDR q [5 presentself#0_Tstat] = 2.1713e-14
++ Smallest FDR q [6 presentself_Fstat] = 2.17171e-14
++ Smallest FDR q [8 pastself#0_Tstat] = 1.95518e-14
++ Smallest FDR q [9 pastself_Fstat] = 1.95545e-14
++ Smallest FDR q [11 futurenonself#0_Tstat] = 1.77126e-14
++ Smallest FDR q [12 futurenonself_Fstat] = 1.77134e-14
++ Smallest FDR q [14 presentnonself#0_Tstat] = 1.34325e-14
++ Smallest FDR q [15 presentnonself_Fstat] = 1.34325e-14
++ Smallest FDR q [17 pastnonself#0_Tstat] = 9.27543e-15
++ Smallest FDR q [18 pastnonself_Fstat] = 9.27369e-15
++ Smallest FDR q [20 past_present_self_GLT#0_Tstat] = 4.94468e-09
++ Smallest FDR q [21 past_present_self_GLT_Fstat] = 4.94401e-09
++ Smallest FDR q [23 future_present_self_GLT#0_Tstat] = 1.47269e-09
++ Smallest FDR q [24 future_present_self_GLT_Fstat] = 1.47275e-09
++ Smallest FDR q [26 self-nonself_GLT#0_Tstat] = 8.69377e-14
++ Smallest FDR q [27 self-nonself_GLT_Fstat] = 8.69415e-14
++ Wrote bucket dataset into /projects/b1081/NSF_HUBS/Nifti/derivatives/TaskStats_CIFTI_23.2.0/sub-HUBS10/task_glm_outputs/epiproj/stats/sub-HUBS10_ses-1_task-epiproj_stats.nii
 + created 19 FDR curves in bucket header
++ Wrote 3D+time dataset into /projects/b1081/NSF_HUBS/Nifti/derivatives/TaskStats_CIFTI_23.2.0/sub-HUBS10/task_glm_outputs/epiproj/stats/sub-HUBS10_ses-1_task-epiproj_fitts.nii
++ Wrote 3D+time dataset into /projects/b1081/NSF_HUBS/Nifti/derivatives/TaskStats_CIFTI_23.2.0/sub-HUBS10/task_glm_outputs/epiproj/stats/sub-HUBS10_ses-1_task-epiproj_errts.nii
++ Program finished; elapsed time=12.007
449
++ 3dcalc: AFNI version=AFNI_24.1.11 (May 10 2024) [64-bit]
++ Authored by: A cast of thousands
++ Output dataset /projects/b1081/NSF_HUBS/Nifti/derivatives/TaskStats_CIFTI_23.2.0/sub-HUBS10/task_glm_outputs/epiproj/stats/sub-HUBS10_ses-1_task-epiproj_zstats.nii
done fake nifti to cifti
done fake nifti to cifti
sub-HUBS10_ses-2_task-epiproj_LR_surf_subcort_222_32k_fsLR_smooth1
done fake nifti
++ 3dTstat: AFNI version=AFNI_24.1.11 (May 10 2024) [64-bit]
++ Authored by: KR Hammett & RW Cox
++ Output dataset ./sub-HUBS10_ses-2_task-epiproj_LR_surf_subcort_222_32k_fsLR_smooth1_mean.nii
++ 3dcalc: AFNI version=AFNI_24.1.11 (May 10 2024) [64-bit]
++ Authored by: A cast of thousands
++ Output dataset ./sub-HUBS10_ses-2_task-epiproj_LR_surf_subcort_222_32k_fsLR_smooth1_scale.nii
++ 3dDeconvolve: AFNI version=AFNI_24.1.11 (May 10 2024) [64-bit]
++ Authored by: B. Douglas Ward, et al.
++ loading dataset /projects/b1081/NSF_HUBS/Nifti/derivatives/TaskStats_CIFTI_23.2.0/sub-HUBS10/task_glm_outputs/epiproj/scale/sub-HUBS10_ses-2_task-epiproj_LR_surf_subcort_222_32k_fsLR_smooth1_scale.nii
++ forcibly using TR=1.3550 seconds for -input dataset
++ Skipping check for initial transients
++ Imaging duration=624.7 s; Automatic polort=5
++ -stim_times using TR=1.355 s for stimulus timing conversion
++ -stim_times using TR=1.355 s for any -iresp output datasets
++  [you can alter the -iresp TR via the -TR_times option]
++ ** -stim_times NOTE ** guessing GLOBAL times if 1 time per line; LOCAL otherwise
++ ** GUESSED ** -stim_times 1 using LOCAL times
++ ** GUESSED ** -stim_times 2 using LOCAL times
++ ** GUESSED ** -stim_times 3 using LOCAL times
++ ** GUESSED ** -stim_times 4 using LOCAL times
++ ** GUESSED ** -stim_times 5 using LOCAL times
++ ** GUESSED ** -stim_times 6 using LOCAL times
------------------------------------------------------------
GLT matrix from 'SYM: pastself -presentself':
   0   0   0   0   0   0   0  -1   1   0   0   0 
 
------------------------------------------------------------
GLT matrix from 'SYM: futureself -presentself':
   0   0   0   0   0   0   1  -1   0   0   0   0 
 
------------------------------------------------------------
GLT matrix from 'SYM: futureself +pastself +presentself -futurenonself -pastnonself -presentnonself':
   0   0   0   0   0   0   1   1   1  -1  -1  -1 
 
++ Number of time points: 461 (no censoring)
 + Number of parameters:  12 [6 baseline ; 6 signal]
++ total shared memory needed = 373,543,800 bytes (about 374 million)
++ mmap() memory allocated: 373,543,800 bytes (about 374 million)
++ Memory required for output bricks = 373,543,800 bytes (about 374 million)
++ Wrote matrix image to file /projects/b1081/NSF_HUBS/Nifti/derivatives/TaskStats_CIFTI_23.2.0/sub-HUBS10/task_glm_outputs/epiproj/stats/sub-HUBS10_ses-2_task-epiproj_X.jpg
++ Wrote matrix values to file /projects/b1081/NSF_HUBS/Nifti/derivatives/TaskStats_CIFTI_23.2.0/sub-HUBS10/task_glm_outputs/epiproj/stats/sub-HUBS10_ses-2_task-epiproj_X.xmat.1D
++ ========= Things you can do with the matrix file =========
++ (a) Linear regression with ARMA(1,1) modeling of serial correlation:

3dREMLfit -matrix /projects/b1081/NSF_HUBS/Nifti/derivatives/TaskStats_CIFTI_23.2.0/sub-HUBS10/task_glm_outputs/epiproj/stats/sub-HUBS10_ses-2_task-epiproj_X.xmat.1D -input /projects/b1081/NSF_HUBS/Nifti/derivatives/TaskStats_CIFTI_23.2.0/sub-HUBS10/task_glm_outputs/epiproj/scale/sub-HUBS10_ses-2_task-epiproj_LR_surf_subcort_222_32k_fsLR_smooth1_scale.nii \
 -fout -tout -Rbuck /projects/b1081/NSF_HUBS/Nifti/derivatives/TaskStats_CIFTI_23.2.0/sub-HUBS10/task_glm_outputs/epiproj/stats/sub-HUBS10_ses-2_task-epiproj_stats_REML -Rvar /projects/b1081/NSF_HUBS/Nifti/derivatives/TaskStats_CIFTI_23.2.0/sub-HUBS10/task_glm_outputs/epiproj/stats/sub-HUBS10_ses-2_task-epiproj_stats_REMLvar \
 -Rfitts /projects/b1081/NSF_HUBS/Nifti/derivatives/TaskStats_CIFTI_23.2.0/sub-HUBS10/task_glm_outputs/epiproj/stats/sub-HUBS10_ses-2_task-epiproj_fitts_REML \
 -Rerrts /projects/b1081/NSF_HUBS/Nifti/derivatives/TaskStats_CIFTI_23.2.0/sub-HUBS10/task_glm_outputs/epiproj/stats/sub-HUBS10_ses-2_task-epiproj_errts_REML -verb
 
++ N.B.: 3dREMLfit command above written to file /projects/b1081/NSF_HUBS/Nifti/derivatives/TaskStats_CIFTI_23.REML_cmd
++ (b) Visualization/analysis of the matrix via ExamineXmat.R
++ (c) Synthesis of sub-model datasets using 3dSynthesize
++ ==========================================================
++ ----- Signal+Baseline matrix condition [X] (461x12):  1.74776  ++ VERY GOOD ++
++ ----- Signal-only matrix condition [X] (461x6):  1.0002  ++ VERY GOOD ++
++ ----- Baseline-only matrix condition [X] (461x6):  1.01182  ++ VERY GOOD ++
++ ----- polort-only matrix condition [X] (461x6):  1.01182  ++ VERY GOOD ++
++ +++++ Matrix inverse average error = 3.32773e-16  ++ VERY GOOD ++
++ Matrix setup time = 1.00 s
++ Voxels in dataset: 98301
++ Voxels per job:    12287
++ Job #1: processing voxels 12287 to 24573; elapsed time=1.614
++ Job #2: processing voxels 24574 to 36860; elapsed time=1.628
++ Job #3: processing voxels 36861 to 49147; elapsed time=1.642
++ Job #4: processing voxels 49148 to 61434; elapsed time=1.656
++ Job #5: processing voxels 61435 to 73721; elapsed time=1.671
++ Job #6: processing voxels 73722 to 86008; elapsed time=1.686
++ Job #7: processing voxels 86009 to 98300; elapsed time=1.702
++ Job #0: processing voxels 0 to 12286; elapsed time=1.712
++ voxel loop:0123456789.0123456789.0123456789.0123456789.012345++ Job #1 finished; elapsed time=2.501
++ Job #2 finished; elapsed time=2.504
6++ Job #3 finished; elapsed time=2.524
++ Job #4 finished; elapsed time=2.529
7++ Job #5 finished; elapsed time=2.547
8++ Job #7 finished; elapsed time=2.552
++ Job #6 finished; elapsed time=2.562
9.
++ Job #0 waiting for children to finish; elapsed time=2.567
++ Job #0 now finishing up; elapsed time=2.569
++ Smallest FDR q [0 Full_Fstat] = 4.68327e-15
++ Smallest FDR q [2 futureself#0_Tstat] = 2.7059e-14
++ Smallest FDR q [3 futureself_Fstat] = 2.70589e-14
++ Smallest FDR q [5 presentself#0_Tstat] = 3.10019e-14
++ Smallest FDR q [6 presentself_Fstat] = 3.10019e-14
++ Smallest FDR q [8 pastself#0_Tstat] = 2.15735e-14
++ Smallest FDR q [9 pastself_Fstat] = 2.15743e-14
++ Smallest FDR q [11 futurenonself#0_Tstat] = 2.53996e-14
++ Smallest FDR q [12 futurenonself_Fstat] = 2.54014e-14
++ Smallest FDR q [14 presentnonself#0_Tstat] = 1.72546e-14
++ Smallest FDR q [15 presentnonself_Fstat] = 1.72526e-14
++ Smallest FDR q [17 pastnonself#0_Tstat] = 1.97257e-14
++ Smallest FDR q [18 pastnonself_Fstat] = 1.97237e-14
++ Smallest FDR q [20 past_present_self_GLT#0_Tstat] = 3.69804e-10
++ Smallest FDR q [21 past_present_self_GLT_Fstat] = 3.69766e-10
++ Smallest FDR q [23 future_present_self_GLT#0_Tstat] = 2.59487e-10
++ Smallest FDR q [24 future_present_self_GLT_Fstat] = 2.59487e-10
++ Smallest FDR q [26 self-nonself_GLT#0_Tstat] = 1.43715e-13
++ Smallest FDR q [27 self-nonself_GLT_Fstat] = 1.43699e-13
++ Wrote bucket dataset into /projects/b1081/NSF_HUBS/Nifti/derivatives/TaskStats_CIFTI_23.2.0/sub-HUBS10/task_glm_outputs/epiproj/stats/sub-HUBS10_ses-2_task-epiproj_stats.nii
 + created 19 FDR curves in bucket header
++ Wrote 3D+time dataset into /projects/b1081/NSF_HUBS/Nifti/derivatives/TaskStats_CIFTI_23.2.0/sub-HUBS10/task_glm_outputs/epiproj/stats/sub-HUBS10_ses-2_task-epiproj_fitts.nii
++ Wrote 3D+time dataset into /projects/b1081/NSF_HUBS/Nifti/derivatives/TaskStats_CIFTI_23.2.0/sub-HUBS10/task_glm_outputs/epiproj/stats/sub-HUBS10_ses-2_task-epiproj_errts.nii
++ Program finished; elapsed time=12.440
449
++ 3dcalc: AFNI version=AFNI_24.1.11 (May 10 2024) [64-bit]
++ Authored by: A cast of thousands
++ Output dataset /projects/b1081/NSF_HUBS/Nifti/derivatives/TaskStats_CIFTI_23.2.0/sub-HUBS10/task_glm_outputs/epiproj/stats/sub-HUBS10_ses-2_task-epiproj_zstats.nii
done fake nifti to cifti
done fake nifti to cifti
sub-HUBS10_ses-3_task-epiproj_LR_surf_subcort_222_32k_fsLR_smooth1
done fake nifti
++ 3dTstat: AFNI version=AFNI_24.1.11 (May 10 2024) [64-bit]
++ Authored by: KR Hammett & RW Cox
++ Output dataset ./sub-HUBS10_ses-3_task-epiproj_LR_surf_subcort_222_32k_fsLR_smooth1_mean.nii
++ 3dcalc: AFNI version=AFNI_24.1.11 (May 10 2024) [64-bit]
++ Authored by: A cast of thousands
++ Output dataset ./sub-HUBS10_ses-3_task-epiproj_LR_surf_subcort_222_32k_fsLR_smooth1_scale.nii
++ 3dDeconvolve: AFNI version=AFNI_24.1.11 (May 10 2024) [64-bit]
++ Authored by: B. Douglas Ward, et al.
++ loading dataset /projects/b1081/NSF_HUBS/Nifti/derivatives/TaskStats_CIFTI_23.2.0/sub-HUBS10/task_glm_outputs/epiproj/scale/sub-HUBS10_ses-3_task-epiproj_LR_surf_subcort_222_32k_fsLR_smooth1_scale.nii
++ forcibly using TR=1.3550 seconds for -input dataset
++ Skipping check for initial transients
++ Imaging duration=624.7 s; Automatic polort=5
++ -stim_times using TR=1.355 s for stimulus timing conversion
++ -stim_times using TR=1.355 s for any -iresp output datasets
++  [you can alter the -iresp TR via the -TR_times option]
++ ** -stim_times NOTE ** guessing GLOBAL times if 1 time per line; LOCAL otherwise
++ ** GUESSED ** -stim_times 1 using LOCAL times
++ ** GUESSED ** -stim_times 2 using LOCAL times
++ ** GUESSED ** -stim_times 3 using LOCAL times
++ ** GUESSED ** -stim_times 4 using LOCAL times
++ ** GUESSED ** -stim_times 5 using LOCAL times
++ ** GUESSED ** -stim_times 6 using LOCAL times
------------------------------------------------------------
GLT matrix from 'SYM: pastself -presentself':
   0   0   0   0   0   0   0  -1   1   0   0   0 
 
------------------------------------------------------------
GLT matrix from 'SYM: futureself -presentself':
   0   0   0   0   0   0   1  -1   0   0   0   0 
 
------------------------------------------------------------
GLT matrix from 'SYM: futureself +pastself +presentself -futurenonself -pastnonself -presentnonself':
   0   0   0   0   0   0   1   1   1  -1  -1  -1 
 
++ Number of time points: 461 (no censoring)
 + Number of parameters:  12 [6 baseline ; 6 signal]
++ total shared memory needed = 373,543,800 bytes (about 374 million)
++ mmap() memory allocated: 373,543,800 bytes (about 374 million)
++ Memory required for output bricks = 373,543,800 bytes (about 374 million)
++ Wrote matrix image to file /projects/b1081/NSF_HUBS/Nifti/derivatives/TaskStats_CIFTI_23.2.0/sub-HUBS10/task_glm_outputs/epiproj/stats/sub-HUBS10_ses-3_task-epiproj_X.jpg
++ Wrote matrix values to file /projects/b1081/NSF_HUBS/Nifti/derivatives/TaskStats_CIFTI_23.2.0/sub-HUBS10/task_glm_outputs/epiproj/stats/sub-HUBS10_ses-3_task-epiproj_X.xmat.1D
++ ========= Things you can do with the matrix file =========
++ (a) Linear regression with ARMA(1,1) modeling of serial correlation:

3dREMLfit -matrix /projects/b1081/NSF_HUBS/Nifti/derivatives/TaskStats_CIFTI_23.2.0/sub-HUBS10/task_glm_outputs/epiproj/stats/sub-HUBS10_ses-3_task-epiproj_X.xmat.1D -input /projects/b1081/NSF_HUBS/Nifti/derivatives/TaskStats_CIFTI_23.2.0/sub-HUBS10/task_glm_outputs/epiproj/scale/sub-HUBS10_ses-3_task-epiproj_LR_surf_subcort_222_32k_fsLR_smooth1_scale.nii \
 -fout -tout -Rbuck /projects/b1081/NSF_HUBS/Nifti/derivatives/TaskStats_CIFTI_23.2.0/sub-HUBS10/task_glm_outputs/epiproj/stats/sub-HUBS10_ses-3_task-epiproj_stats_REML -Rvar /projects/b1081/NSF_HUBS/Nifti/derivatives/TaskStats_CIFTI_23.2.0/sub-HUBS10/task_glm_outputs/epiproj/stats/sub-HUBS10_ses-3_task-epiproj_stats_REMLvar \
 -Rfitts /projects/b1081/NSF_HUBS/Nifti/derivatives/TaskStats_CIFTI_23.2.0/sub-HUBS10/task_glm_outputs/epiproj/stats/sub-HUBS10_ses-3_task-epiproj_fitts_REML \
 -Rerrts /projects/b1081/NSF_HUBS/Nifti/derivatives/TaskStats_CIFTI_23.2.0/sub-HUBS10/task_glm_outputs/epiproj/stats/sub-HUBS10_ses-3_task-epiproj_errts_REML -verb
 
++ N.B.: 3dREMLfit command above written to file /projects/b1081/NSF_HUBS/Nifti/derivatives/TaskStats_CIFTI_23.REML_cmd
++ (b) Visualization/analysis of the matrix via ExamineXmat.R
++ (c) Synthesis of sub-model datasets using 3dSynthesize
++ ==========================================================
++ ----- Signal+Baseline matrix condition [X] (461x12):  1.74682  ++ VERY GOOD ++
++ ----- Signal-only matrix condition [X] (461x6):  1.00018  ++ VERY GOOD ++
++ ----- Baseline-only matrix condition [X] (461x6):  1.01182  ++ VERY GOOD ++
++ ----- polort-only matrix condition [X] (461x6):  1.01182  ++ VERY GOOD ++
++ +++++ Matrix inverse average error = 4.72482e-16  ++ VERY GOOD ++
++ Matrix setup time = 0.98 s
++ Voxels in dataset: 98301
++ Voxels per job:    12287
++ Job #1: processing voxels 12287 to 24573; elapsed time=1.527
++ Job #2: processing voxels 24574 to 36860; elapsed time=1.540
++ Job #3: processing voxels 36861 to 49147; elapsed time=1.552
++ Job #4: processing voxels 49148 to 61434; elapsed time=1.566
++ Job #5: processing voxels 61435 to 73721; elapsed time=1.580
++ Job #6: processing voxels 73722 to 86008; elapsed time=1.595
++ Job #7: processing voxels 86009 to 98300; elapsed time=1.610
++ Job #0: processing voxels 0 to 12286; elapsed time=1.620
++ voxel loop:0123456789.0123456789.0123456789.0123456789.0123++ Job #1 finished; elapsed time=2.371
4++ Job #2 finished; elapsed time=2.387
56++ Job #3 finished; elapsed time=2.406
7++ Job #4 finished; elapsed time=2.422
++ Job #5 finished; elapsed time=2.429
8++ Job #6 finished; elapsed time=2.448
9.
++ Job #0 waiting for children to finish; elapsed time=2.451
++ Job #7 finished; elapsed time=2.464
++ Job #0 now finishing up; elapsed time=2.471
++ Smallest FDR q [0 Full_Fstat] = 4.15808e-15
++ Smallest FDR q [2 futureself#0_Tstat] = 1.14046e-14
++ Smallest FDR q [3 futureself_Fstat] = 1.14037e-14
++ Smallest FDR q [5 presentself#0_Tstat] = 2.87637e-14
++ Smallest FDR q [6 presentself_Fstat] = 2.87637e-14
++ Smallest FDR q [8 pastself#0_Tstat] = 1.91454e-14
++ Smallest FDR q [9 pastself_Fstat] = 1.91454e-14
++ Smallest FDR q [11 futurenonself#0_Tstat] = 2.60548e-14
++ Smallest FDR q [12 futurenonself_Fstat] = 2.60548e-14
++ Smallest FDR q [14 presentnonself#0_Tstat] = 2.26931e-14
++ Smallest FDR q [15 presentnonself_Fstat] = 2.26923e-14
++ Smallest FDR q [17 pastnonself#0_Tstat] = 1.8694e-14
++ Smallest FDR q [18 pastnonself_Fstat] = 1.86915e-14
++ Smallest FDR q [20 past_present_self_GLT#0_Tstat] = 1.80581e-06
++ Smallest FDR q [21 past_present_self_GLT_Fstat] = 1.80563e-06
++ Smallest FDR q [23 future_present_self_GLT#0_Tstat] = 2.73598e-05
++ Smallest FDR q [24 future_present_self_GLT_Fstat] = 2.736e-05
++ Smallest FDR q [26 self-nonself_GLT#0_Tstat] = 9.16877e-14
++ Smallest FDR q [27 self-nonself_GLT_Fstat] = 9.1687e-14
++ Wrote bucket dataset into /projects/b1081/NSF_HUBS/Nifti/derivatives/TaskStats_CIFTI_23.2.0/sub-HUBS10/task_glm_outputs/epiproj/stats/sub-HUBS10_ses-3_task-epiproj_stats.nii
 + created 19 FDR curves in bucket header
++ Wrote 3D+time dataset into /projects/b1081/NSF_HUBS/Nifti/derivatives/TaskStats_CIFTI_23.2.0/sub-HUBS10/task_glm_outputs/epiproj/stats/sub-HUBS10_ses-3_task-epiproj_fitts.nii
++ Wrote 3D+time dataset into /projects/b1081/NSF_HUBS/Nifti/derivatives/TaskStats_CIFTI_23.2.0/sub-HUBS10/task_glm_outputs/epiproj/stats/sub-HUBS10_ses-3_task-epiproj_errts.nii
++ Program finished; elapsed time=12.265
449
++ 3dcalc: AFNI version=AFNI_24.1.11 (May 10 2024) [64-bit]
++ Authored by: A cast of thousands
++ Output dataset /projects/b1081/NSF_HUBS/Nifti/derivatives/TaskStats_CIFTI_23.2.0/sub-HUBS10/task_glm_outputs/epiproj/stats/sub-HUBS10_ses-3_task-epiproj_zstats.nii
done fake nifti to cifti
done fake nifti to cifti
sub-HUBS10_ses-4_task-epiproj_LR_surf_subcort_222_32k_fsLR_smooth1
done fake nifti
++ 3dTstat: AFNI version=AFNI_24.1.11 (May 10 2024) [64-bit]
++ Authored by: KR Hammett & RW Cox
++ Output dataset ./sub-HUBS10_ses-4_task-epiproj_LR_surf_subcort_222_32k_fsLR_smooth1_mean.nii
++ 3dcalc: AFNI version=AFNI_24.1.11 (May 10 2024) [64-bit]
++ Authored by: A cast of thousands
++ Output dataset ./sub-HUBS10_ses-4_task-epiproj_LR_surf_subcort_222_32k_fsLR_smooth1_scale.nii
++ 3dDeconvolve: AFNI version=AFNI_24.1.11 (May 10 2024) [64-bit]
++ Authored by: B. Douglas Ward, et al.
++ loading dataset /projects/b1081/NSF_HUBS/Nifti/derivatives/TaskStats_CIFTI_23.2.0/sub-HUBS10/task_glm_outputs/epiproj/scale/sub-HUBS10_ses-4_task-epiproj_LR_surf_subcort_222_32k_fsLR_smooth1_scale.nii
++ forcibly using TR=1.3550 seconds for -input dataset
++ Skipping check for initial transients
++ Imaging duration=624.7 s; Automatic polort=5
++ -stim_times using TR=1.355 s for stimulus timing conversion
++ -stim_times using TR=1.355 s for any -iresp output datasets
++  [you can alter the -iresp TR via the -TR_times option]
++ ** -stim_times NOTE ** guessing GLOBAL times if 1 time per line; LOCAL otherwise
++ ** GUESSED ** -stim_times 1 using LOCAL times
++ ** GUESSED ** -stim_times 2 using LOCAL times
++ ** GUESSED ** -stim_times 3 using LOCAL times
++ ** GUESSED ** -stim_times 4 using LOCAL times
++ ** GUESSED ** -stim_times 5 using LOCAL times
++ ** GUESSED ** -stim_times 6 using LOCAL times
------------------------------------------------------------
GLT matrix from 'SYM: pastself -presentself':
   0   0   0   0   0   0   0  -1   1   0   0   0 
 
------------------------------------------------------------
GLT matrix from 'SYM: futureself -presentself':
   0   0   0   0   0   0   1  -1   0   0   0   0 
 
------------------------------------------------------------
GLT matrix from 'SYM: futureself +pastself +presentself -futurenonself -pastnonself -presentnonself':
   0   0   0   0   0   0   1   1   1  -1  -1  -1 
 
++ Number of time points: 461 (no censoring)
 + Number of parameters:  12 [6 baseline ; 6 signal]
++ total shared memory needed = 373,543,800 bytes (about 374 million)
++ mmap() memory allocated: 373,543,800 bytes (about 374 million)
++ Memory required for output bricks = 373,543,800 bytes (about 374 million)
++ Wrote matrix image to file /projects/b1081/NSF_HUBS/Nifti/derivatives/TaskStats_CIFTI_23.2.0/sub-HUBS10/task_glm_outputs/epiproj/stats/sub-HUBS10_ses-4_task-epiproj_X.jpg
++ Wrote matrix values to file /projects/b1081/NSF_HUBS/Nifti/derivatives/TaskStats_CIFTI_23.2.0/sub-HUBS10/task_glm_outputs/epiproj/stats/sub-HUBS10_ses-4_task-epiproj_X.xmat.1D
++ ========= Things you can do with the matrix file =========
++ (a) Linear regression with ARMA(1,1) modeling of serial correlation:

3dREMLfit -matrix /projects/b1081/NSF_HUBS/Nifti/derivatives/TaskStats_CIFTI_23.2.0/sub-HUBS10/task_glm_outputs/epiproj/stats/sub-HUBS10_ses-4_task-epiproj_X.xmat.1D -input /projects/b1081/NSF_HUBS/Nifti/derivatives/TaskStats_CIFTI_23.2.0/sub-HUBS10/task_glm_outputs/epiproj/scale/sub-HUBS10_ses-4_task-epiproj_LR_surf_subcort_222_32k_fsLR_smooth1_scale.nii \
 -fout -tout -Rbuck /projects/b1081/NSF_HUBS/Nifti/derivatives/TaskStats_CIFTI_23.2.0/sub-HUBS10/task_glm_outputs/epiproj/stats/sub-HUBS10_ses-4_task-epiproj_stats_REML -Rvar /projects/b1081/NSF_HUBS/Nifti/derivatives/TaskStats_CIFTI_23.2.0/sub-HUBS10/task_glm_outputs/epiproj/stats/sub-HUBS10_ses-4_task-epiproj_stats_REMLvar \
 -Rfitts /projects/b1081/NSF_HUBS/Nifti/derivatives/TaskStats_CIFTI_23.2.0/sub-HUBS10/task_glm_outputs/epiproj/stats/sub-HUBS10_ses-4_task-epiproj_fitts_REML \
 -Rerrts /projects/b1081/NSF_HUBS/Nifti/derivatives/TaskStats_CIFTI_23.2.0/sub-HUBS10/task_glm_outputs/epiproj/stats/sub-HUBS10_ses-4_task-epiproj_errts_REML -verb
 
++ N.B.: 3dREMLfit command above written to file /projects/b1081/NSF_HUBS/Nifti/derivatives/TaskStats_CIFTI_23.REML_cmd
++ (b) Visualization/analysis of the matrix via ExamineXmat.R
++ (c) Synthesis of sub-model datasets using 3dSynthesize
++ ==========================================================
++ ----- Signal+Baseline matrix condition [X] (461x12):  1.74669  ++ VERY GOOD ++
++ ----- Signal-only matrix condition [X] (461x6):  1.00018  ++ VERY GOOD ++
++ ----- Baseline-only matrix condition [X] (461x6):  1.01182  ++ VERY GOOD ++
++ ----- polort-only matrix condition [X] (461x6):  1.01182  ++ VERY GOOD ++
++ +++++ Matrix inverse average error = 3.92355e-16  ++ VERY GOOD ++
++ Matrix setup time = 0.96 s
++ Voxels in dataset: 98301
++ Voxels per job:    12287
++ Job #1: processing voxels 12287 to 24573; elapsed time=1.492
++ Job #2: processing voxels 24574 to 36860; elapsed time=1.505
++ Job #3: processing voxels 36861 to 49147; elapsed time=1.519
++ Job #4: processing voxels 49148 to 61434; elapsed time=1.533
++ Job #5: processing voxels 61435 to 73721; elapsed time=1.548
++ Job #6: processing voxels 73722 to 86008; elapsed time=1.562
++ Job #7: processing voxels 86009 to 98300; elapsed time=1.577
++ Job #0: processing voxels 0 to 12286; elapsed time=1.587
++ voxel loop:0123456789.0123456789.0123456789.0123456789.01234++ Job #1 finished; elapsed time=2.362
++ Job #3 finished; elapsed time=2.379
5++ Job #2 finished; elapsed time=2.383
6++ Job #4 finished; elapsed time=2.407
7++ Job #5 finished; elapsed time=2.417
8++ Job #7 finished; elapsed time=2.440
++ Job #6 finished; elapsed time=2.443
9.
++ Job #0 waiting for children to finish; elapsed time=2.456
++ Job #0 now finishing up; elapsed time=2.456
++ Smallest FDR q [0 Full_Fstat] = 5.71039e-15
++ Smallest FDR q [2 futureself#0_Tstat] = 4.33408e-14
++ Smallest FDR q [3 futureself_Fstat] = 4.33376e-14
++ Smallest FDR q [5 presentself#0_Tstat] = 3.64043e-14
++ Smallest FDR q [6 presentself_Fstat] = 3.64029e-14
++ Smallest FDR q [8 pastself#0_Tstat] = 2.28722e-14
++ Smallest FDR q [9 pastself_Fstat] = 2.28722e-14
++ Smallest FDR q [11 futurenonself#0_Tstat] = 2.5173e-14
++ Smallest FDR q [12 futurenonself_Fstat] = 2.51681e-14
++ Smallest FDR q [14 presentnonself#0_Tstat] = 2.37317e-14
++ Smallest FDR q [15 presentnonself_Fstat] = 2.37337e-14
++ Smallest FDR q [17 pastnonself#0_Tstat] = 1.36565e-14
++ Smallest FDR q [18 pastnonself_Fstat] = 1.36565e-14
++ Smallest FDR q [20 past_present_self_GLT#0_Tstat] = 0.000128572
++ Smallest FDR q [21 past_present_self_GLT_Fstat] = 0.000128569
++ Smallest FDR q [23 future_present_self_GLT#0_Tstat] = 4.28769e-05
++ Smallest FDR q [24 future_present_self_GLT_Fstat] = 4.28757e-05
++ Smallest FDR q [26 self-nonself_GLT#0_Tstat] = 1.04658e-12
++ Smallest FDR q [27 self-nonself_GLT_Fstat] = 1.04662e-12
++ Wrote bucket dataset into /projects/b1081/NSF_HUBS/Nifti/derivatives/TaskStats_CIFTI_23.2.0/sub-HUBS10/task_glm_outputs/epiproj/stats/sub-HUBS10_ses-4_task-epiproj_stats.nii
 + created 19 FDR curves in bucket header
++ Wrote 3D+time dataset into /projects/b1081/NSF_HUBS/Nifti/derivatives/TaskStats_CIFTI_23.2.0/sub-HUBS10/task_glm_outputs/epiproj/stats/sub-HUBS10_ses-4_task-epiproj_fitts.nii
++ Wrote 3D+time dataset into /projects/b1081/NSF_HUBS/Nifti/derivatives/TaskStats_CIFTI_23.2.0/sub-HUBS10/task_glm_outputs/epiproj/stats/sub-HUBS10_ses-4_task-epiproj_errts.nii
++ Program finished; elapsed time=12.357
449
++ 3dcalc: AFNI version=AFNI_24.1.11 (May 10 2024) [64-bit]
++ Authored by: A cast of thousands
++ Output dataset /projects/b1081/NSF_HUBS/Nifti/derivatives/TaskStats_CIFTI_23.2.0/sub-HUBS10/task_glm_outputs/epiproj/stats/sub-HUBS10_ses-4_task-epiproj_zstats.nii
done fake nifti to cifti
done fake nifti to cifti
sub-HUBS10_ses-5_task-epiproj_LR_surf_subcort_222_32k_fsLR_smooth1
done fake nifti
++ 3dTstat: AFNI version=AFNI_24.1.11 (May 10 2024) [64-bit]
++ Authored by: KR Hammett & RW Cox
++ Output dataset ./sub-HUBS10_ses-5_task-epiproj_LR_surf_subcort_222_32k_fsLR_smooth1_mean.nii
++ 3dcalc: AFNI version=AFNI_24.1.11 (May 10 2024) [64-bit]
++ Authored by: A cast of thousands
++ Output dataset ./sub-HUBS10_ses-5_task-epiproj_LR_surf_subcort_222_32k_fsLR_smooth1_scale.nii
++ 3dDeconvolve: AFNI version=AFNI_24.1.11 (May 10 2024) [64-bit]
++ Authored by: B. Douglas Ward, et al.
++ loading dataset /projects/b1081/NSF_HUBS/Nifti/derivatives/TaskStats_CIFTI_23.2.0/sub-HUBS10/task_glm_outputs/epiproj/scale/sub-HUBS10_ses-5_task-epiproj_LR_surf_subcort_222_32k_fsLR_smooth1_scale.nii
++ forcibly using TR=1.3550 seconds for -input dataset
++ Skipping check for initial transients
++ Imaging duration=624.7 s; Automatic polort=5
++ -stim_times using TR=1.355 s for stimulus timing conversion
++ -stim_times using TR=1.355 s for any -iresp output datasets
++  [you can alter the -iresp TR via the -TR_times option]
++ ** -stim_times NOTE ** guessing GLOBAL times if 1 time per line; LOCAL otherwise
++ ** GUESSED ** -stim_times 1 using LOCAL times
++ ** GUESSED ** -stim_times 2 using LOCAL times
++ ** GUESSED ** -stim_times 3 using LOCAL times
++ ** GUESSED ** -stim_times 4 using LOCAL times
++ ** GUESSED ** -stim_times 5 using LOCAL times
++ ** GUESSED ** -stim_times 6 using LOCAL times
------------------------------------------------------------
GLT matrix from 'SYM: pastself -presentself':
   0   0   0   0   0   0   0  -1   1   0   0   0 
 
------------------------------------------------------------
GLT matrix from 'SYM: futureself -presentself':
   0   0   0   0   0   0   1  -1   0   0   0   0 
 
------------------------------------------------------------
GLT matrix from 'SYM: futureself +pastself +presentself -futurenonself -pastnonself -presentnonself':
   0   0   0   0   0   0   1   1   1  -1  -1  -1 
 
++ Number of time points: 461 (no censoring)
 + Number of parameters:  12 [6 baseline ; 6 signal]
++ total shared memory needed = 373,543,800 bytes (about 374 million)
++ mmap() memory allocated: 373,543,800 bytes (about 374 million)
++ Memory required for output bricks = 373,543,800 bytes (about 374 million)
++ Wrote matrix image to file /projects/b1081/NSF_HUBS/Nifti/derivatives/TaskStats_CIFTI_23.2.0/sub-HUBS10/task_glm_outputs/epiproj/stats/sub-HUBS10_ses-5_task-epiproj_X.jpg
++ Wrote matrix values to file /projects/b1081/NSF_HUBS/Nifti/derivatives/TaskStats_CIFTI_23.2.0/sub-HUBS10/task_glm_outputs/epiproj/stats/sub-HUBS10_ses-5_task-epiproj_X.xmat.1D
++ ========= Things you can do with the matrix file =========
++ (a) Linear regression with ARMA(1,1) modeling of serial correlation:

3dREMLfit -matrix /projects/b1081/NSF_HUBS/Nifti/derivatives/TaskStats_CIFTI_23.2.0/sub-HUBS10/task_glm_outputs/epiproj/stats/sub-HUBS10_ses-5_task-epiproj_X.xmat.1D -input /projects/b1081/NSF_HUBS/Nifti/derivatives/TaskStats_CIFTI_23.2.0/sub-HUBS10/task_glm_outputs/epiproj/scale/sub-HUBS10_ses-5_task-epiproj_LR_surf_subcort_222_32k_fsLR_smooth1_scale.nii \
 -fout -tout -Rbuck /projects/b1081/NSF_HUBS/Nifti/derivatives/TaskStats_CIFTI_23.2.0/sub-HUBS10/task_glm_outputs/epiproj/stats/sub-HUBS10_ses-5_task-epiproj_stats_REML -Rvar /projects/b1081/NSF_HUBS/Nifti/derivatives/TaskStats_CIFTI_23.2.0/sub-HUBS10/task_glm_outputs/epiproj/stats/sub-HUBS10_ses-5_task-epiproj_stats_REMLvar \
 -Rfitts /projects/b1081/NSF_HUBS/Nifti/derivatives/TaskStats_CIFTI_23.2.0/sub-HUBS10/task_glm_outputs/epiproj/stats/sub-HUBS10_ses-5_task-epiproj_fitts_REML \
 -Rerrts /projects/b1081/NSF_HUBS/Nifti/derivatives/TaskStats_CIFTI_23.2.0/sub-HUBS10/task_glm_outputs/epiproj/stats/sub-HUBS10_ses-5_task-epiproj_errts_REML -verb
 
++ N.B.: 3dREMLfit command above written to file /projects/b1081/NSF_HUBS/Nifti/derivatives/TaskStats_CIFTI_23.REML_cmd
++ (b) Visualization/analysis of the matrix via ExamineXmat.R
++ (c) Synthesis of sub-model datasets using 3dSynthesize
++ ==========================================================
++ ----- Signal+Baseline matrix condition [X] (461x12):  1.74723  ++ VERY GOOD ++
++ ----- Signal-only matrix condition [X] (461x6):  1.00018  ++ VERY GOOD ++
++ ----- Baseline-only matrix condition [X] (461x6):  1.01182  ++ VERY GOOD ++
++ ----- polort-only matrix condition [X] (461x6):  1.01182  ++ VERY GOOD ++
++ +++++ Matrix inverse average error = 3.97408e-16  ++ VERY GOOD ++
++ Matrix setup time = 0.91 s
++ Voxels in dataset: 98301
++ Voxels per job:    12287
++ Job #1: processing voxels 12287 to 24573; elapsed time=1.428
++ Job #2: processing voxels 24574 to 36860; elapsed time=1.442
++ Job #3: processing voxels 36861 to 49147; elapsed time=1.456
++ Job #4: processing voxels 49148 to 61434; elapsed time=1.470
++ Job #5: processing voxels 61435 to 73721; elapsed time=1.484
++ Job #6: processing voxels 73722 to 86008; elapsed time=1.498
++ Job #7: processing voxels 86009 to 98300; elapsed time=1.513
++ Job #0: processing voxels 0 to 12286; elapsed time=1.523
++ voxel loop:0123456789.0123456789.0123456789.0123456789.01234++ Job #1 finished; elapsed time=2.268
5++ Job #2 finished; elapsed time=2.277
67++ Job #4 finished; elapsed time=2.309
++ Job #3 finished; elapsed time=2.316
89.
++ Job #0 waiting for children to finish; elapsed time=2.336
++ Job #6 finished; elapsed time=2.338
++ Job #5 finished; elapsed time=2.341
++ Job #7 finished; elapsed time=2.373
++ Job #0 now finishing up; elapsed time=2.380
++ Smallest FDR q [0 Full_Fstat] = 5.48344e-15
++ Smallest FDR q [2 futureself#0_Tstat] = 2.58085e-14
++ Smallest FDR q [3 futureself_Fstat] = 2.58094e-14
++ Smallest FDR q [5 presentself#0_Tstat] = 3.06544e-14
++ Smallest FDR q [6 presentself_Fstat] = 3.06555e-14
++ Smallest FDR q [8 pastself#0_Tstat] = 2.34504e-14
++ Smallest FDR q [9 pastself_Fstat] = 2.34513e-14
++ Smallest FDR q [11 futurenonself#0_Tstat] = 2.36387e-14
++ Smallest FDR q [12 futurenonself_Fstat] = 2.36397e-14
++ Smallest FDR q [14 presentnonself#0_Tstat] = 2.22212e-14
++ Smallest FDR q [15 presentnonself_Fstat] = 2.22236e-14
++ Smallest FDR q [17 pastnonself#0_Tstat] = 1.79053e-14
++ Smallest FDR q [18 pastnonself_Fstat] = 1.79061e-14
++ Smallest FDR q [20 past_present_self_GLT#0_Tstat] = 5.60074e-12
++ Smallest FDR q [21 past_present_self_GLT_Fstat] = 5.60074e-12
++ Smallest FDR q [23 future_present_self_GLT#0_Tstat] = 8.89401e-10
++ Smallest FDR q [24 future_present_self_GLT_Fstat] = 8.89723e-10
++ Smallest FDR q [26 self-nonself_GLT#0_Tstat] = 1.04782e-12
++ Smallest FDR q [27 self-nonself_GLT_Fstat] = 1.04793e-12
++ Wrote bucket dataset into /projects/b1081/NSF_HUBS/Nifti/derivatives/TaskStats_CIFTI_23.2.0/sub-HUBS10/task_glm_outputs/epiproj/stats/sub-HUBS10_ses-5_task-epiproj_stats.nii
 + created 19 FDR curves in bucket header
++ Wrote 3D+time dataset into /projects/b1081/NSF_HUBS/Nifti/derivatives/TaskStats_CIFTI_23.2.0/sub-HUBS10/task_glm_outputs/epiproj/stats/sub-HUBS10_ses-5_task-epiproj_fitts.nii
++ Wrote 3D+time dataset into /projects/b1081/NSF_HUBS/Nifti/derivatives/TaskStats_CIFTI_23.2.0/sub-HUBS10/task_glm_outputs/epiproj/stats/sub-HUBS10_ses-5_task-epiproj_errts.nii
++ Program finished; elapsed time=12.040
449
++ 3dcalc: AFNI version=AFNI_24.1.11 (May 10 2024) [64-bit]
++ Authored by: A cast of thousands
++ Output dataset /projects/b1081/NSF_HUBS/Nifti/derivatives/TaskStats_CIFTI_23.2.0/sub-HUBS10/task_glm_outputs/epiproj/stats/sub-HUBS10_ses-5_task-epiproj_zstats.nii
done fake nifti to cifti
done fake nifti to cifti
sub-HUBS10_ses-6_task-epiproj_LR_surf_subcort_222_32k_fsLR_smooth1
done fake nifti
++ 3dTstat: AFNI version=AFNI_24.1.11 (May 10 2024) [64-bit]
++ Authored by: KR Hammett & RW Cox
++ Output dataset ./sub-HUBS10_ses-6_task-epiproj_LR_surf_subcort_222_32k_fsLR_smooth1_mean.nii
++ 3dcalc: AFNI version=AFNI_24.1.11 (May 10 2024) [64-bit]
++ Authored by: A cast of thousands
++ Output dataset ./sub-HUBS10_ses-6_task-epiproj_LR_surf_subcort_222_32k_fsLR_smooth1_scale.nii
++ 3dDeconvolve: AFNI version=AFNI_24.1.11 (May 10 2024) [64-bit]
++ Authored by: B. Douglas Ward, et al.
++ loading dataset /projects/b1081/NSF_HUBS/Nifti/derivatives/TaskStats_CIFTI_23.2.0/sub-HUBS10/task_glm_outputs/epiproj/scale/sub-HUBS10_ses-6_task-epiproj_LR_surf_subcort_222_32k_fsLR_smooth1_scale.nii
++ forcibly using TR=1.3550 seconds for -input dataset
++ Skipping check for initial transients
++ Imaging duration=624.7 s; Automatic polort=5
++ -stim_times using TR=1.355 s for stimulus timing conversion
++ -stim_times using TR=1.355 s for any -iresp output datasets
++  [you can alter the -iresp TR via the -TR_times option]
++ ** -stim_times NOTE ** guessing GLOBAL times if 1 time per line; LOCAL otherwise
++ ** GUESSED ** -stim_times 1 using LOCAL times
++ ** GUESSED ** -stim_times 2 using LOCAL times
++ ** GUESSED ** -stim_times 3 using LOCAL times
++ ** GUESSED ** -stim_times 4 using LOCAL times
++ ** GUESSED ** -stim_times 5 using LOCAL times
++ ** GUESSED ** -stim_times 6 using LOCAL times
------------------------------------------------------------
GLT matrix from 'SYM: pastself -presentself':
   0   0   0   0   0   0   0  -1   1   0   0   0 
 
------------------------------------------------------------
GLT matrix from 'SYM: futureself -presentself':
   0   0   0   0   0   0   1  -1   0   0   0   0 
 
------------------------------------------------------------
GLT matrix from 'SYM: futureself +pastself +presentself -futurenonself -pastnonself -presentnonself':
   0   0   0   0   0   0   1   1   1  -1  -1  -1 
 
++ Number of time points: 461 (no censoring)
 + Number of parameters:  12 [6 baseline ; 6 signal]
++ total shared memory needed = 373,543,800 bytes (about 374 million)
++ mmap() memory allocated: 373,543,800 bytes (about 374 million)
++ Memory required for output bricks = 373,543,800 bytes (about 374 million)
++ Wrote matrix image to file /projects/b1081/NSF_HUBS/Nifti/derivatives/TaskStats_CIFTI_23.2.0/sub-HUBS10/task_glm_outputs/epiproj/stats/sub-HUBS10_ses-6_task-epiproj_X.jpg
++ Wrote matrix values to file /projects/b1081/NSF_HUBS/Nifti/derivatives/TaskStats_CIFTI_23.2.0/sub-HUBS10/task_glm_outputs/epiproj/stats/sub-HUBS10_ses-6_task-epiproj_X.xmat.1D
++ ========= Things you can do with the matrix file =========
++ (a) Linear regression with ARMA(1,1) modeling of serial correlation:

3dREMLfit -matrix /projects/b1081/NSF_HUBS/Nifti/derivatives/TaskStats_CIFTI_23.2.0/sub-HUBS10/task_glm_outputs/epiproj/stats/sub-HUBS10_ses-6_task-epiproj_X.xmat.1D -input /projects/b1081/NSF_HUBS/Nifti/derivatives/TaskStats_CIFTI_23.2.0/sub-HUBS10/task_glm_outputs/epiproj/scale/sub-HUBS10_ses-6_task-epiproj_LR_surf_subcort_222_32k_fsLR_smooth1_scale.nii \
 -fout -tout -Rbuck /projects/b1081/NSF_HUBS/Nifti/derivatives/TaskStats_CIFTI_23.2.0/sub-HUBS10/task_glm_outputs/epiproj/stats/sub-HUBS10_ses-6_task-epiproj_stats_REML -Rvar /projects/b1081/NSF_HUBS/Nifti/derivatives/TaskStats_CIFTI_23.2.0/sub-HUBS10/task_glm_outputs/epiproj/stats/sub-HUBS10_ses-6_task-epiproj_stats_REMLvar \
 -Rfitts /projects/b1081/NSF_HUBS/Nifti/derivatives/TaskStats_CIFTI_23.2.0/sub-HUBS10/task_glm_outputs/epiproj/stats/sub-HUBS10_ses-6_task-epiproj_fitts_REML \
 -Rerrts /projects/b1081/NSF_HUBS/Nifti/derivatives/TaskStats_CIFTI_23.2.0/sub-HUBS10/task_glm_outputs/epiproj/stats/sub-HUBS10_ses-6_task-epiproj_errts_REML -verb
 
++ N.B.: 3dREMLfit command above written to file /projects/b1081/NSF_HUBS/Nifti/derivatives/TaskStats_CIFTI_23.REML_cmd
++ (b) Visualization/analysis of the matrix via ExamineXmat.R
++ (c) Synthesis of sub-model datasets using 3dSynthesize
++ ==========================================================
++ ----- Signal+Baseline matrix condition [X] (461x12):  1.74632  ++ VERY GOOD ++
++ ----- Signal-only matrix condition [X] (461x6):  1.00021  ++ VERY GOOD ++
++ ----- Baseline-only matrix condition [X] (461x6):  1.01182  ++ VERY GOOD ++
++ ----- polort-only matrix condition [X] (461x6):  1.01182  ++ VERY GOOD ++
++ +++++ Matrix inverse average error = 4.55365e-16  ++ VERY GOOD ++
++ Matrix setup time = 1.00 s
++ Voxels in dataset: 98301
++ Voxels per job:    12287
++ Job #1: processing voxels 12287 to 24573; elapsed time=1.533
++ Job #2: processing voxels 24574 to 36860; elapsed time=1.547
++ Job #3: processing voxels 36861 to 49147; elapsed time=1.561
++ Job #4: processing voxels 49148 to 61434; elapsed time=1.576
++ Job #5: processing voxels 61435 to 73721; elapsed time=1.590
++ Job #6: processing voxels 73722 to 86008; elapsed time=1.605
++ Job #7: processing voxels 86009 to 98300; elapsed time=1.621
++ Job #0: processing voxels 0 to 12286; elapsed time=1.631
++ voxel loop:0123456789.0123456789.0123456789.0123456789.01234++ Job #1 finished; elapsed time=2.375
++ Job #2 finished; elapsed time=2.384
56++ Job #3 finished; elapsed time=2.405
++ Job #4 finished; elapsed time=2.415
7++ Job #5 finished; elapsed time=2.437
8++ Job #6 finished; elapsed time=2.442
9.
++ Job #0 waiting for children to finish; elapsed time=2.458
++ Job #7 finished; elapsed time=2.471
++ Job #0 now finishing up; elapsed time=2.479
++ Smallest FDR q [0 Full_Fstat] = 5.29122e-15
++ Smallest FDR q [2 futureself#0_Tstat] = 2.83636e-14
++ Smallest FDR q [3 futureself_Fstat] = 2.83636e-14
++ Smallest FDR q [5 presentself#0_Tstat] = 3.00619e-14
++ Smallest FDR q [6 presentself_Fstat] = 3.00614e-14
++ Smallest FDR q [8 pastself#0_Tstat] = 1.69527e-14
++ Smallest FDR q [9 pastself_Fstat] = 1.69519e-14
++ Smallest FDR q [11 futurenonself#0_Tstat] = 3.12081e-14
++ Smallest FDR q [12 futurenonself_Fstat] = 3.12023e-14
++ Smallest FDR q [14 presentnonself#0_Tstat] = 2.14556e-14
++ Smallest FDR q [15 presentnonself_Fstat] = 2.14566e-14
++ Smallest FDR q [17 pastnonself#0_Tstat] = 2.77075e-14
++ Smallest FDR q [18 pastnonself_Fstat] = 2.77075e-14
++ Smallest FDR q [20 past_present_self_GLT#0_Tstat] = 4.75957e-07
++ Smallest FDR q [21 past_present_self_GLT_Fstat] = 4.75957e-07
++ Smallest FDR q [23 future_present_self_GLT#0_Tstat] = 0.000983716
++ Smallest FDR q [24 future_present_self_GLT_Fstat] = 0.000983637
++ Smallest FDR q [26 self-nonself_GLT#0_Tstat] = 1.86908e-13
++ Smallest FDR q [27 self-nonself_GLT_Fstat] = 1.86892e-13
++ Wrote bucket dataset into /projects/b1081/NSF_HUBS/Nifti/derivatives/TaskStats_CIFTI_23.2.0/sub-HUBS10/task_glm_outputs/epiproj/stats/sub-HUBS10_ses-6_task-epiproj_stats.nii
 + created 19 FDR curves in bucket header
++ Wrote 3D+time dataset into /projects/b1081/NSF_HUBS/Nifti/derivatives/TaskStats_CIFTI_23.2.0/sub-HUBS10/task_glm_outputs/epiproj/stats/sub-HUBS10_ses-6_task-epiproj_fitts.nii
++ Wrote 3D+time dataset into /projects/b1081/NSF_HUBS/Nifti/derivatives/TaskStats_CIFTI_23.2.0/sub-HUBS10/task_glm_outputs/epiproj/stats/sub-HUBS10_ses-6_task-epiproj_errts.nii
++ Program finished; elapsed time=12.163
449
++ 3dcalc: AFNI version=AFNI_24.1.11 (May 10 2024) [64-bit]
++ Authored by: A cast of thousands
++ Output dataset /projects/b1081/NSF_HUBS/Nifti/derivatives/TaskStats_CIFTI_23.2.0/sub-HUBS10/task_glm_outputs/epiproj/stats/sub-HUBS10_ses-6_task-epiproj_zstats.nii
done fake nifti to cifti
done fake nifti to cifti
